<?xml version="1.0" encoding="UTF-8"?>
<testsuite name="dev.PlanningProject.controllers.GroupControllerTest" tests="4" skipped="0" failures="0" errors="0" timestamp="2025-02-01T23:15:35" hostname="DESKTOP-7MQ8LFA" time="1.774">
  <properties/>
  <testcase name="testDeleteGroup(GroupService)" classname="dev.PlanningProject.controllers.GroupControllerTest" time="1.218"/>
  <testcase name="testIsGroupCreator(GroupService)" classname="dev.PlanningProject.controllers.GroupControllerTest" time="0.143"/>
  <testcase name="testCreateGroup()" classname="dev.PlanningProject.controllers.GroupControllerTest" time="0.236"/>
  <testcase name="testGetAllGroups(GroupService)" classname="dev.PlanningProject.controllers.GroupControllerTest" time="0.173"/>
  <system-out><![CDATA[02:15:27.067 [Test worker] INFO org.springframework.test.context.support.AnnotationConfigContextLoaderUtils -- Could not detect default configuration classes for test class [dev.PlanningProject.controllers.GroupControllerTest]: GroupControllerTest does not declare any static, non-private, non-final, nested classes annotated with @Configuration.
02:15:27.236 [Test worker] INFO org.springframework.boot.test.context.SpringBootTestContextBootstrapper -- Found @SpringBootConfiguration dev.PlanningProject.PlanningProjectApplication for test class dev.PlanningProject.controllers.GroupControllerTest

  .   ____          _            __ _ _
 /\\ / ___'_ __ _ _(_)_ __  __ _ \ \ \ \
( ( )\___ | '_ | '_| | '_ \/ _` | \ \ \ \
 \\/  ___)| |_)| | | | | || (_| |  ) ) ) )
  '  |____| .__|_| |_|_| |_\__, | / / / /
 =========|_|==============|___/=/_/_/_/

 :: Spring Boot ::                (v3.3.5)

2025-02-02T02:15:27.782+03:00  INFO 2508 --- [PlanningProject] [    Test worker] d.P.controllers.GroupControllerTest      : Starting GroupControllerTest using Java 21.0.6 with PID 2508 (started by Alexey in C:\Users\Alexey\IdeaProjects\PlanningProject)
2025-02-02T02:15:27.784+03:00  INFO 2508 --- [PlanningProject] [    Test worker] d.P.controllers.GroupControllerTest      : The following 1 profile is active: "test"
2025-02-02T02:15:28.690+03:00  INFO 2508 --- [PlanningProject] [    Test worker] .s.d.r.c.RepositoryConfigurationDelegate : Bootstrapping Spring Data JPA repositories in DEFAULT mode.
2025-02-02T02:15:28.790+03:00  INFO 2508 --- [PlanningProject] [    Test worker] .s.d.r.c.RepositoryConfigurationDelegate : Finished Spring Data repository scanning in 90 ms. Found 5 JPA repository interfaces.
2025-02-02T02:15:29.112+03:00  INFO 2508 --- [PlanningProject] [    Test worker] org.testcontainers.images.PullPolicy     : Image pull policy will be performed by: DefaultPullPolicy()
2025-02-02T02:15:29.116+03:00  INFO 2508 --- [PlanningProject] [    Test worker] o.t.utility.ImageNameSubstitutor         : Image name substitution will be performed by: DefaultImageNameSubstitutor (composite of 'ConfigurationFileImageNameSubstitutor' and 'PrefixingImageNameSubstitutor')
2025-02-02T02:15:29.578+03:00  INFO 2508 --- [PlanningProject] [    Test worker] o.hibernate.jpa.internal.util.LogHelper  : HHH000204: Processing PersistenceUnitInfo [name: default]
2025-02-02T02:15:29.669+03:00  INFO 2508 --- [PlanningProject] [    Test worker] org.hibernate.Version                    : HHH000412: Hibernate ORM core version 6.5.3.Final
2025-02-02T02:15:29.717+03:00  INFO 2508 --- [PlanningProject] [    Test worker] o.h.c.internal.RegionFactoryInitiator    : HHH000026: Second-level cache disabled
2025-02-02T02:15:30.193+03:00  INFO 2508 --- [PlanningProject] [    Test worker] o.s.o.j.p.SpringPersistenceUnitInfo      : No LoadTimeWeaver setup: ignoring JPA class transformer
2025-02-02T02:15:30.236+03:00  INFO 2508 --- [PlanningProject] [    Test worker] com.zaxxer.hikari.HikariDataSource       : HikariPool-1 - Starting...
2025-02-02T02:15:30.485+03:00  INFO 2508 --- [PlanningProject] [    Test worker] com.zaxxer.hikari.pool.HikariPool        : HikariPool-1 - Added connection org.postgresql.jdbc.PgConnection@2ecdcfe3
2025-02-02T02:15:30.487+03:00  INFO 2508 --- [PlanningProject] [    Test worker] com.zaxxer.hikari.HikariDataSource       : HikariPool-1 - Start completed.
2025-02-02T02:15:32.101+03:00  INFO 2508 --- [PlanningProject] [    Test worker] o.h.e.t.j.p.i.JtaPlatformInitiator       : HHH000489: No JTA platform available (set 'hibernate.transaction.jta.platform' to enable JTA platform integration)
2025-02-02T02:15:32.310+03:00  INFO 2508 --- [PlanningProject] [    Test worker] j.LocalContainerEntityManagerFactoryBean : Initialized JPA EntityManagerFactory for persistence unit 'default'
2025-02-02T02:15:32.665+03:00  INFO 2508 --- [PlanningProject] [    Test worker] o.s.d.j.r.query.QueryEnhancerFactory     : Hibernate is in classpath; If applicable, HQL parser will be used.
2025-02-02T02:15:33.667+03:00  INFO 2508 --- [PlanningProject] [    Test worker] r$InitializeUserDetailsManagerConfigurer : Global AuthenticationManager configured with UserDetailsService bean with name jwtUserDetailsService
2025-02-02T02:15:33.753+03:00  WARN 2508 --- [PlanningProject] [    Test worker] JpaBaseConfiguration$JpaWebConfiguration : spring.jpa.open-in-view is enabled by default. Therefore, database queries may be performed during view rendering. Explicitly configure spring.jpa.open-in-view to disable this warning
2025-02-02T02:15:35.033+03:00  INFO 2508 --- [PlanningProject] [    Test worker] o.s.b.t.m.w.SpringBootMockServletContext : Initializing Spring TestDispatcherServlet ''
2025-02-02T02:15:35.034+03:00  INFO 2508 --- [PlanningProject] [    Test worker] o.s.t.web.servlet.TestDispatcherServlet  : Initializing Servlet ''
2025-02-02T02:15:35.036+03:00  INFO 2508 --- [PlanningProject] [    Test worker] o.s.t.web.servlet.TestDispatcherServlet  : Completed initialization in 2 ms
2025-02-02T02:15:35.072+03:00  INFO 2508 --- [PlanningProject] [    Test worker] d.P.controllers.GroupControllerTest      : Started GroupControllerTest in 7.64 seconds (process running for 9.287)
]]></system-out>
  <system-err><![CDATA[WARNING: A Java agent has been loaded dynamically (C:\Users\Alexey\.gradle\caches\modules-2\files-2.1\net.bytebuddy\byte-buddy-agent\1.14.19\154da3a65b4f4a909d3e5bdec55d1b2b4cbb6ce1\byte-buddy-agent-1.14.19.jar)
WARNING: If a serviceability tool is in use, please run with -XX:+EnableDynamicAgentLoading to hide this warning
WARNING: If a serviceability tool is not in use, please run with -Djdk.instrument.traceUsage for more information
WARNING: Dynamic loading of agents will be disallowed by default in a future release
]]></system-err>
</testsuite>
