<?xml version="1.0" encoding="UTF-8"?>
<testsuite name="dev.PlanningProject.controllers.PurchaseControllerTest" tests="5" skipped="0" failures="0" errors="0" timestamp="2025-02-11T14:16:25" hostname="DESKTOP-BNO4RHE" time="0.809">
  <properties/>
  <testcase name="testCreatePurchaseInTask(TaskService, GroupService)" classname="dev.PlanningProject.controllers.PurchaseControllerTest" time="0.255"/>
  <testcase name="testGetPurchase(PurchaseService, GroupService)" classname="dev.PlanningProject.controllers.PurchaseControllerTest" time="0.153"/>
  <testcase name="testGetPurchaseIdByProductId(PurchaseService, GroupService)" classname="dev.PlanningProject.controllers.PurchaseControllerTest" time="0.125"/>
  <testcase name="testGetAllPurchases(PurchaseService, GroupService)" classname="dev.PlanningProject.controllers.PurchaseControllerTest" time="0.147"/>
  <testcase name="testCreatePurchase(GroupService)" classname="dev.PlanningProject.controllers.PurchaseControllerTest" time="0.125"/>
  <system-out><![CDATA[2025-02-11T17:16:22.630+03:00  INFO 7312 --- [PlanningProject] [    Test worker] t.c.s.AnnotationConfigContextLoaderUtils : Could not detect default configuration classes for test class [dev.PlanningProject.controllers.PurchaseControllerTest]: PurchaseControllerTest does not declare any static, non-private, non-final, nested classes annotated with @Configuration.
2025-02-11T17:16:22.639+03:00  INFO 7312 --- [PlanningProject] [    Test worker] .b.t.c.SpringBootTestContextBootstrapper : Found @SpringBootConfiguration dev.PlanningProject.PlanningProjectApplication for test class dev.PlanningProject.controllers.PurchaseControllerTest
2025-02-11T17:16:22.642+03:00  INFO 7312 --- [PlanningProject] [    Test worker] tc.postgres:15                           : Creating container for image: postgres:15
2025-02-11T17:16:22.774+03:00  INFO 7312 --- [PlanningProject] [    Test worker] tc.postgres:15                           : Container postgres:15 is starting: f76f2b7d7c5d7c97ece352d88004e05c26009e5cb3507d8c1e912fe817d3ba9d
2025-02-11T17:16:24.476+03:00  INFO 7312 --- [PlanningProject] [    Test worker] tc.postgres:15                           : Container postgres:15 started in PT1.8342477S
2025-02-11T17:16:24.476+03:00  INFO 7312 --- [PlanningProject] [    Test worker] tc.postgres:15                           : Container is started (JDBC URL: jdbc:postgresql://localhost:52483/test?loggerLevel=OFF)

  .   ____          _            __ _ _
 /\\ / ___'_ __ _ _(_)_ __  __ _ \ \ \ \
( ( )\___ | '_ | '_| | '_ \/ _` | \ \ \ \
 \\/  ___)| |_)| | | | | || (_| |  ) ) ) )
  '  |____| .__|_| |_|_| |_\__, | / / / /
 =========|_|==============|___/=/_/_/_/

 :: Spring Boot ::                (v3.3.5)

2025-02-11T17:16:24.487+03:00  INFO 7312 --- [PlanningProject] [    Test worker] d.P.controllers.PurchaseControllerTest   : Starting PurchaseControllerTest using Java 21.0.6 with PID 7312 (started by Алексей in C:\Projects\PlanningProject)
2025-02-11T17:16:24.487+03:00  INFO 7312 --- [PlanningProject] [    Test worker] d.P.controllers.PurchaseControllerTest   : No active profile set, falling back to 1 default profile: "default"
2025-02-11T17:16:24.674+03:00  INFO 7312 --- [PlanningProject] [    Test worker] .s.d.r.c.RepositoryConfigurationDelegate : Bootstrapping Spring Data JPA repositories in DEFAULT mode.
2025-02-11T17:16:24.718+03:00  INFO 7312 --- [PlanningProject] [    Test worker] .s.d.r.c.RepositoryConfigurationDelegate : Finished Spring Data repository scanning in 41 ms. Found 6 JPA repository interfaces.
2025-02-11T17:16:24.812+03:00  INFO 7312 --- [PlanningProject] [    Test worker] o.hibernate.jpa.internal.util.LogHelper  : HHH000204: Processing PersistenceUnitInfo [name: default]
2025-02-11T17:16:24.812+03:00  INFO 7312 --- [PlanningProject] [    Test worker] o.h.c.internal.RegionFactoryInitiator    : HHH000026: Second-level cache disabled
2025-02-11T17:16:24.828+03:00  INFO 7312 --- [PlanningProject] [    Test worker] o.s.o.j.p.SpringPersistenceUnitInfo      : No LoadTimeWeaver setup: ignoring JPA class transformer
2025-02-11T17:16:24.829+03:00  INFO 7312 --- [PlanningProject] [    Test worker] com.zaxxer.hikari.HikariDataSource       : HikariPool-3 - Starting...
2025-02-11T17:16:24.847+03:00  INFO 7312 --- [PlanningProject] [    Test worker] com.zaxxer.hikari.pool.HikariPool        : HikariPool-3 - Added connection org.postgresql.jdbc.PgConnection@143cb21
2025-02-11T17:16:24.847+03:00  INFO 7312 --- [PlanningProject] [    Test worker] com.zaxxer.hikari.HikariDataSource       : HikariPool-3 - Start completed.
2025-02-11T17:16:24.985+03:00  INFO 7312 --- [PlanningProject] [    Test worker] o.h.e.t.j.p.i.JtaPlatformInitiator       : HHH000489: No JTA platform available (set 'hibernate.transaction.jta.platform' to enable JTA platform integration)
2025-02-11T17:16:24.990+03:00  WARN 7312 --- [PlanningProject] [    Test worker] o.h.engine.jdbc.spi.SqlExceptionHelper   : SQL Warning Code: 0, SQLState: 00000
2025-02-11T17:16:24.991+03:00  WARN 7312 --- [PlanningProject] [    Test worker] o.h.engine.jdbc.spi.SqlExceptionHelper   : relation "groups" does not exist, skipping
2025-02-11T17:16:24.992+03:00  WARN 7312 --- [PlanningProject] [    Test worker] o.h.engine.jdbc.spi.SqlExceptionHelper   : SQL Warning Code: 0, SQLState: 00000
2025-02-11T17:16:24.992+03:00  WARN 7312 --- [PlanningProject] [    Test worker] o.h.engine.jdbc.spi.SqlExceptionHelper   : relation "products" does not exist, skipping
2025-02-11T17:16:24.993+03:00  WARN 7312 --- [PlanningProject] [    Test worker] o.h.engine.jdbc.spi.SqlExceptionHelper   : SQL Warning Code: 0, SQLState: 00000
2025-02-11T17:16:24.993+03:00  WARN 7312 --- [PlanningProject] [    Test worker] o.h.engine.jdbc.spi.SqlExceptionHelper   : relation "products_in_plane" does not exist, skipping
2025-02-11T17:16:24.995+03:00  WARN 7312 --- [PlanningProject] [    Test worker] o.h.engine.jdbc.spi.SqlExceptionHelper   : SQL Warning Code: 0, SQLState: 00000
2025-02-11T17:16:24.995+03:00  WARN 7312 --- [PlanningProject] [    Test worker] o.h.engine.jdbc.spi.SqlExceptionHelper   : relation "products_in_plane" does not exist, skipping
2025-02-11T17:16:24.997+03:00  WARN 7312 --- [PlanningProject] [    Test worker] o.h.engine.jdbc.spi.SqlExceptionHelper   : SQL Warning Code: 0, SQLState: 00000
2025-02-11T17:16:24.997+03:00  WARN 7312 --- [PlanningProject] [    Test worker] o.h.engine.jdbc.spi.SqlExceptionHelper   : relation "purchases" does not exist, skipping
2025-02-11T17:16:24.998+03:00  WARN 7312 --- [PlanningProject] [    Test worker] o.h.engine.jdbc.spi.SqlExceptionHelper   : SQL Warning Code: 0, SQLState: 00000
2025-02-11T17:16:24.998+03:00  WARN 7312 --- [PlanningProject] [    Test worker] o.h.engine.jdbc.spi.SqlExceptionHelper   : relation "purchases" does not exist, skipping
2025-02-11T17:16:25.000+03:00  WARN 7312 --- [PlanningProject] [    Test worker] o.h.engine.jdbc.spi.SqlExceptionHelper   : SQL Warning Code: 0, SQLState: 00000
2025-02-11T17:16:25.000+03:00  WARN 7312 --- [PlanningProject] [    Test worker] o.h.engine.jdbc.spi.SqlExceptionHelper   : relation "purchases" does not exist, skipping
2025-02-11T17:16:25.005+03:00  WARN 7312 --- [PlanningProject] [    Test worker] o.h.engine.jdbc.spi.SqlExceptionHelper   : SQL Warning Code: 0, SQLState: 00000
2025-02-11T17:16:25.005+03:00  WARN 7312 --- [PlanningProject] [    Test worker] o.h.engine.jdbc.spi.SqlExceptionHelper   : relation "tasks" does not exist, skipping
2025-02-11T17:16:25.007+03:00  WARN 7312 --- [PlanningProject] [    Test worker] o.h.engine.jdbc.spi.SqlExceptionHelper   : SQL Warning Code: 0, SQLState: 00000
2025-02-11T17:16:25.007+03:00  WARN 7312 --- [PlanningProject] [    Test worker] o.h.engine.jdbc.spi.SqlExceptionHelper   : relation "tasks" does not exist, skipping
2025-02-11T17:16:25.008+03:00  WARN 7312 --- [PlanningProject] [    Test worker] o.h.engine.jdbc.spi.SqlExceptionHelper   : SQL Warning Code: 0, SQLState: 00000
2025-02-11T17:16:25.008+03:00  WARN 7312 --- [PlanningProject] [    Test worker] o.h.engine.jdbc.spi.SqlExceptionHelper   : relation "user_groups" does not exist, skipping
2025-02-11T17:16:25.009+03:00  WARN 7312 --- [PlanningProject] [    Test worker] o.h.engine.jdbc.spi.SqlExceptionHelper   : SQL Warning Code: 0, SQLState: 00000
2025-02-11T17:16:25.009+03:00  WARN 7312 --- [PlanningProject] [    Test worker] o.h.engine.jdbc.spi.SqlExceptionHelper   : relation "user_groups" does not exist, skipping
2025-02-11T17:16:25.011+03:00  WARN 7312 --- [PlanningProject] [    Test worker] o.h.engine.jdbc.spi.SqlExceptionHelper   : SQL Warning Code: 0, SQLState: 00000
2025-02-11T17:16:25.012+03:00  WARN 7312 --- [PlanningProject] [    Test worker] o.h.engine.jdbc.spi.SqlExceptionHelper   : relation "users" does not exist, skipping
2025-02-11T17:16:25.013+03:00  WARN 7312 --- [PlanningProject] [    Test worker] o.h.engine.jdbc.spi.SqlExceptionHelper   : SQL Warning Code: 0, SQLState: 00000
2025-02-11T17:16:25.013+03:00  WARN 7312 --- [PlanningProject] [    Test worker] o.h.engine.jdbc.spi.SqlExceptionHelper   : relation "users_credentials" does not exist, skipping
2025-02-11T17:16:25.014+03:00  WARN 7312 --- [PlanningProject] [    Test worker] o.h.engine.jdbc.spi.SqlExceptionHelper   : SQL Warning Code: 0, SQLState: 00000
2025-02-11T17:16:25.014+03:00  WARN 7312 --- [PlanningProject] [    Test worker] o.h.engine.jdbc.spi.SqlExceptionHelper   : table "groups" does not exist, skipping
2025-02-11T17:16:25.016+03:00  WARN 7312 --- [PlanningProject] [    Test worker] o.h.engine.jdbc.spi.SqlExceptionHelper   : SQL Warning Code: 0, SQLState: 00000
2025-02-11T17:16:25.016+03:00  WARN 7312 --- [PlanningProject] [    Test worker] o.h.engine.jdbc.spi.SqlExceptionHelper   : table "passwords" does not exist, skipping
2025-02-11T17:16:25.017+03:00  WARN 7312 --- [PlanningProject] [    Test worker] o.h.engine.jdbc.spi.SqlExceptionHelper   : SQL Warning Code: 0, SQLState: 00000
2025-02-11T17:16:25.017+03:00  WARN 7312 --- [PlanningProject] [    Test worker] o.h.engine.jdbc.spi.SqlExceptionHelper   : table "products" does not exist, skipping
2025-02-11T17:16:25.018+03:00  WARN 7312 --- [PlanningProject] [    Test worker] o.h.engine.jdbc.spi.SqlExceptionHelper   : SQL Warning Code: 0, SQLState: 00000
2025-02-11T17:16:25.018+03:00  WARN 7312 --- [PlanningProject] [    Test worker] o.h.engine.jdbc.spi.SqlExceptionHelper   : table "products_in_plane" does not exist, skipping
2025-02-11T17:16:25.019+03:00  WARN 7312 --- [PlanningProject] [    Test worker] o.h.engine.jdbc.spi.SqlExceptionHelper   : SQL Warning Code: 0, SQLState: 00000
2025-02-11T17:16:25.019+03:00  WARN 7312 --- [PlanningProject] [    Test worker] o.h.engine.jdbc.spi.SqlExceptionHelper   : table "purchases" does not exist, skipping
2025-02-11T17:16:25.021+03:00  WARN 7312 --- [PlanningProject] [    Test worker] o.h.engine.jdbc.spi.SqlExceptionHelper   : SQL Warning Code: 0, SQLState: 00000
2025-02-11T17:16:25.021+03:00  WARN 7312 --- [PlanningProject] [    Test worker] o.h.engine.jdbc.spi.SqlExceptionHelper   : table "tasks" does not exist, skipping
2025-02-11T17:16:25.021+03:00  WARN 7312 --- [PlanningProject] [    Test worker] o.h.engine.jdbc.spi.SqlExceptionHelper   : SQL Warning Code: 0, SQLState: 00000
2025-02-11T17:16:25.021+03:00  WARN 7312 --- [PlanningProject] [    Test worker] o.h.engine.jdbc.spi.SqlExceptionHelper   : table "user_groups" does not exist, skipping
2025-02-11T17:16:25.021+03:00  WARN 7312 --- [PlanningProject] [    Test worker] o.h.engine.jdbc.spi.SqlExceptionHelper   : SQL Warning Code: 0, SQLState: 00000
2025-02-11T17:16:25.021+03:00  WARN 7312 --- [PlanningProject] [    Test worker] o.h.engine.jdbc.spi.SqlExceptionHelper   : table "users" does not exist, skipping
2025-02-11T17:16:25.024+03:00  WARN 7312 --- [PlanningProject] [    Test worker] o.h.engine.jdbc.spi.SqlExceptionHelper   : SQL Warning Code: 0, SQLState: 00000
2025-02-11T17:16:25.024+03:00  WARN 7312 --- [PlanningProject] [    Test worker] o.h.engine.jdbc.spi.SqlExceptionHelper   : table "users_credentials" does not exist, skipping
2025-02-11T17:16:25.024+03:00  WARN 7312 --- [PlanningProject] [    Test worker] o.h.engine.jdbc.spi.SqlExceptionHelper   : SQL Warning Code: 0, SQLState: 00000
2025-02-11T17:16:25.024+03:00  WARN 7312 --- [PlanningProject] [    Test worker] o.h.engine.jdbc.spi.SqlExceptionHelper   : sequence "groups_seq" does not exist, skipping
2025-02-11T17:16:25.024+03:00  WARN 7312 --- [PlanningProject] [    Test worker] o.h.engine.jdbc.spi.SqlExceptionHelper   : SQL Warning Code: 0, SQLState: 00000
2025-02-11T17:16:25.024+03:00  WARN 7312 --- [PlanningProject] [    Test worker] o.h.engine.jdbc.spi.SqlExceptionHelper   : sequence "passwords_seq" does not exist, skipping
2025-02-11T17:16:25.024+03:00  WARN 7312 --- [PlanningProject] [    Test worker] o.h.engine.jdbc.spi.SqlExceptionHelper   : SQL Warning Code: 0, SQLState: 00000
2025-02-11T17:16:25.024+03:00  WARN 7312 --- [PlanningProject] [    Test worker] o.h.engine.jdbc.spi.SqlExceptionHelper   : sequence "products_in_plane_seq" does not exist, skipping
2025-02-11T17:16:25.030+03:00  WARN 7312 --- [PlanningProject] [    Test worker] o.h.engine.jdbc.spi.SqlExceptionHelper   : SQL Warning Code: 0, SQLState: 00000
2025-02-11T17:16:25.030+03:00  WARN 7312 --- [PlanningProject] [    Test worker] o.h.engine.jdbc.spi.SqlExceptionHelper   : sequence "products_seq" does not exist, skipping
2025-02-11T17:16:25.032+03:00  WARN 7312 --- [PlanningProject] [    Test worker] o.h.engine.jdbc.spi.SqlExceptionHelper   : SQL Warning Code: 0, SQLState: 00000
2025-02-11T17:16:25.032+03:00  WARN 7312 --- [PlanningProject] [    Test worker] o.h.engine.jdbc.spi.SqlExceptionHelper   : sequence "purchases_seq" does not exist, skipping
2025-02-11T17:16:25.032+03:00  WARN 7312 --- [PlanningProject] [    Test worker] o.h.engine.jdbc.spi.SqlExceptionHelper   : SQL Warning Code: 0, SQLState: 00000
2025-02-11T17:16:25.032+03:00  WARN 7312 --- [PlanningProject] [    Test worker] o.h.engine.jdbc.spi.SqlExceptionHelper   : sequence "tasks_seq" does not exist, skipping
2025-02-11T17:16:25.032+03:00  WARN 7312 --- [PlanningProject] [    Test worker] o.h.engine.jdbc.spi.SqlExceptionHelper   : SQL Warning Code: 0, SQLState: 00000
2025-02-11T17:16:25.032+03:00  WARN 7312 --- [PlanningProject] [    Test worker] o.h.engine.jdbc.spi.SqlExceptionHelper   : sequence "users_credentials_seq" does not exist, skipping
2025-02-11T17:16:25.032+03:00  WARN 7312 --- [PlanningProject] [    Test worker] o.h.engine.jdbc.spi.SqlExceptionHelper   : SQL Warning Code: 0, SQLState: 00000
2025-02-11T17:16:25.032+03:00  WARN 7312 --- [PlanningProject] [    Test worker] o.h.engine.jdbc.spi.SqlExceptionHelper   : sequence "users_seq" does not exist, skipping
2025-02-11T17:16:25.088+03:00  INFO 7312 --- [PlanningProject] [    Test worker] j.LocalContainerEntityManagerFactoryBean : Initialized JPA EntityManagerFactory for persistence unit 'default'
2025-02-11T17:16:25.204+03:00  INFO 7312 --- [PlanningProject] [    Test worker] r$InitializeUserDetailsManagerConfigurer : Global AuthenticationManager configured with UserDetailsService bean with name jwtUserDetailsService
2025-02-11T17:16:25.219+03:00  WARN 7312 --- [PlanningProject] [    Test worker] JpaBaseConfiguration$JpaWebConfiguration : spring.jpa.open-in-view is enabled by default. Therefore, database queries may be performed during view rendering. Explicitly configure spring.jpa.open-in-view to disable this warning
2025-02-11T17:16:25.454+03:00  INFO 7312 --- [PlanningProject] [    Test worker] o.s.b.t.m.w.SpringBootMockServletContext : Initializing Spring TestDispatcherServlet ''
2025-02-11T17:16:25.454+03:00  INFO 7312 --- [PlanningProject] [    Test worker] o.s.t.web.servlet.TestDispatcherServlet  : Initializing Servlet ''
2025-02-11T17:16:25.454+03:00  INFO 7312 --- [PlanningProject] [    Test worker] o.s.t.web.servlet.TestDispatcherServlet  : Completed initialization in 0 ms
2025-02-11T17:16:25.469+03:00  INFO 7312 --- [PlanningProject] [    Test worker] d.P.controllers.PurchaseControllerTest   : Started PurchaseControllerTest in 0.99 seconds (process running for 20.949)
]]></system-out>
  <system-err><![CDATA[]]></system-err>
</testsuite>
