<?xml version="1.0" encoding="UTF-8"?>
<testsuite name="dev.PlanningProject.controllers.PurchaseControllerTest" tests="5" skipped="0" failures="0" errors="0" timestamp="2025-02-08T09:14:08" hostname="DESKTOP-BNO4RHE" time="0.877">
  <properties/>
  <testcase name="testCreatePurchaseInTask(TaskService, GroupService)" classname="dev.PlanningProject.controllers.PurchaseControllerTest" time="0.278"/>
  <testcase name="testGetPurchase(PurchaseService, GroupService)" classname="dev.PlanningProject.controllers.PurchaseControllerTest" time="0.164"/>
  <testcase name="testGetPurchaseIdByProductId(PurchaseService, GroupService)" classname="dev.PlanningProject.controllers.PurchaseControllerTest" time="0.136"/>
  <testcase name="testGetAllPurchases(PurchaseService, GroupService)" classname="dev.PlanningProject.controllers.PurchaseControllerTest" time="0.166"/>
  <testcase name="testCreatePurchase(GroupService)" classname="dev.PlanningProject.controllers.PurchaseControllerTest" time="0.128"/>
  <system-out><![CDATA[2025-02-08T12:14:05.952+03:00  INFO 4660 --- [PlanningProject] [    Test worker] t.c.s.AnnotationConfigContextLoaderUtils : Could not detect default configuration classes for test class [dev.PlanningProject.controllers.PurchaseControllerTest]: PurchaseControllerTest does not declare any static, non-private, non-final, nested classes annotated with @Configuration.
2025-02-08T12:14:05.962+03:00  INFO 4660 --- [PlanningProject] [    Test worker] .b.t.c.SpringBootTestContextBootstrapper : Found @SpringBootConfiguration dev.PlanningProject.PlanningProjectApplication for test class dev.PlanningProject.controllers.PurchaseControllerTest
2025-02-08T12:14:05.965+03:00  INFO 4660 --- [PlanningProject] [    Test worker] tc.postgres:15                           : Creating container for image: postgres:15
2025-02-08T12:14:06.095+03:00  INFO 4660 --- [PlanningProject] [    Test worker] tc.postgres:15                           : Container postgres:15 is starting: d592690cac33550755e5f4c316536e8d6c0196d0a1e184b98d3cedbe674b3921
2025-02-08T12:14:07.661+03:00  INFO 4660 --- [PlanningProject] [    Test worker] tc.postgres:15                           : Container postgres:15 started in PT1.6953378S
2025-02-08T12:14:07.661+03:00  INFO 4660 --- [PlanningProject] [    Test worker] tc.postgres:15                           : Container is started (JDBC URL: jdbc:postgresql://localhost:53717/test?loggerLevel=OFF)

  .   ____          _            __ _ _
 /\\ / ___'_ __ _ _(_)_ __  __ _ \ \ \ \
( ( )\___ | '_ | '_| | '_ \/ _` | \ \ \ \
 \\/  ___)| |_)| | | | | || (_| |  ) ) ) )
  '  |____| .__|_| |_|_| |_\__, | / / / /
 =========|_|==============|___/=/_/_/_/

 :: Spring Boot ::                (v3.3.5)

2025-02-08T12:14:07.681+03:00  INFO 4660 --- [PlanningProject] [    Test worker] d.P.controllers.PurchaseControllerTest   : Starting PurchaseControllerTest using Java 21.0.6 with PID 4660 (started by Алексей in C:\Projects\PlanningProject)
2025-02-08T12:14:07.681+03:00  INFO 4660 --- [PlanningProject] [    Test worker] d.P.controllers.PurchaseControllerTest   : No active profile set, falling back to 1 default profile: "default"
2025-02-08T12:14:07.898+03:00  INFO 4660 --- [PlanningProject] [    Test worker] .s.d.r.c.RepositoryConfigurationDelegate : Bootstrapping Spring Data JPA repositories in DEFAULT mode.
2025-02-08T12:14:07.931+03:00  INFO 4660 --- [PlanningProject] [    Test worker] .s.d.r.c.RepositoryConfigurationDelegate : Finished Spring Data repository scanning in 32 ms. Found 5 JPA repository interfaces.
2025-02-08T12:14:08.051+03:00  INFO 4660 --- [PlanningProject] [    Test worker] o.hibernate.jpa.internal.util.LogHelper  : HHH000204: Processing PersistenceUnitInfo [name: default]
2025-02-08T12:14:08.054+03:00  INFO 4660 --- [PlanningProject] [    Test worker] o.h.c.internal.RegionFactoryInitiator    : HHH000026: Second-level cache disabled
2025-02-08T12:14:08.066+03:00  INFO 4660 --- [PlanningProject] [    Test worker] o.s.o.j.p.SpringPersistenceUnitInfo      : No LoadTimeWeaver setup: ignoring JPA class transformer
2025-02-08T12:14:08.068+03:00  INFO 4660 --- [PlanningProject] [    Test worker] com.zaxxer.hikari.HikariDataSource       : HikariPool-3 - Starting...
2025-02-08T12:14:08.087+03:00  INFO 4660 --- [PlanningProject] [    Test worker] com.zaxxer.hikari.pool.HikariPool        : HikariPool-3 - Added connection org.postgresql.jdbc.PgConnection@2caae5b5
2025-02-08T12:14:08.087+03:00  INFO 4660 --- [PlanningProject] [    Test worker] com.zaxxer.hikari.HikariDataSource       : HikariPool-3 - Start completed.
2025-02-08T12:14:08.247+03:00  INFO 4660 --- [PlanningProject] [    Test worker] o.h.e.t.j.p.i.JtaPlatformInitiator       : HHH000489: No JTA platform available (set 'hibernate.transaction.jta.platform' to enable JTA platform integration)
2025-02-08T12:14:08.250+03:00  WARN 4660 --- [PlanningProject] [    Test worker] o.h.engine.jdbc.spi.SqlExceptionHelper   : SQL Warning Code: 0, SQLState: 00000
2025-02-08T12:14:08.250+03:00  WARN 4660 --- [PlanningProject] [    Test worker] o.h.engine.jdbc.spi.SqlExceptionHelper   : relation "groups" does not exist, skipping
2025-02-08T12:14:08.251+03:00  WARN 4660 --- [PlanningProject] [    Test worker] o.h.engine.jdbc.spi.SqlExceptionHelper   : SQL Warning Code: 0, SQLState: 00000
2025-02-08T12:14:08.252+03:00  WARN 4660 --- [PlanningProject] [    Test worker] o.h.engine.jdbc.spi.SqlExceptionHelper   : relation "products" does not exist, skipping
2025-02-08T12:14:08.253+03:00  WARN 4660 --- [PlanningProject] [    Test worker] o.h.engine.jdbc.spi.SqlExceptionHelper   : SQL Warning Code: 0, SQLState: 00000
2025-02-08T12:14:08.253+03:00  WARN 4660 --- [PlanningProject] [    Test worker] o.h.engine.jdbc.spi.SqlExceptionHelper   : relation "products_in_plane" does not exist, skipping
2025-02-08T12:14:08.255+03:00  WARN 4660 --- [PlanningProject] [    Test worker] o.h.engine.jdbc.spi.SqlExceptionHelper   : SQL Warning Code: 0, SQLState: 00000
2025-02-08T12:14:08.255+03:00  WARN 4660 --- [PlanningProject] [    Test worker] o.h.engine.jdbc.spi.SqlExceptionHelper   : relation "products_in_plane" does not exist, skipping
2025-02-08T12:14:08.257+03:00  WARN 4660 --- [PlanningProject] [    Test worker] o.h.engine.jdbc.spi.SqlExceptionHelper   : SQL Warning Code: 0, SQLState: 00000
2025-02-08T12:14:08.257+03:00  WARN 4660 --- [PlanningProject] [    Test worker] o.h.engine.jdbc.spi.SqlExceptionHelper   : relation "purchases" does not exist, skipping
2025-02-08T12:14:08.258+03:00  WARN 4660 --- [PlanningProject] [    Test worker] o.h.engine.jdbc.spi.SqlExceptionHelper   : SQL Warning Code: 0, SQLState: 00000
2025-02-08T12:14:08.258+03:00  WARN 4660 --- [PlanningProject] [    Test worker] o.h.engine.jdbc.spi.SqlExceptionHelper   : relation "purchases" does not exist, skipping
2025-02-08T12:14:08.259+03:00  WARN 4660 --- [PlanningProject] [    Test worker] o.h.engine.jdbc.spi.SqlExceptionHelper   : SQL Warning Code: 0, SQLState: 00000
2025-02-08T12:14:08.259+03:00  WARN 4660 --- [PlanningProject] [    Test worker] o.h.engine.jdbc.spi.SqlExceptionHelper   : relation "purchases" does not exist, skipping
2025-02-08T12:14:08.261+03:00  WARN 4660 --- [PlanningProject] [    Test worker] o.h.engine.jdbc.spi.SqlExceptionHelper   : SQL Warning Code: 0, SQLState: 00000
2025-02-08T12:14:08.261+03:00  WARN 4660 --- [PlanningProject] [    Test worker] o.h.engine.jdbc.spi.SqlExceptionHelper   : relation "tasks" does not exist, skipping
2025-02-08T12:14:08.263+03:00  WARN 4660 --- [PlanningProject] [    Test worker] o.h.engine.jdbc.spi.SqlExceptionHelper   : SQL Warning Code: 0, SQLState: 00000
2025-02-08T12:14:08.263+03:00  WARN 4660 --- [PlanningProject] [    Test worker] o.h.engine.jdbc.spi.SqlExceptionHelper   : relation "tasks" does not exist, skipping
2025-02-08T12:14:08.264+03:00  WARN 4660 --- [PlanningProject] [    Test worker] o.h.engine.jdbc.spi.SqlExceptionHelper   : SQL Warning Code: 0, SQLState: 00000
2025-02-08T12:14:08.264+03:00  WARN 4660 --- [PlanningProject] [    Test worker] o.h.engine.jdbc.spi.SqlExceptionHelper   : relation "user_groups" does not exist, skipping
2025-02-08T12:14:08.267+03:00  WARN 4660 --- [PlanningProject] [    Test worker] o.h.engine.jdbc.spi.SqlExceptionHelper   : SQL Warning Code: 0, SQLState: 00000
2025-02-08T12:14:08.267+03:00  WARN 4660 --- [PlanningProject] [    Test worker] o.h.engine.jdbc.spi.SqlExceptionHelper   : relation "user_groups" does not exist, skipping
2025-02-08T12:14:08.268+03:00  WARN 4660 --- [PlanningProject] [    Test worker] o.h.engine.jdbc.spi.SqlExceptionHelper   : SQL Warning Code: 0, SQLState: 00000
2025-02-08T12:14:08.268+03:00  WARN 4660 --- [PlanningProject] [    Test worker] o.h.engine.jdbc.spi.SqlExceptionHelper   : relation "users" does not exist, skipping
2025-02-08T12:14:08.270+03:00  WARN 4660 --- [PlanningProject] [    Test worker] o.h.engine.jdbc.spi.SqlExceptionHelper   : SQL Warning Code: 0, SQLState: 00000
2025-02-08T12:14:08.270+03:00  WARN 4660 --- [PlanningProject] [    Test worker] o.h.engine.jdbc.spi.SqlExceptionHelper   : relation "users_credentials" does not exist, skipping
2025-02-08T12:14:08.271+03:00  WARN 4660 --- [PlanningProject] [    Test worker] o.h.engine.jdbc.spi.SqlExceptionHelper   : SQL Warning Code: 0, SQLState: 00000
2025-02-08T12:14:08.271+03:00  WARN 4660 --- [PlanningProject] [    Test worker] o.h.engine.jdbc.spi.SqlExceptionHelper   : table "groups" does not exist, skipping
2025-02-08T12:14:08.272+03:00  WARN 4660 --- [PlanningProject] [    Test worker] o.h.engine.jdbc.spi.SqlExceptionHelper   : SQL Warning Code: 0, SQLState: 00000
2025-02-08T12:14:08.273+03:00  WARN 4660 --- [PlanningProject] [    Test worker] o.h.engine.jdbc.spi.SqlExceptionHelper   : table "passwords" does not exist, skipping
2025-02-08T12:14:08.276+03:00  WARN 4660 --- [PlanningProject] [    Test worker] o.h.engine.jdbc.spi.SqlExceptionHelper   : SQL Warning Code: 0, SQLState: 00000
2025-02-08T12:14:08.276+03:00  WARN 4660 --- [PlanningProject] [    Test worker] o.h.engine.jdbc.spi.SqlExceptionHelper   : table "products" does not exist, skipping
2025-02-08T12:14:08.278+03:00  WARN 4660 --- [PlanningProject] [    Test worker] o.h.engine.jdbc.spi.SqlExceptionHelper   : SQL Warning Code: 0, SQLState: 00000
2025-02-08T12:14:08.278+03:00  WARN 4660 --- [PlanningProject] [    Test worker] o.h.engine.jdbc.spi.SqlExceptionHelper   : table "products_in_plane" does not exist, skipping
2025-02-08T12:14:08.279+03:00  WARN 4660 --- [PlanningProject] [    Test worker] o.h.engine.jdbc.spi.SqlExceptionHelper   : SQL Warning Code: 0, SQLState: 00000
2025-02-08T12:14:08.279+03:00  WARN 4660 --- [PlanningProject] [    Test worker] o.h.engine.jdbc.spi.SqlExceptionHelper   : table "purchases" does not exist, skipping
2025-02-08T12:14:08.280+03:00  WARN 4660 --- [PlanningProject] [    Test worker] o.h.engine.jdbc.spi.SqlExceptionHelper   : SQL Warning Code: 0, SQLState: 00000
2025-02-08T12:14:08.280+03:00  WARN 4660 --- [PlanningProject] [    Test worker] o.h.engine.jdbc.spi.SqlExceptionHelper   : table "tasks" does not exist, skipping
2025-02-08T12:14:08.282+03:00  WARN 4660 --- [PlanningProject] [    Test worker] o.h.engine.jdbc.spi.SqlExceptionHelper   : SQL Warning Code: 0, SQLState: 00000
2025-02-08T12:14:08.282+03:00  WARN 4660 --- [PlanningProject] [    Test worker] o.h.engine.jdbc.spi.SqlExceptionHelper   : table "user_groups" does not exist, skipping
2025-02-08T12:14:08.283+03:00  WARN 4660 --- [PlanningProject] [    Test worker] o.h.engine.jdbc.spi.SqlExceptionHelper   : SQL Warning Code: 0, SQLState: 00000
2025-02-08T12:14:08.283+03:00  WARN 4660 --- [PlanningProject] [    Test worker] o.h.engine.jdbc.spi.SqlExceptionHelper   : table "users" does not exist, skipping
2025-02-08T12:14:08.284+03:00  WARN 4660 --- [PlanningProject] [    Test worker] o.h.engine.jdbc.spi.SqlExceptionHelper   : SQL Warning Code: 0, SQLState: 00000
2025-02-08T12:14:08.285+03:00  WARN 4660 --- [PlanningProject] [    Test worker] o.h.engine.jdbc.spi.SqlExceptionHelper   : table "users_credentials" does not exist, skipping
2025-02-08T12:14:08.286+03:00  WARN 4660 --- [PlanningProject] [    Test worker] o.h.engine.jdbc.spi.SqlExceptionHelper   : SQL Warning Code: 0, SQLState: 00000
2025-02-08T12:14:08.286+03:00  WARN 4660 --- [PlanningProject] [    Test worker] o.h.engine.jdbc.spi.SqlExceptionHelper   : sequence "groups_seq" does not exist, skipping
2025-02-08T12:14:08.287+03:00  WARN 4660 --- [PlanningProject] [    Test worker] o.h.engine.jdbc.spi.SqlExceptionHelper   : SQL Warning Code: 0, SQLState: 00000
2025-02-08T12:14:08.287+03:00  WARN 4660 --- [PlanningProject] [    Test worker] o.h.engine.jdbc.spi.SqlExceptionHelper   : sequence "passwords_seq" does not exist, skipping
2025-02-08T12:14:08.289+03:00  WARN 4660 --- [PlanningProject] [    Test worker] o.h.engine.jdbc.spi.SqlExceptionHelper   : SQL Warning Code: 0, SQLState: 00000
2025-02-08T12:14:08.289+03:00  WARN 4660 --- [PlanningProject] [    Test worker] o.h.engine.jdbc.spi.SqlExceptionHelper   : sequence "products_in_plane_seq" does not exist, skipping
2025-02-08T12:14:08.291+03:00  WARN 4660 --- [PlanningProject] [    Test worker] o.h.engine.jdbc.spi.SqlExceptionHelper   : SQL Warning Code: 0, SQLState: 00000
2025-02-08T12:14:08.291+03:00  WARN 4660 --- [PlanningProject] [    Test worker] o.h.engine.jdbc.spi.SqlExceptionHelper   : sequence "products_seq" does not exist, skipping
2025-02-08T12:14:08.292+03:00  WARN 4660 --- [PlanningProject] [    Test worker] o.h.engine.jdbc.spi.SqlExceptionHelper   : SQL Warning Code: 0, SQLState: 00000
2025-02-08T12:14:08.292+03:00  WARN 4660 --- [PlanningProject] [    Test worker] o.h.engine.jdbc.spi.SqlExceptionHelper   : sequence "purchases_seq" does not exist, skipping
2025-02-08T12:14:08.293+03:00  WARN 4660 --- [PlanningProject] [    Test worker] o.h.engine.jdbc.spi.SqlExceptionHelper   : SQL Warning Code: 0, SQLState: 00000
2025-02-08T12:14:08.294+03:00  WARN 4660 --- [PlanningProject] [    Test worker] o.h.engine.jdbc.spi.SqlExceptionHelper   : sequence "tasks_seq" does not exist, skipping
2025-02-08T12:14:08.295+03:00  WARN 4660 --- [PlanningProject] [    Test worker] o.h.engine.jdbc.spi.SqlExceptionHelper   : SQL Warning Code: 0, SQLState: 00000
2025-02-08T12:14:08.295+03:00  WARN 4660 --- [PlanningProject] [    Test worker] o.h.engine.jdbc.spi.SqlExceptionHelper   : sequence "users_credentials_seq" does not exist, skipping
2025-02-08T12:14:08.296+03:00  WARN 4660 --- [PlanningProject] [    Test worker] o.h.engine.jdbc.spi.SqlExceptionHelper   : SQL Warning Code: 0, SQLState: 00000
2025-02-08T12:14:08.296+03:00  WARN 4660 --- [PlanningProject] [    Test worker] o.h.engine.jdbc.spi.SqlExceptionHelper   : sequence "users_seq" does not exist, skipping
2025-02-08T12:14:08.356+03:00  INFO 4660 --- [PlanningProject] [    Test worker] j.LocalContainerEntityManagerFactoryBean : Initialized JPA EntityManagerFactory for persistence unit 'default'
2025-02-08T12:14:08.475+03:00  INFO 4660 --- [PlanningProject] [    Test worker] r$InitializeUserDetailsManagerConfigurer : Global AuthenticationManager configured with UserDetailsService bean with name jwtUserDetailsService
2025-02-08T12:14:08.490+03:00  WARN 4660 --- [PlanningProject] [    Test worker] JpaBaseConfiguration$JpaWebConfiguration : spring.jpa.open-in-view is enabled by default. Therefore, database queries may be performed during view rendering. Explicitly configure spring.jpa.open-in-view to disable this warning
2025-02-08T12:14:08.724+03:00  INFO 4660 --- [PlanningProject] [    Test worker] o.s.b.t.m.w.SpringBootMockServletContext : Initializing Spring TestDispatcherServlet ''
2025-02-08T12:14:08.725+03:00  INFO 4660 --- [PlanningProject] [    Test worker] o.s.t.web.servlet.TestDispatcherServlet  : Initializing Servlet ''
2025-02-08T12:14:08.726+03:00  INFO 4660 --- [PlanningProject] [    Test worker] o.s.t.web.servlet.TestDispatcherServlet  : Completed initialization in 1 ms
2025-02-08T12:14:08.735+03:00  INFO 4660 --- [PlanningProject] [    Test worker] d.P.controllers.PurchaseControllerTest   : Started PurchaseControllerTest in 1.071 seconds (process running for 20.763)
]]></system-out>
  <system-err><![CDATA[]]></system-err>
</testsuite>
