<?xml version="1.0" encoding="UTF-8"?>
<testsuite name="dev.PlanningProject.controllers.GroupControllerTest" tests="4" skipped="0" failures="0" errors="0" timestamp="2025-02-08T09:14:04" hostname="DESKTOP-BNO4RHE" time="0.6">
  <properties/>
  <testcase name="testDeleteGroup(GroupService)" classname="dev.PlanningProject.controllers.GroupControllerTest" time="0.211"/>
  <testcase name="testIsGroupCreator(GroupService)" classname="dev.PlanningProject.controllers.GroupControllerTest" time="0.111"/>
  <testcase name="testCreateGroup()" classname="dev.PlanningProject.controllers.GroupControllerTest" time="0.139"/>
  <testcase name="testGetAllGroups(GroupService)" classname="dev.PlanningProject.controllers.GroupControllerTest" time="0.136"/>
  <system-out><![CDATA[2025-02-08T12:14:01.918+03:00  INFO 4660 --- [PlanningProject] [    Test worker] tc.postgres:15                           : Creating container for image: postgres:15
2025-02-08T12:14:02.047+03:00  INFO 4660 --- [PlanningProject] [    Test worker] tc.postgres:15                           : Container postgres:15 is starting: b377df0ec2859ecdceb4ebfe67802b3b6d694ed59e1c41b51785f851a13f9589
2025-02-08T12:14:03.665+03:00  INFO 4660 --- [PlanningProject] [    Test worker] tc.postgres:15                           : Container postgres:15 started in PT1.7462841S
2025-02-08T12:14:03.665+03:00  INFO 4660 --- [PlanningProject] [    Test worker] tc.postgres:15                           : Container is started (JDBC URL: jdbc:postgresql://localhost:53703/test?loggerLevel=OFF)
2025-02-08T12:14:03.666+03:00  INFO 4660 --- [PlanningProject] [    Test worker] t.c.s.AnnotationConfigContextLoaderUtils : Could not detect default configuration classes for test class [dev.PlanningProject.controllers.GroupControllerTest]: GroupControllerTest does not declare any static, non-private, non-final, nested classes annotated with @Configuration.
2025-02-08T12:14:03.673+03:00  INFO 4660 --- [PlanningProject] [    Test worker] .b.t.c.SpringBootTestContextBootstrapper : Found @SpringBootConfiguration dev.PlanningProject.PlanningProjectApplication for test class dev.PlanningProject.controllers.GroupControllerTest

  .   ____          _            __ _ _
 /\\ / ___'_ __ _ _(_)_ __  __ _ \ \ \ \
( ( )\___ | '_ | '_| | '_ \/ _` | \ \ \ \
 \\/  ___)| |_)| | | | | || (_| |  ) ) ) )
  '  |____| .__|_| |_|_| |_\__, | / / / /
 =========|_|==============|___/=/_/_/_/

 :: Spring Boot ::                (v3.3.5)

2025-02-08T12:14:03.717+03:00  INFO 4660 --- [PlanningProject] [    Test worker] d.P.controllers.GroupControllerTest      : Starting GroupControllerTest using Java 21.0.6 with PID 4660 (started by Алексей in C:\Projects\PlanningProject)
2025-02-08T12:14:03.717+03:00  INFO 4660 --- [PlanningProject] [    Test worker] d.P.controllers.GroupControllerTest      : No active profile set, falling back to 1 default profile: "default"
2025-02-08T12:14:03.967+03:00  INFO 4660 --- [PlanningProject] [    Test worker] .s.d.r.c.RepositoryConfigurationDelegate : Bootstrapping Spring Data JPA repositories in DEFAULT mode.
2025-02-08T12:14:03.996+03:00  INFO 4660 --- [PlanningProject] [    Test worker] .s.d.r.c.RepositoryConfigurationDelegate : Finished Spring Data repository scanning in 29 ms. Found 5 JPA repository interfaces.
2025-02-08T12:14:04.086+03:00  INFO 4660 --- [PlanningProject] [    Test worker] o.hibernate.jpa.internal.util.LogHelper  : HHH000204: Processing PersistenceUnitInfo [name: default]
2025-02-08T12:14:04.090+03:00  INFO 4660 --- [PlanningProject] [    Test worker] o.h.c.internal.RegionFactoryInitiator    : HHH000026: Second-level cache disabled
2025-02-08T12:14:04.097+03:00  INFO 4660 --- [PlanningProject] [    Test worker] o.s.o.j.p.SpringPersistenceUnitInfo      : No LoadTimeWeaver setup: ignoring JPA class transformer
2025-02-08T12:14:04.099+03:00  INFO 4660 --- [PlanningProject] [    Test worker] com.zaxxer.hikari.HikariDataSource       : HikariPool-2 - Starting...
2025-02-08T12:14:04.120+03:00  INFO 4660 --- [PlanningProject] [    Test worker] com.zaxxer.hikari.pool.HikariPool        : HikariPool-2 - Added connection org.postgresql.jdbc.PgConnection@6ccbd2de
2025-02-08T12:14:04.121+03:00  INFO 4660 --- [PlanningProject] [    Test worker] com.zaxxer.hikari.HikariDataSource       : HikariPool-2 - Start completed.
2025-02-08T12:14:04.291+03:00  INFO 4660 --- [PlanningProject] [    Test worker] o.h.e.t.j.p.i.JtaPlatformInitiator       : HHH000489: No JTA platform available (set 'hibernate.transaction.jta.platform' to enable JTA platform integration)
2025-02-08T12:14:04.293+03:00  WARN 4660 --- [PlanningProject] [    Test worker] o.h.engine.jdbc.spi.SqlExceptionHelper   : SQL Warning Code: 0, SQLState: 00000
2025-02-08T12:14:04.293+03:00  WARN 4660 --- [PlanningProject] [    Test worker] o.h.engine.jdbc.spi.SqlExceptionHelper   : relation "groups" does not exist, skipping
2025-02-08T12:14:04.295+03:00  WARN 4660 --- [PlanningProject] [    Test worker] o.h.engine.jdbc.spi.SqlExceptionHelper   : SQL Warning Code: 0, SQLState: 00000
2025-02-08T12:14:04.295+03:00  WARN 4660 --- [PlanningProject] [    Test worker] o.h.engine.jdbc.spi.SqlExceptionHelper   : relation "products" does not exist, skipping
2025-02-08T12:14:04.297+03:00  WARN 4660 --- [PlanningProject] [    Test worker] o.h.engine.jdbc.spi.SqlExceptionHelper   : SQL Warning Code: 0, SQLState: 00000
2025-02-08T12:14:04.297+03:00  WARN 4660 --- [PlanningProject] [    Test worker] o.h.engine.jdbc.spi.SqlExceptionHelper   : relation "products_in_plane" does not exist, skipping
2025-02-08T12:14:04.298+03:00  WARN 4660 --- [PlanningProject] [    Test worker] o.h.engine.jdbc.spi.SqlExceptionHelper   : SQL Warning Code: 0, SQLState: 00000
2025-02-08T12:14:04.299+03:00  WARN 4660 --- [PlanningProject] [    Test worker] o.h.engine.jdbc.spi.SqlExceptionHelper   : relation "products_in_plane" does not exist, skipping
2025-02-08T12:14:04.301+03:00  WARN 4660 --- [PlanningProject] [    Test worker] o.h.engine.jdbc.spi.SqlExceptionHelper   : SQL Warning Code: 0, SQLState: 00000
2025-02-08T12:14:04.301+03:00  WARN 4660 --- [PlanningProject] [    Test worker] o.h.engine.jdbc.spi.SqlExceptionHelper   : relation "purchases" does not exist, skipping
2025-02-08T12:14:04.302+03:00  WARN 4660 --- [PlanningProject] [    Test worker] o.h.engine.jdbc.spi.SqlExceptionHelper   : SQL Warning Code: 0, SQLState: 00000
2025-02-08T12:14:04.302+03:00  WARN 4660 --- [PlanningProject] [    Test worker] o.h.engine.jdbc.spi.SqlExceptionHelper   : relation "purchases" does not exist, skipping
2025-02-08T12:14:04.304+03:00  WARN 4660 --- [PlanningProject] [    Test worker] o.h.engine.jdbc.spi.SqlExceptionHelper   : SQL Warning Code: 0, SQLState: 00000
2025-02-08T12:14:04.304+03:00  WARN 4660 --- [PlanningProject] [    Test worker] o.h.engine.jdbc.spi.SqlExceptionHelper   : relation "purchases" does not exist, skipping
2025-02-08T12:14:04.305+03:00  WARN 4660 --- [PlanningProject] [    Test worker] o.h.engine.jdbc.spi.SqlExceptionHelper   : SQL Warning Code: 0, SQLState: 00000
2025-02-08T12:14:04.306+03:00  WARN 4660 --- [PlanningProject] [    Test worker] o.h.engine.jdbc.spi.SqlExceptionHelper   : relation "tasks" does not exist, skipping
2025-02-08T12:14:04.308+03:00  WARN 4660 --- [PlanningProject] [    Test worker] o.h.engine.jdbc.spi.SqlExceptionHelper   : SQL Warning Code: 0, SQLState: 00000
2025-02-08T12:14:04.308+03:00  WARN 4660 --- [PlanningProject] [    Test worker] o.h.engine.jdbc.spi.SqlExceptionHelper   : relation "tasks" does not exist, skipping
2025-02-08T12:14:04.310+03:00  WARN 4660 --- [PlanningProject] [    Test worker] o.h.engine.jdbc.spi.SqlExceptionHelper   : SQL Warning Code: 0, SQLState: 00000
2025-02-08T12:14:04.310+03:00  WARN 4660 --- [PlanningProject] [    Test worker] o.h.engine.jdbc.spi.SqlExceptionHelper   : relation "user_groups" does not exist, skipping
2025-02-08T12:14:04.312+03:00  WARN 4660 --- [PlanningProject] [    Test worker] o.h.engine.jdbc.spi.SqlExceptionHelper   : SQL Warning Code: 0, SQLState: 00000
2025-02-08T12:14:04.312+03:00  WARN 4660 --- [PlanningProject] [    Test worker] o.h.engine.jdbc.spi.SqlExceptionHelper   : relation "user_groups" does not exist, skipping
2025-02-08T12:14:04.314+03:00  WARN 4660 --- [PlanningProject] [    Test worker] o.h.engine.jdbc.spi.SqlExceptionHelper   : SQL Warning Code: 0, SQLState: 00000
2025-02-08T12:14:04.314+03:00  WARN 4660 --- [PlanningProject] [    Test worker] o.h.engine.jdbc.spi.SqlExceptionHelper   : relation "users" does not exist, skipping
2025-02-08T12:14:04.316+03:00  WARN 4660 --- [PlanningProject] [    Test worker] o.h.engine.jdbc.spi.SqlExceptionHelper   : SQL Warning Code: 0, SQLState: 00000
2025-02-08T12:14:04.316+03:00  WARN 4660 --- [PlanningProject] [    Test worker] o.h.engine.jdbc.spi.SqlExceptionHelper   : relation "users_credentials" does not exist, skipping
2025-02-08T12:14:04.318+03:00  WARN 4660 --- [PlanningProject] [    Test worker] o.h.engine.jdbc.spi.SqlExceptionHelper   : SQL Warning Code: 0, SQLState: 00000
2025-02-08T12:14:04.318+03:00  WARN 4660 --- [PlanningProject] [    Test worker] o.h.engine.jdbc.spi.SqlExceptionHelper   : table "groups" does not exist, skipping
2025-02-08T12:14:04.319+03:00  WARN 4660 --- [PlanningProject] [    Test worker] o.h.engine.jdbc.spi.SqlExceptionHelper   : SQL Warning Code: 0, SQLState: 00000
2025-02-08T12:14:04.319+03:00  WARN 4660 --- [PlanningProject] [    Test worker] o.h.engine.jdbc.spi.SqlExceptionHelper   : table "passwords" does not exist, skipping
2025-02-08T12:14:04.321+03:00  WARN 4660 --- [PlanningProject] [    Test worker] o.h.engine.jdbc.spi.SqlExceptionHelper   : SQL Warning Code: 0, SQLState: 00000
2025-02-08T12:14:04.322+03:00  WARN 4660 --- [PlanningProject] [    Test worker] o.h.engine.jdbc.spi.SqlExceptionHelper   : table "products" does not exist, skipping
2025-02-08T12:14:04.323+03:00  WARN 4660 --- [PlanningProject] [    Test worker] o.h.engine.jdbc.spi.SqlExceptionHelper   : SQL Warning Code: 0, SQLState: 00000
2025-02-08T12:14:04.323+03:00  WARN 4660 --- [PlanningProject] [    Test worker] o.h.engine.jdbc.spi.SqlExceptionHelper   : table "products_in_plane" does not exist, skipping
2025-02-08T12:14:04.324+03:00  WARN 4660 --- [PlanningProject] [    Test worker] o.h.engine.jdbc.spi.SqlExceptionHelper   : SQL Warning Code: 0, SQLState: 00000
2025-02-08T12:14:04.325+03:00  WARN 4660 --- [PlanningProject] [    Test worker] o.h.engine.jdbc.spi.SqlExceptionHelper   : table "purchases" does not exist, skipping
2025-02-08T12:14:04.326+03:00  WARN 4660 --- [PlanningProject] [    Test worker] o.h.engine.jdbc.spi.SqlExceptionHelper   : SQL Warning Code: 0, SQLState: 00000
2025-02-08T12:14:04.327+03:00  WARN 4660 --- [PlanningProject] [    Test worker] o.h.engine.jdbc.spi.SqlExceptionHelper   : table "tasks" does not exist, skipping
2025-02-08T12:14:04.328+03:00  WARN 4660 --- [PlanningProject] [    Test worker] o.h.engine.jdbc.spi.SqlExceptionHelper   : SQL Warning Code: 0, SQLState: 00000
2025-02-08T12:14:04.328+03:00  WARN 4660 --- [PlanningProject] [    Test worker] o.h.engine.jdbc.spi.SqlExceptionHelper   : table "user_groups" does not exist, skipping
2025-02-08T12:14:04.329+03:00  WARN 4660 --- [PlanningProject] [    Test worker] o.h.engine.jdbc.spi.SqlExceptionHelper   : SQL Warning Code: 0, SQLState: 00000
2025-02-08T12:14:04.329+03:00  WARN 4660 --- [PlanningProject] [    Test worker] o.h.engine.jdbc.spi.SqlExceptionHelper   : table "users" does not exist, skipping
2025-02-08T12:14:04.331+03:00  WARN 4660 --- [PlanningProject] [    Test worker] o.h.engine.jdbc.spi.SqlExceptionHelper   : SQL Warning Code: 0, SQLState: 00000
2025-02-08T12:14:04.331+03:00  WARN 4660 --- [PlanningProject] [    Test worker] o.h.engine.jdbc.spi.SqlExceptionHelper   : table "users_credentials" does not exist, skipping
2025-02-08T12:14:04.332+03:00  WARN 4660 --- [PlanningProject] [    Test worker] o.h.engine.jdbc.spi.SqlExceptionHelper   : SQL Warning Code: 0, SQLState: 00000
2025-02-08T12:14:04.332+03:00  WARN 4660 --- [PlanningProject] [    Test worker] o.h.engine.jdbc.spi.SqlExceptionHelper   : sequence "groups_seq" does not exist, skipping
2025-02-08T12:14:04.333+03:00  WARN 4660 --- [PlanningProject] [    Test worker] o.h.engine.jdbc.spi.SqlExceptionHelper   : SQL Warning Code: 0, SQLState: 00000
2025-02-08T12:14:04.333+03:00  WARN 4660 --- [PlanningProject] [    Test worker] o.h.engine.jdbc.spi.SqlExceptionHelper   : sequence "passwords_seq" does not exist, skipping
2025-02-08T12:14:04.335+03:00  WARN 4660 --- [PlanningProject] [    Test worker] o.h.engine.jdbc.spi.SqlExceptionHelper   : SQL Warning Code: 0, SQLState: 00000
2025-02-08T12:14:04.335+03:00  WARN 4660 --- [PlanningProject] [    Test worker] o.h.engine.jdbc.spi.SqlExceptionHelper   : sequence "products_in_plane_seq" does not exist, skipping
2025-02-08T12:14:04.337+03:00  WARN 4660 --- [PlanningProject] [    Test worker] o.h.engine.jdbc.spi.SqlExceptionHelper   : SQL Warning Code: 0, SQLState: 00000
2025-02-08T12:14:04.337+03:00  WARN 4660 --- [PlanningProject] [    Test worker] o.h.engine.jdbc.spi.SqlExceptionHelper   : sequence "products_seq" does not exist, skipping
2025-02-08T12:14:04.338+03:00  WARN 4660 --- [PlanningProject] [    Test worker] o.h.engine.jdbc.spi.SqlExceptionHelper   : SQL Warning Code: 0, SQLState: 00000
2025-02-08T12:14:04.338+03:00  WARN 4660 --- [PlanningProject] [    Test worker] o.h.engine.jdbc.spi.SqlExceptionHelper   : sequence "purchases_seq" does not exist, skipping
2025-02-08T12:14:04.340+03:00  WARN 4660 --- [PlanningProject] [    Test worker] o.h.engine.jdbc.spi.SqlExceptionHelper   : SQL Warning Code: 0, SQLState: 00000
2025-02-08T12:14:04.340+03:00  WARN 4660 --- [PlanningProject] [    Test worker] o.h.engine.jdbc.spi.SqlExceptionHelper   : sequence "tasks_seq" does not exist, skipping
2025-02-08T12:14:04.341+03:00  WARN 4660 --- [PlanningProject] [    Test worker] o.h.engine.jdbc.spi.SqlExceptionHelper   : SQL Warning Code: 0, SQLState: 00000
2025-02-08T12:14:04.342+03:00  WARN 4660 --- [PlanningProject] [    Test worker] o.h.engine.jdbc.spi.SqlExceptionHelper   : sequence "users_credentials_seq" does not exist, skipping
2025-02-08T12:14:04.342+03:00  WARN 4660 --- [PlanningProject] [    Test worker] o.h.engine.jdbc.spi.SqlExceptionHelper   : SQL Warning Code: 0, SQLState: 00000
2025-02-08T12:14:04.342+03:00  WARN 4660 --- [PlanningProject] [    Test worker] o.h.engine.jdbc.spi.SqlExceptionHelper   : sequence "users_seq" does not exist, skipping
2025-02-08T12:14:04.403+03:00  INFO 4660 --- [PlanningProject] [    Test worker] j.LocalContainerEntityManagerFactoryBean : Initialized JPA EntityManagerFactory for persistence unit 'default'
2025-02-08T12:14:04.539+03:00  INFO 4660 --- [PlanningProject] [    Test worker] r$InitializeUserDetailsManagerConfigurer : Global AuthenticationManager configured with UserDetailsService bean with name jwtUserDetailsService
2025-02-08T12:14:04.555+03:00  WARN 4660 --- [PlanningProject] [    Test worker] JpaBaseConfiguration$JpaWebConfiguration : spring.jpa.open-in-view is enabled by default. Therefore, database queries may be performed during view rendering. Explicitly configure spring.jpa.open-in-view to disable this warning
2025-02-08T12:14:04.841+03:00  INFO 4660 --- [PlanningProject] [    Test worker] o.s.b.t.m.w.SpringBootMockServletContext : Initializing Spring TestDispatcherServlet ''
2025-02-08T12:14:04.841+03:00  INFO 4660 --- [PlanningProject] [    Test worker] o.s.t.web.servlet.TestDispatcherServlet  : Initializing Servlet ''
2025-02-08T12:14:04.842+03:00  INFO 4660 --- [PlanningProject] [    Test worker] o.s.t.web.servlet.TestDispatcherServlet  : Completed initialization in 1 ms
2025-02-08T12:14:04.849+03:00  INFO 4660 --- [PlanningProject] [    Test worker] d.P.controllers.GroupControllerTest      : Started GroupControllerTest in 1.171 seconds (process running for 16.876)
]]></system-out>
  <system-err><![CDATA[]]></system-err>
</testsuite>
