<?xml version="1.0" encoding="UTF-8"?>
<testsuite name="dev.PlanningProject.controllers.GroupControllerTest" tests="4" skipped="0" failures="0" errors="0" timestamp="2025-02-11T14:16:21" hostname="DESKTOP-BNO4RHE" time="0.577">
  <properties/>
  <testcase name="testDeleteGroup(GroupService)" classname="dev.PlanningProject.controllers.GroupControllerTest" time="0.202"/>
  <testcase name="testIsGroupCreator(GroupService)" classname="dev.PlanningProject.controllers.GroupControllerTest" time="0.108"/>
  <testcase name="testCreateGroup()" classname="dev.PlanningProject.controllers.GroupControllerTest" time="0.132"/>
  <testcase name="testGetAllGroups(GroupService)" classname="dev.PlanningProject.controllers.GroupControllerTest" time="0.132"/>
  <system-out><![CDATA[2025-02-11T17:16:18.519+03:00  INFO 7312 --- [PlanningProject] [    Test worker] tc.postgres:15                           : Creating container for image: postgres:15
2025-02-11T17:16:18.647+03:00  INFO 7312 --- [PlanningProject] [    Test worker] tc.postgres:15                           : Container postgres:15 is starting: d42a54e1b583e157e1e6c29d3e07344cea27677f9309d0588761d071bb1b9c80
2025-02-11T17:16:20.209+03:00  INFO 7312 --- [PlanningProject] [    Test worker] tc.postgres:15                           : Container postgres:15 started in PT1.6906009S
2025-02-11T17:16:20.210+03:00  INFO 7312 --- [PlanningProject] [    Test worker] tc.postgres:15                           : Container is started (JDBC URL: jdbc:postgresql://localhost:52467/test?loggerLevel=OFF)
2025-02-11T17:16:20.211+03:00  INFO 7312 --- [PlanningProject] [    Test worker] t.c.s.AnnotationConfigContextLoaderUtils : Could not detect default configuration classes for test class [dev.PlanningProject.controllers.GroupControllerTest]: GroupControllerTest does not declare any static, non-private, non-final, nested classes annotated with @Configuration.
2025-02-11T17:16:20.219+03:00  INFO 7312 --- [PlanningProject] [    Test worker] .b.t.c.SpringBootTestContextBootstrapper : Found @SpringBootConfiguration dev.PlanningProject.PlanningProjectApplication for test class dev.PlanningProject.controllers.GroupControllerTest

  .   ____          _            __ _ _
 /\\ / ___'_ __ _ _(_)_ __  __ _ \ \ \ \
( ( )\___ | '_ | '_| | '_ \/ _` | \ \ \ \
 \\/  ___)| |_)| | | | | || (_| |  ) ) ) )
  '  |____| .__|_| |_|_| |_\__, | / / / /
 =========|_|==============|___/=/_/_/_/

 :: Spring Boot ::                (v3.3.5)

2025-02-11T17:16:20.243+03:00  INFO 7312 --- [PlanningProject] [    Test worker] d.P.controllers.GroupControllerTest      : Starting GroupControllerTest using Java 21.0.6 with PID 7312 (started by Алексей in C:\Projects\PlanningProject)
2025-02-11T17:16:20.243+03:00  INFO 7312 --- [PlanningProject] [    Test worker] d.P.controllers.GroupControllerTest      : No active profile set, falling back to 1 default profile: "default"
2025-02-11T17:16:20.557+03:00  INFO 7312 --- [PlanningProject] [    Test worker] .s.d.r.c.RepositoryConfigurationDelegate : Bootstrapping Spring Data JPA repositories in DEFAULT mode.
2025-02-11T17:16:20.588+03:00  INFO 7312 --- [PlanningProject] [    Test worker] .s.d.r.c.RepositoryConfigurationDelegate : Finished Spring Data repository scanning in 33 ms. Found 6 JPA repository interfaces.
2025-02-11T17:16:20.682+03:00  INFO 7312 --- [PlanningProject] [    Test worker] o.hibernate.jpa.internal.util.LogHelper  : HHH000204: Processing PersistenceUnitInfo [name: default]
2025-02-11T17:16:20.698+03:00  INFO 7312 --- [PlanningProject] [    Test worker] o.h.c.internal.RegionFactoryInitiator    : HHH000026: Second-level cache disabled
2025-02-11T17:16:20.698+03:00  INFO 7312 --- [PlanningProject] [    Test worker] o.s.o.j.p.SpringPersistenceUnitInfo      : No LoadTimeWeaver setup: ignoring JPA class transformer
2025-02-11T17:16:20.698+03:00  INFO 7312 --- [PlanningProject] [    Test worker] com.zaxxer.hikari.HikariDataSource       : HikariPool-2 - Starting...
2025-02-11T17:16:20.731+03:00  INFO 7312 --- [PlanningProject] [    Test worker] com.zaxxer.hikari.pool.HikariPool        : HikariPool-2 - Added connection org.postgresql.jdbc.PgConnection@6e1b56ad
2025-02-11T17:16:20.732+03:00  INFO 7312 --- [PlanningProject] [    Test worker] com.zaxxer.hikari.HikariDataSource       : HikariPool-2 - Start completed.
2025-02-11T17:16:20.917+03:00  INFO 7312 --- [PlanningProject] [    Test worker] o.h.e.t.j.p.i.JtaPlatformInitiator       : HHH000489: No JTA platform available (set 'hibernate.transaction.jta.platform' to enable JTA platform integration)
2025-02-11T17:16:20.920+03:00  WARN 7312 --- [PlanningProject] [    Test worker] o.h.engine.jdbc.spi.SqlExceptionHelper   : SQL Warning Code: 0, SQLState: 00000
2025-02-11T17:16:20.920+03:00  WARN 7312 --- [PlanningProject] [    Test worker] o.h.engine.jdbc.spi.SqlExceptionHelper   : relation "groups" does not exist, skipping
2025-02-11T17:16:20.921+03:00  WARN 7312 --- [PlanningProject] [    Test worker] o.h.engine.jdbc.spi.SqlExceptionHelper   : SQL Warning Code: 0, SQLState: 00000
2025-02-11T17:16:20.922+03:00  WARN 7312 --- [PlanningProject] [    Test worker] o.h.engine.jdbc.spi.SqlExceptionHelper   : relation "products" does not exist, skipping
2025-02-11T17:16:20.924+03:00  WARN 7312 --- [PlanningProject] [    Test worker] o.h.engine.jdbc.spi.SqlExceptionHelper   : SQL Warning Code: 0, SQLState: 00000
2025-02-11T17:16:20.924+03:00  WARN 7312 --- [PlanningProject] [    Test worker] o.h.engine.jdbc.spi.SqlExceptionHelper   : relation "products_in_plane" does not exist, skipping
2025-02-11T17:16:20.926+03:00  WARN 7312 --- [PlanningProject] [    Test worker] o.h.engine.jdbc.spi.SqlExceptionHelper   : SQL Warning Code: 0, SQLState: 00000
2025-02-11T17:16:20.927+03:00  WARN 7312 --- [PlanningProject] [    Test worker] o.h.engine.jdbc.spi.SqlExceptionHelper   : relation "products_in_plane" does not exist, skipping
2025-02-11T17:16:20.929+03:00  WARN 7312 --- [PlanningProject] [    Test worker] o.h.engine.jdbc.spi.SqlExceptionHelper   : SQL Warning Code: 0, SQLState: 00000
2025-02-11T17:16:20.929+03:00  WARN 7312 --- [PlanningProject] [    Test worker] o.h.engine.jdbc.spi.SqlExceptionHelper   : relation "purchases" does not exist, skipping
2025-02-11T17:16:20.931+03:00  WARN 7312 --- [PlanningProject] [    Test worker] o.h.engine.jdbc.spi.SqlExceptionHelper   : SQL Warning Code: 0, SQLState: 00000
2025-02-11T17:16:20.931+03:00  WARN 7312 --- [PlanningProject] [    Test worker] o.h.engine.jdbc.spi.SqlExceptionHelper   : relation "purchases" does not exist, skipping
2025-02-11T17:16:20.933+03:00  WARN 7312 --- [PlanningProject] [    Test worker] o.h.engine.jdbc.spi.SqlExceptionHelper   : SQL Warning Code: 0, SQLState: 00000
2025-02-11T17:16:20.933+03:00  WARN 7312 --- [PlanningProject] [    Test worker] o.h.engine.jdbc.spi.SqlExceptionHelper   : relation "purchases" does not exist, skipping
2025-02-11T17:16:20.935+03:00  WARN 7312 --- [PlanningProject] [    Test worker] o.h.engine.jdbc.spi.SqlExceptionHelper   : SQL Warning Code: 0, SQLState: 00000
2025-02-11T17:16:20.936+03:00  WARN 7312 --- [PlanningProject] [    Test worker] o.h.engine.jdbc.spi.SqlExceptionHelper   : relation "tasks" does not exist, skipping
2025-02-11T17:16:20.937+03:00  WARN 7312 --- [PlanningProject] [    Test worker] o.h.engine.jdbc.spi.SqlExceptionHelper   : SQL Warning Code: 0, SQLState: 00000
2025-02-11T17:16:20.937+03:00  WARN 7312 --- [PlanningProject] [    Test worker] o.h.engine.jdbc.spi.SqlExceptionHelper   : relation "tasks" does not exist, skipping
2025-02-11T17:16:20.939+03:00  WARN 7312 --- [PlanningProject] [    Test worker] o.h.engine.jdbc.spi.SqlExceptionHelper   : SQL Warning Code: 0, SQLState: 00000
2025-02-11T17:16:20.939+03:00  WARN 7312 --- [PlanningProject] [    Test worker] o.h.engine.jdbc.spi.SqlExceptionHelper   : relation "user_groups" does not exist, skipping
2025-02-11T17:16:20.941+03:00  WARN 7312 --- [PlanningProject] [    Test worker] o.h.engine.jdbc.spi.SqlExceptionHelper   : SQL Warning Code: 0, SQLState: 00000
2025-02-11T17:16:20.942+03:00  WARN 7312 --- [PlanningProject] [    Test worker] o.h.engine.jdbc.spi.SqlExceptionHelper   : relation "user_groups" does not exist, skipping
2025-02-11T17:16:20.944+03:00  WARN 7312 --- [PlanningProject] [    Test worker] o.h.engine.jdbc.spi.SqlExceptionHelper   : SQL Warning Code: 0, SQLState: 00000
2025-02-11T17:16:20.944+03:00  WARN 7312 --- [PlanningProject] [    Test worker] o.h.engine.jdbc.spi.SqlExceptionHelper   : relation "users" does not exist, skipping
2025-02-11T17:16:20.945+03:00  WARN 7312 --- [PlanningProject] [    Test worker] o.h.engine.jdbc.spi.SqlExceptionHelper   : SQL Warning Code: 0, SQLState: 00000
2025-02-11T17:16:20.946+03:00  WARN 7312 --- [PlanningProject] [    Test worker] o.h.engine.jdbc.spi.SqlExceptionHelper   : relation "users_credentials" does not exist, skipping
2025-02-11T17:16:20.948+03:00  WARN 7312 --- [PlanningProject] [    Test worker] o.h.engine.jdbc.spi.SqlExceptionHelper   : SQL Warning Code: 0, SQLState: 00000
2025-02-11T17:16:20.948+03:00  WARN 7312 --- [PlanningProject] [    Test worker] o.h.engine.jdbc.spi.SqlExceptionHelper   : table "groups" does not exist, skipping
2025-02-11T17:16:20.950+03:00  WARN 7312 --- [PlanningProject] [    Test worker] o.h.engine.jdbc.spi.SqlExceptionHelper   : SQL Warning Code: 0, SQLState: 00000
2025-02-11T17:16:20.950+03:00  WARN 7312 --- [PlanningProject] [    Test worker] o.h.engine.jdbc.spi.SqlExceptionHelper   : table "passwords" does not exist, skipping
2025-02-11T17:16:20.951+03:00  WARN 7312 --- [PlanningProject] [    Test worker] o.h.engine.jdbc.spi.SqlExceptionHelper   : SQL Warning Code: 0, SQLState: 00000
2025-02-11T17:16:20.951+03:00  WARN 7312 --- [PlanningProject] [    Test worker] o.h.engine.jdbc.spi.SqlExceptionHelper   : table "products" does not exist, skipping
2025-02-11T17:16:20.953+03:00  WARN 7312 --- [PlanningProject] [    Test worker] o.h.engine.jdbc.spi.SqlExceptionHelper   : SQL Warning Code: 0, SQLState: 00000
2025-02-11T17:16:20.953+03:00  WARN 7312 --- [PlanningProject] [    Test worker] o.h.engine.jdbc.spi.SqlExceptionHelper   : table "products_in_plane" does not exist, skipping
2025-02-11T17:16:20.955+03:00  WARN 7312 --- [PlanningProject] [    Test worker] o.h.engine.jdbc.spi.SqlExceptionHelper   : SQL Warning Code: 0, SQLState: 00000
2025-02-11T17:16:20.955+03:00  WARN 7312 --- [PlanningProject] [    Test worker] o.h.engine.jdbc.spi.SqlExceptionHelper   : table "purchases" does not exist, skipping
2025-02-11T17:16:20.956+03:00  WARN 7312 --- [PlanningProject] [    Test worker] o.h.engine.jdbc.spi.SqlExceptionHelper   : SQL Warning Code: 0, SQLState: 00000
2025-02-11T17:16:20.957+03:00  WARN 7312 --- [PlanningProject] [    Test worker] o.h.engine.jdbc.spi.SqlExceptionHelper   : table "tasks" does not exist, skipping
2025-02-11T17:16:20.958+03:00  WARN 7312 --- [PlanningProject] [    Test worker] o.h.engine.jdbc.spi.SqlExceptionHelper   : SQL Warning Code: 0, SQLState: 00000
2025-02-11T17:16:20.959+03:00  WARN 7312 --- [PlanningProject] [    Test worker] o.h.engine.jdbc.spi.SqlExceptionHelper   : table "user_groups" does not exist, skipping
2025-02-11T17:16:20.960+03:00  WARN 7312 --- [PlanningProject] [    Test worker] o.h.engine.jdbc.spi.SqlExceptionHelper   : SQL Warning Code: 0, SQLState: 00000
2025-02-11T17:16:20.960+03:00  WARN 7312 --- [PlanningProject] [    Test worker] o.h.engine.jdbc.spi.SqlExceptionHelper   : table "users" does not exist, skipping
2025-02-11T17:16:20.961+03:00  WARN 7312 --- [PlanningProject] [    Test worker] o.h.engine.jdbc.spi.SqlExceptionHelper   : SQL Warning Code: 0, SQLState: 00000
2025-02-11T17:16:20.962+03:00  WARN 7312 --- [PlanningProject] [    Test worker] o.h.engine.jdbc.spi.SqlExceptionHelper   : table "users_credentials" does not exist, skipping
2025-02-11T17:16:20.963+03:00  WARN 7312 --- [PlanningProject] [    Test worker] o.h.engine.jdbc.spi.SqlExceptionHelper   : SQL Warning Code: 0, SQLState: 00000
2025-02-11T17:16:20.963+03:00  WARN 7312 --- [PlanningProject] [    Test worker] o.h.engine.jdbc.spi.SqlExceptionHelper   : sequence "groups_seq" does not exist, skipping
2025-02-11T17:16:20.965+03:00  WARN 7312 --- [PlanningProject] [    Test worker] o.h.engine.jdbc.spi.SqlExceptionHelper   : SQL Warning Code: 0, SQLState: 00000
2025-02-11T17:16:20.965+03:00  WARN 7312 --- [PlanningProject] [    Test worker] o.h.engine.jdbc.spi.SqlExceptionHelper   : sequence "passwords_seq" does not exist, skipping
2025-02-11T17:16:20.966+03:00  WARN 7312 --- [PlanningProject] [    Test worker] o.h.engine.jdbc.spi.SqlExceptionHelper   : SQL Warning Code: 0, SQLState: 00000
2025-02-11T17:16:20.966+03:00  WARN 7312 --- [PlanningProject] [    Test worker] o.h.engine.jdbc.spi.SqlExceptionHelper   : sequence "products_in_plane_seq" does not exist, skipping
2025-02-11T17:16:20.968+03:00  WARN 7312 --- [PlanningProject] [    Test worker] o.h.engine.jdbc.spi.SqlExceptionHelper   : SQL Warning Code: 0, SQLState: 00000
2025-02-11T17:16:20.968+03:00  WARN 7312 --- [PlanningProject] [    Test worker] o.h.engine.jdbc.spi.SqlExceptionHelper   : sequence "products_seq" does not exist, skipping
2025-02-11T17:16:20.969+03:00  WARN 7312 --- [PlanningProject] [    Test worker] o.h.engine.jdbc.spi.SqlExceptionHelper   : SQL Warning Code: 0, SQLState: 00000
2025-02-11T17:16:20.969+03:00  WARN 7312 --- [PlanningProject] [    Test worker] o.h.engine.jdbc.spi.SqlExceptionHelper   : sequence "purchases_seq" does not exist, skipping
2025-02-11T17:16:20.970+03:00  WARN 7312 --- [PlanningProject] [    Test worker] o.h.engine.jdbc.spi.SqlExceptionHelper   : SQL Warning Code: 0, SQLState: 00000
2025-02-11T17:16:20.970+03:00  WARN 7312 --- [PlanningProject] [    Test worker] o.h.engine.jdbc.spi.SqlExceptionHelper   : sequence "tasks_seq" does not exist, skipping
2025-02-11T17:16:20.971+03:00  WARN 7312 --- [PlanningProject] [    Test worker] o.h.engine.jdbc.spi.SqlExceptionHelper   : SQL Warning Code: 0, SQLState: 00000
2025-02-11T17:16:20.971+03:00  WARN 7312 --- [PlanningProject] [    Test worker] o.h.engine.jdbc.spi.SqlExceptionHelper   : sequence "users_credentials_seq" does not exist, skipping
2025-02-11T17:16:20.972+03:00  WARN 7312 --- [PlanningProject] [    Test worker] o.h.engine.jdbc.spi.SqlExceptionHelper   : SQL Warning Code: 0, SQLState: 00000
2025-02-11T17:16:20.972+03:00  WARN 7312 --- [PlanningProject] [    Test worker] o.h.engine.jdbc.spi.SqlExceptionHelper   : sequence "users_seq" does not exist, skipping
2025-02-11T17:16:21.033+03:00  INFO 7312 --- [PlanningProject] [    Test worker] j.LocalContainerEntityManagerFactoryBean : Initialized JPA EntityManagerFactory for persistence unit 'default'
2025-02-11T17:16:21.212+03:00  INFO 7312 --- [PlanningProject] [    Test worker] r$InitializeUserDetailsManagerConfigurer : Global AuthenticationManager configured with UserDetailsService bean with name jwtUserDetailsService
2025-02-11T17:16:21.246+03:00  WARN 7312 --- [PlanningProject] [    Test worker] JpaBaseConfiguration$JpaWebConfiguration : spring.jpa.open-in-view is enabled by default. Therefore, database queries may be performed during view rendering. Explicitly configure spring.jpa.open-in-view to disable this warning
2025-02-11T17:16:21.544+03:00  INFO 7312 --- [PlanningProject] [    Test worker] o.s.b.t.m.w.SpringBootMockServletContext : Initializing Spring TestDispatcherServlet ''
2025-02-11T17:16:21.544+03:00  INFO 7312 --- [PlanningProject] [    Test worker] o.s.t.web.servlet.TestDispatcherServlet  : Initializing Servlet ''
2025-02-11T17:16:21.544+03:00  INFO 7312 --- [PlanningProject] [    Test worker] o.s.t.web.servlet.TestDispatcherServlet  : Completed initialization in 0 ms
2025-02-11T17:16:21.559+03:00  INFO 7312 --- [PlanningProject] [    Test worker] d.P.controllers.GroupControllerTest      : Started GroupControllerTest in 1.34 seconds (process running for 17.033)
]]></system-out>
  <system-err><![CDATA[]]></system-err>
</testsuite>
