<?xml version="1.0" encoding="UTF-8"?>
<testsuite name="dev.PlanningProject.controllers.UserControllerTest" tests="2" skipped="0" failures="0" errors="0" timestamp="2025-02-04T18:57:42" hostname="DESKTOP-BNO4RHE" time="0.378">
  <properties/>
  <testcase name="testAddToGroup(GroupService)" classname="dev.PlanningProject.controllers.UserControllerTest" time="0.214"/>
  <testcase name="testGetUserProfile()" classname="dev.PlanningProject.controllers.UserControllerTest" time="0.163"/>
  <system-out><![CDATA[2025-02-04T21:57:39.430+03:00  INFO 20572 --- [PlanningProject] [    Test worker] t.c.s.AnnotationConfigContextLoaderUtils : Could not detect default configuration classes for test class [dev.PlanningProject.controllers.UserControllerTest]: UserControllerTest does not declare any static, non-private, non-final, nested classes annotated with @Configuration.
2025-02-04T21:57:39.438+03:00  INFO 20572 --- [PlanningProject] [    Test worker] .b.t.c.SpringBootTestContextBootstrapper : Found @SpringBootConfiguration dev.PlanningProject.PlanningProjectApplication for test class dev.PlanningProject.controllers.UserControllerTest
2025-02-04T21:57:39.440+03:00  INFO 20572 --- [PlanningProject] [    Test worker] tc.postgres:15                           : Creating container for image: postgres:15
2025-02-04T21:57:39.571+03:00  INFO 20572 --- [PlanningProject] [    Test worker] tc.postgres:15                           : Container postgres:15 is starting: de01dd2dcbf173c5634d72b471ffa66e73303732fcc62d65c3d671be6b323935
2025-02-04T21:57:41.225+03:00  INFO 20572 --- [PlanningProject] [    Test worker] tc.postgres:15                           : Container postgres:15 started in PT1.7849135S
2025-02-04T21:57:41.225+03:00  INFO 20572 --- [PlanningProject] [    Test worker] tc.postgres:15                           : Container is started (JDBC URL: jdbc:postgresql://localhost:63071/test?loggerLevel=OFF)

  .   ____          _            __ _ _
 /\\ / ___'_ __ _ _(_)_ __  __ _ \ \ \ \
( ( )\___ | '_ | '_| | '_ \/ _` | \ \ \ \
 \\/  ___)| |_)| | | | | || (_| |  ) ) ) )
  '  |____| .__|_| |_|_| |_\__, | / / / /
 =========|_|==============|___/=/_/_/_/

 :: Spring Boot ::                (v3.3.5)

2025-02-04T21:57:41.242+03:00  INFO 20572 --- [PlanningProject] [    Test worker] d.P.controllers.UserControllerTest       : Starting UserControllerTest using Java 21.0.6 with PID 20572 (started by Алексей in C:\Projects\PlanningProject)
2025-02-04T21:57:41.242+03:00  INFO 20572 --- [PlanningProject] [    Test worker] d.P.controllers.UserControllerTest       : No active profile set, falling back to 1 default profile: "default"
2025-02-04T21:57:41.392+03:00  INFO 20572 --- [PlanningProject] [    Test worker] .s.d.r.c.RepositoryConfigurationDelegate : Bootstrapping Spring Data JPA repositories in DEFAULT mode.
2025-02-04T21:57:41.417+03:00  INFO 20572 --- [PlanningProject] [    Test worker] .s.d.r.c.RepositoryConfigurationDelegate : Finished Spring Data repository scanning in 23 ms. Found 5 JPA repository interfaces.
2025-02-04T21:57:41.490+03:00  INFO 20572 --- [PlanningProject] [    Test worker] o.hibernate.jpa.internal.util.LogHelper  : HHH000204: Processing PersistenceUnitInfo [name: default]
2025-02-04T21:57:41.492+03:00  INFO 20572 --- [PlanningProject] [    Test worker] o.h.c.internal.RegionFactoryInitiator    : HHH000026: Second-level cache disabled
2025-02-04T21:57:41.499+03:00  INFO 20572 --- [PlanningProject] [    Test worker] o.s.o.j.p.SpringPersistenceUnitInfo      : No LoadTimeWeaver setup: ignoring JPA class transformer
2025-02-04T21:57:41.500+03:00  INFO 20572 --- [PlanningProject] [    Test worker] com.zaxxer.hikari.HikariDataSource       : HikariPool-5 - Starting...
2025-02-04T21:57:41.515+03:00  INFO 20572 --- [PlanningProject] [    Test worker] com.zaxxer.hikari.pool.HikariPool        : HikariPool-5 - Added connection org.postgresql.jdbc.PgConnection@187609cb
2025-02-04T21:57:41.516+03:00  INFO 20572 --- [PlanningProject] [    Test worker] com.zaxxer.hikari.HikariDataSource       : HikariPool-5 - Start completed.
2025-02-04T21:57:41.623+03:00  INFO 20572 --- [PlanningProject] [    Test worker] o.h.e.t.j.p.i.JtaPlatformInitiator       : HHH000489: No JTA platform available (set 'hibernate.transaction.jta.platform' to enable JTA platform integration)
2025-02-04T21:57:41.626+03:00  WARN 20572 --- [PlanningProject] [    Test worker] o.h.engine.jdbc.spi.SqlExceptionHelper   : SQL Warning Code: 0, SQLState: 00000
2025-02-04T21:57:41.626+03:00  WARN 20572 --- [PlanningProject] [    Test worker] o.h.engine.jdbc.spi.SqlExceptionHelper   : relation "groups" does not exist, skipping
2025-02-04T21:57:41.628+03:00  WARN 20572 --- [PlanningProject] [    Test worker] o.h.engine.jdbc.spi.SqlExceptionHelper   : SQL Warning Code: 0, SQLState: 00000
2025-02-04T21:57:41.628+03:00  WARN 20572 --- [PlanningProject] [    Test worker] o.h.engine.jdbc.spi.SqlExceptionHelper   : relation "products" does not exist, skipping
2025-02-04T21:57:41.629+03:00  WARN 20572 --- [PlanningProject] [    Test worker] o.h.engine.jdbc.spi.SqlExceptionHelper   : SQL Warning Code: 0, SQLState: 00000
2025-02-04T21:57:41.630+03:00  WARN 20572 --- [PlanningProject] [    Test worker] o.h.engine.jdbc.spi.SqlExceptionHelper   : relation "products_in_plane" does not exist, skipping
2025-02-04T21:57:41.631+03:00  WARN 20572 --- [PlanningProject] [    Test worker] o.h.engine.jdbc.spi.SqlExceptionHelper   : SQL Warning Code: 0, SQLState: 00000
2025-02-04T21:57:41.631+03:00  WARN 20572 --- [PlanningProject] [    Test worker] o.h.engine.jdbc.spi.SqlExceptionHelper   : relation "products_in_plane" does not exist, skipping
2025-02-04T21:57:41.632+03:00  WARN 20572 --- [PlanningProject] [    Test worker] o.h.engine.jdbc.spi.SqlExceptionHelper   : SQL Warning Code: 0, SQLState: 00000
2025-02-04T21:57:41.632+03:00  WARN 20572 --- [PlanningProject] [    Test worker] o.h.engine.jdbc.spi.SqlExceptionHelper   : relation "purchases" does not exist, skipping
2025-02-04T21:57:41.633+03:00  WARN 20572 --- [PlanningProject] [    Test worker] o.h.engine.jdbc.spi.SqlExceptionHelper   : SQL Warning Code: 0, SQLState: 00000
2025-02-04T21:57:41.634+03:00  WARN 20572 --- [PlanningProject] [    Test worker] o.h.engine.jdbc.spi.SqlExceptionHelper   : relation "purchases" does not exist, skipping
2025-02-04T21:57:41.635+03:00  WARN 20572 --- [PlanningProject] [    Test worker] o.h.engine.jdbc.spi.SqlExceptionHelper   : SQL Warning Code: 0, SQLState: 00000
2025-02-04T21:57:41.636+03:00  WARN 20572 --- [PlanningProject] [    Test worker] o.h.engine.jdbc.spi.SqlExceptionHelper   : relation "purchases" does not exist, skipping
2025-02-04T21:57:41.637+03:00  WARN 20572 --- [PlanningProject] [    Test worker] o.h.engine.jdbc.spi.SqlExceptionHelper   : SQL Warning Code: 0, SQLState: 00000
2025-02-04T21:57:41.637+03:00  WARN 20572 --- [PlanningProject] [    Test worker] o.h.engine.jdbc.spi.SqlExceptionHelper   : relation "tasks" does not exist, skipping
2025-02-04T21:57:41.639+03:00  WARN 20572 --- [PlanningProject] [    Test worker] o.h.engine.jdbc.spi.SqlExceptionHelper   : SQL Warning Code: 0, SQLState: 00000
2025-02-04T21:57:41.639+03:00  WARN 20572 --- [PlanningProject] [    Test worker] o.h.engine.jdbc.spi.SqlExceptionHelper   : relation "tasks" does not exist, skipping
2025-02-04T21:57:41.641+03:00  WARN 20572 --- [PlanningProject] [    Test worker] o.h.engine.jdbc.spi.SqlExceptionHelper   : SQL Warning Code: 0, SQLState: 00000
2025-02-04T21:57:41.641+03:00  WARN 20572 --- [PlanningProject] [    Test worker] o.h.engine.jdbc.spi.SqlExceptionHelper   : relation "user_groups" does not exist, skipping
2025-02-04T21:57:41.642+03:00  WARN 20572 --- [PlanningProject] [    Test worker] o.h.engine.jdbc.spi.SqlExceptionHelper   : SQL Warning Code: 0, SQLState: 00000
2025-02-04T21:57:41.642+03:00  WARN 20572 --- [PlanningProject] [    Test worker] o.h.engine.jdbc.spi.SqlExceptionHelper   : relation "user_groups" does not exist, skipping
2025-02-04T21:57:41.643+03:00  WARN 20572 --- [PlanningProject] [    Test worker] o.h.engine.jdbc.spi.SqlExceptionHelper   : SQL Warning Code: 0, SQLState: 00000
2025-02-04T21:57:41.643+03:00  WARN 20572 --- [PlanningProject] [    Test worker] o.h.engine.jdbc.spi.SqlExceptionHelper   : relation "users" does not exist, skipping
2025-02-04T21:57:41.644+03:00  WARN 20572 --- [PlanningProject] [    Test worker] o.h.engine.jdbc.spi.SqlExceptionHelper   : SQL Warning Code: 0, SQLState: 00000
2025-02-04T21:57:41.644+03:00  WARN 20572 --- [PlanningProject] [    Test worker] o.h.engine.jdbc.spi.SqlExceptionHelper   : relation "users_credentials" does not exist, skipping
2025-02-04T21:57:41.646+03:00  WARN 20572 --- [PlanningProject] [    Test worker] o.h.engine.jdbc.spi.SqlExceptionHelper   : SQL Warning Code: 0, SQLState: 00000
2025-02-04T21:57:41.646+03:00  WARN 20572 --- [PlanningProject] [    Test worker] o.h.engine.jdbc.spi.SqlExceptionHelper   : table "groups" does not exist, skipping
2025-02-04T21:57:41.647+03:00  WARN 20572 --- [PlanningProject] [    Test worker] o.h.engine.jdbc.spi.SqlExceptionHelper   : SQL Warning Code: 0, SQLState: 00000
2025-02-04T21:57:41.647+03:00  WARN 20572 --- [PlanningProject] [    Test worker] o.h.engine.jdbc.spi.SqlExceptionHelper   : table "passwords" does not exist, skipping
2025-02-04T21:57:41.649+03:00  WARN 20572 --- [PlanningProject] [    Test worker] o.h.engine.jdbc.spi.SqlExceptionHelper   : SQL Warning Code: 0, SQLState: 00000
2025-02-04T21:57:41.649+03:00  WARN 20572 --- [PlanningProject] [    Test worker] o.h.engine.jdbc.spi.SqlExceptionHelper   : table "products" does not exist, skipping
2025-02-04T21:57:41.651+03:00  WARN 20572 --- [PlanningProject] [    Test worker] o.h.engine.jdbc.spi.SqlExceptionHelper   : SQL Warning Code: 0, SQLState: 00000
2025-02-04T21:57:41.651+03:00  WARN 20572 --- [PlanningProject] [    Test worker] o.h.engine.jdbc.spi.SqlExceptionHelper   : table "products_in_plane" does not exist, skipping
2025-02-04T21:57:41.652+03:00  WARN 20572 --- [PlanningProject] [    Test worker] o.h.engine.jdbc.spi.SqlExceptionHelper   : SQL Warning Code: 0, SQLState: 00000
2025-02-04T21:57:41.653+03:00  WARN 20572 --- [PlanningProject] [    Test worker] o.h.engine.jdbc.spi.SqlExceptionHelper   : table "purchases" does not exist, skipping
2025-02-04T21:57:41.654+03:00  WARN 20572 --- [PlanningProject] [    Test worker] o.h.engine.jdbc.spi.SqlExceptionHelper   : SQL Warning Code: 0, SQLState: 00000
2025-02-04T21:57:41.654+03:00  WARN 20572 --- [PlanningProject] [    Test worker] o.h.engine.jdbc.spi.SqlExceptionHelper   : table "tasks" does not exist, skipping
2025-02-04T21:57:41.655+03:00  WARN 20572 --- [PlanningProject] [    Test worker] o.h.engine.jdbc.spi.SqlExceptionHelper   : SQL Warning Code: 0, SQLState: 00000
2025-02-04T21:57:41.655+03:00  WARN 20572 --- [PlanningProject] [    Test worker] o.h.engine.jdbc.spi.SqlExceptionHelper   : table "user_groups" does not exist, skipping
2025-02-04T21:57:41.656+03:00  WARN 20572 --- [PlanningProject] [    Test worker] o.h.engine.jdbc.spi.SqlExceptionHelper   : SQL Warning Code: 0, SQLState: 00000
2025-02-04T21:57:41.656+03:00  WARN 20572 --- [PlanningProject] [    Test worker] o.h.engine.jdbc.spi.SqlExceptionHelper   : table "users" does not exist, skipping
2025-02-04T21:57:41.657+03:00  WARN 20572 --- [PlanningProject] [    Test worker] o.h.engine.jdbc.spi.SqlExceptionHelper   : SQL Warning Code: 0, SQLState: 00000
2025-02-04T21:57:41.657+03:00  WARN 20572 --- [PlanningProject] [    Test worker] o.h.engine.jdbc.spi.SqlExceptionHelper   : table "users_credentials" does not exist, skipping
2025-02-04T21:57:41.659+03:00  WARN 20572 --- [PlanningProject] [    Test worker] o.h.engine.jdbc.spi.SqlExceptionHelper   : SQL Warning Code: 0, SQLState: 00000
2025-02-04T21:57:41.659+03:00  WARN 20572 --- [PlanningProject] [    Test worker] o.h.engine.jdbc.spi.SqlExceptionHelper   : sequence "groups_seq" does not exist, skipping
2025-02-04T21:57:41.660+03:00  WARN 20572 --- [PlanningProject] [    Test worker] o.h.engine.jdbc.spi.SqlExceptionHelper   : SQL Warning Code: 0, SQLState: 00000
2025-02-04T21:57:41.660+03:00  WARN 20572 --- [PlanningProject] [    Test worker] o.h.engine.jdbc.spi.SqlExceptionHelper   : sequence "passwords_seq" does not exist, skipping
2025-02-04T21:57:41.661+03:00  WARN 20572 --- [PlanningProject] [    Test worker] o.h.engine.jdbc.spi.SqlExceptionHelper   : SQL Warning Code: 0, SQLState: 00000
2025-02-04T21:57:41.661+03:00  WARN 20572 --- [PlanningProject] [    Test worker] o.h.engine.jdbc.spi.SqlExceptionHelper   : sequence "products_in_plane_seq" does not exist, skipping
2025-02-04T21:57:41.662+03:00  WARN 20572 --- [PlanningProject] [    Test worker] o.h.engine.jdbc.spi.SqlExceptionHelper   : SQL Warning Code: 0, SQLState: 00000
2025-02-04T21:57:41.662+03:00  WARN 20572 --- [PlanningProject] [    Test worker] o.h.engine.jdbc.spi.SqlExceptionHelper   : sequence "products_seq" does not exist, skipping
2025-02-04T21:57:41.664+03:00  WARN 20572 --- [PlanningProject] [    Test worker] o.h.engine.jdbc.spi.SqlExceptionHelper   : SQL Warning Code: 0, SQLState: 00000
2025-02-04T21:57:41.664+03:00  WARN 20572 --- [PlanningProject] [    Test worker] o.h.engine.jdbc.spi.SqlExceptionHelper   : sequence "purchases_seq" does not exist, skipping
2025-02-04T21:57:41.665+03:00  WARN 20572 --- [PlanningProject] [    Test worker] o.h.engine.jdbc.spi.SqlExceptionHelper   : SQL Warning Code: 0, SQLState: 00000
2025-02-04T21:57:41.665+03:00  WARN 20572 --- [PlanningProject] [    Test worker] o.h.engine.jdbc.spi.SqlExceptionHelper   : sequence "tasks_seq" does not exist, skipping
2025-02-04T21:57:41.666+03:00  WARN 20572 --- [PlanningProject] [    Test worker] o.h.engine.jdbc.spi.SqlExceptionHelper   : SQL Warning Code: 0, SQLState: 00000
2025-02-04T21:57:41.666+03:00  WARN 20572 --- [PlanningProject] [    Test worker] o.h.engine.jdbc.spi.SqlExceptionHelper   : sequence "users_credentials_seq" does not exist, skipping
2025-02-04T21:57:41.667+03:00  WARN 20572 --- [PlanningProject] [    Test worker] o.h.engine.jdbc.spi.SqlExceptionHelper   : SQL Warning Code: 0, SQLState: 00000
2025-02-04T21:57:41.667+03:00  WARN 20572 --- [PlanningProject] [    Test worker] o.h.engine.jdbc.spi.SqlExceptionHelper   : sequence "users_seq" does not exist, skipping
2025-02-04T21:57:41.717+03:00  INFO 20572 --- [PlanningProject] [    Test worker] j.LocalContainerEntityManagerFactoryBean : Initialized JPA EntityManagerFactory for persistence unit 'default'
2025-02-04T21:57:41.808+03:00  INFO 20572 --- [PlanningProject] [    Test worker] r$InitializeUserDetailsManagerConfigurer : Global AuthenticationManager configured with UserDetailsService bean with name jwtUserDetailsService
2025-02-04T21:57:41.826+03:00  WARN 20572 --- [PlanningProject] [    Test worker] JpaBaseConfiguration$JpaWebConfiguration : spring.jpa.open-in-view is enabled by default. Therefore, database queries may be performed during view rendering. Explicitly configure spring.jpa.open-in-view to disable this warning
2025-02-04T21:57:42.038+03:00  INFO 20572 --- [PlanningProject] [    Test worker] o.s.b.t.m.w.SpringBootMockServletContext : Initializing Spring TestDispatcherServlet ''
2025-02-04T21:57:42.038+03:00  INFO 20572 --- [PlanningProject] [    Test worker] o.s.t.web.servlet.TestDispatcherServlet  : Initializing Servlet ''
2025-02-04T21:57:42.039+03:00  INFO 20572 --- [PlanningProject] [    Test worker] o.s.t.web.servlet.TestDispatcherServlet  : Completed initialization in 1 ms
2025-02-04T21:57:42.044+03:00  INFO 20572 --- [PlanningProject] [    Test worker] d.P.controllers.UserControllerTest       : Started UserControllerTest in 0.818 seconds (process running for 35.006)
]]></system-out>
  <system-err><![CDATA[]]></system-err>
</testsuite>
