<?xml version="1.0" encoding="UTF-8"?>
<testsuite name="dev.PlanningProject.controllers.TaskControllerTest" tests="5" skipped="0" failures="0" errors="0" timestamp="2025-02-15T13:17:58" hostname="DESKTOP-BNO4RHE" time="0.827">
  <properties/>
  <testcase name="testGetAllTasks(TaskService, GroupService)" classname="dev.PlanningProject.controllers.TaskControllerTest" time="0.21"/>
  <testcase name="testUpdateTask(TaskService, GroupService)" classname="dev.PlanningProject.controllers.TaskControllerTest" time="0.192"/>
  <testcase name="testGetTask(TaskService, GroupService)" classname="dev.PlanningProject.controllers.TaskControllerTest" time="0.147"/>
  <testcase name="testDeleteTask(TaskService, GroupService)" classname="dev.PlanningProject.controllers.TaskControllerTest" time="0.142"/>
  <testcase name="createTask(GroupService)" classname="dev.PlanningProject.controllers.TaskControllerTest" time="0.132"/>
  <system-out><![CDATA[2025-02-15T16:17:54.887+03:00  INFO 21484 --- [PlanningProject] [    Test worker] t.c.s.AnnotationConfigContextLoaderUtils : Could not detect default configuration classes for test class [dev.PlanningProject.controllers.TaskControllerTest]: TaskControllerTest does not declare any static, non-private, non-final, nested classes annotated with @Configuration.
2025-02-15T16:17:54.895+03:00  INFO 21484 --- [PlanningProject] [    Test worker] .b.t.c.SpringBootTestContextBootstrapper : Found @SpringBootConfiguration dev.PlanningProject.PlanningProjectApplication for test class dev.PlanningProject.controllers.TaskControllerTest
2025-02-15T16:17:54.897+03:00  INFO 21484 --- [PlanningProject] [    Test worker] tc.postgres:15                           : Creating container for image: postgres:15
2025-02-15T16:17:55.038+03:00  INFO 21484 --- [PlanningProject] [    Test worker] tc.postgres:15                           : Container postgres:15 is starting: 3077caee5949dd049cf8eb2ad52e426d0b7c949f524a6ad961a2bace59c44ab0
2025-02-15T16:17:56.876+03:00  INFO 21484 --- [PlanningProject] [    Test worker] tc.postgres:15                           : Container postgres:15 started in PT1.9786128S
2025-02-15T16:17:56.876+03:00  INFO 21484 --- [PlanningProject] [    Test worker] tc.postgres:15                           : Container is started (JDBC URL: jdbc:postgresql://localhost:64877/test?loggerLevel=OFF)

  .   ____          _            __ _ _
 /\\ / ___'_ __ _ _(_)_ __  __ _ \ \ \ \
( ( )\___ | '_ | '_| | '_ \/ _` | \ \ \ \
 \\/  ___)| |_)| | | | | || (_| |  ) ) ) )
  '  |____| .__|_| |_|_| |_\__, | / / / /
 =========|_|==============|___/=/_/_/_/

 :: Spring Boot ::                (v3.3.5)

2025-02-15T16:17:56.894+03:00  INFO 21484 --- [PlanningProject] [    Test worker] d.P.controllers.TaskControllerTest       : Starting TaskControllerTest using Java 21.0.6 with PID 21484 (started by Алексей in C:\Projects\PlanningProject)
2025-02-15T16:17:56.894+03:00  INFO 21484 --- [PlanningProject] [    Test worker] d.P.controllers.TaskControllerTest       : The following 1 profile is active: "test"
2025-02-15T16:17:57.070+03:00  INFO 21484 --- [PlanningProject] [    Test worker] .s.d.r.c.RepositoryConfigurationDelegate : Bootstrapping Spring Data JPA repositories in DEFAULT mode.
2025-02-15T16:17:57.099+03:00  INFO 21484 --- [PlanningProject] [    Test worker] .s.d.r.c.RepositoryConfigurationDelegate : Finished Spring Data repository scanning in 28 ms. Found 6 JPA repository interfaces.
2025-02-15T16:17:57.209+03:00  INFO 21484 --- [PlanningProject] [    Test worker] o.hibernate.jpa.internal.util.LogHelper  : HHH000204: Processing PersistenceUnitInfo [name: default]
2025-02-15T16:17:57.209+03:00  INFO 21484 --- [PlanningProject] [    Test worker] o.h.c.internal.RegionFactoryInitiator    : HHH000026: Second-level cache disabled
2025-02-15T16:17:57.225+03:00  INFO 21484 --- [PlanningProject] [    Test worker] o.s.o.j.p.SpringPersistenceUnitInfo      : No LoadTimeWeaver setup: ignoring JPA class transformer
2025-02-15T16:17:57.225+03:00  INFO 21484 --- [PlanningProject] [    Test worker] com.zaxxer.hikari.HikariDataSource       : HikariPool-4 - Starting...
2025-02-15T16:17:57.261+03:00  INFO 21484 --- [PlanningProject] [    Test worker] com.zaxxer.hikari.pool.HikariPool        : HikariPool-4 - Added connection org.postgresql.jdbc.PgConnection@7cb1b13a
2025-02-15T16:17:57.261+03:00  INFO 21484 --- [PlanningProject] [    Test worker] com.zaxxer.hikari.HikariDataSource       : HikariPool-4 - Start completed.
2025-02-15T16:17:57.443+03:00  INFO 21484 --- [PlanningProject] [    Test worker] o.h.e.t.j.p.i.JtaPlatformInitiator       : HHH000489: No JTA platform available (set 'hibernate.transaction.jta.platform' to enable JTA platform integration)
2025-02-15T16:17:57.458+03:00  WARN 21484 --- [PlanningProject] [    Test worker] o.h.engine.jdbc.spi.SqlExceptionHelper   : SQL Warning Code: 0, SQLState: 00000
2025-02-15T16:17:57.458+03:00  WARN 21484 --- [PlanningProject] [    Test worker] o.h.engine.jdbc.spi.SqlExceptionHelper   : relation "groups" does not exist, skipping
2025-02-15T16:17:57.460+03:00  WARN 21484 --- [PlanningProject] [    Test worker] o.h.engine.jdbc.spi.SqlExceptionHelper   : SQL Warning Code: 0, SQLState: 00000
2025-02-15T16:17:57.461+03:00  WARN 21484 --- [PlanningProject] [    Test worker] o.h.engine.jdbc.spi.SqlExceptionHelper   : relation "products" does not exist, skipping
2025-02-15T16:17:57.462+03:00  WARN 21484 --- [PlanningProject] [    Test worker] o.h.engine.jdbc.spi.SqlExceptionHelper   : SQL Warning Code: 0, SQLState: 00000
2025-02-15T16:17:57.462+03:00  WARN 21484 --- [PlanningProject] [    Test worker] o.h.engine.jdbc.spi.SqlExceptionHelper   : relation "products_in_plane" does not exist, skipping
2025-02-15T16:17:57.464+03:00  WARN 21484 --- [PlanningProject] [    Test worker] o.h.engine.jdbc.spi.SqlExceptionHelper   : SQL Warning Code: 0, SQLState: 00000
2025-02-15T16:17:57.464+03:00  WARN 21484 --- [PlanningProject] [    Test worker] o.h.engine.jdbc.spi.SqlExceptionHelper   : relation "products_in_plane" does not exist, skipping
2025-02-15T16:17:57.466+03:00  WARN 21484 --- [PlanningProject] [    Test worker] o.h.engine.jdbc.spi.SqlExceptionHelper   : SQL Warning Code: 0, SQLState: 00000
2025-02-15T16:17:57.466+03:00  WARN 21484 --- [PlanningProject] [    Test worker] o.h.engine.jdbc.spi.SqlExceptionHelper   : relation "purchases" does not exist, skipping
2025-02-15T16:17:57.468+03:00  WARN 21484 --- [PlanningProject] [    Test worker] o.h.engine.jdbc.spi.SqlExceptionHelper   : SQL Warning Code: 0, SQLState: 00000
2025-02-15T16:17:57.468+03:00  WARN 21484 --- [PlanningProject] [    Test worker] o.h.engine.jdbc.spi.SqlExceptionHelper   : relation "purchases" does not exist, skipping
2025-02-15T16:17:57.470+03:00  WARN 21484 --- [PlanningProject] [    Test worker] o.h.engine.jdbc.spi.SqlExceptionHelper   : SQL Warning Code: 0, SQLState: 00000
2025-02-15T16:17:57.470+03:00  WARN 21484 --- [PlanningProject] [    Test worker] o.h.engine.jdbc.spi.SqlExceptionHelper   : relation "purchases" does not exist, skipping
2025-02-15T16:17:57.472+03:00  WARN 21484 --- [PlanningProject] [    Test worker] o.h.engine.jdbc.spi.SqlExceptionHelper   : SQL Warning Code: 0, SQLState: 00000
2025-02-15T16:17:57.472+03:00  WARN 21484 --- [PlanningProject] [    Test worker] o.h.engine.jdbc.spi.SqlExceptionHelper   : relation "tasks" does not exist, skipping
2025-02-15T16:17:57.475+03:00  WARN 21484 --- [PlanningProject] [    Test worker] o.h.engine.jdbc.spi.SqlExceptionHelper   : SQL Warning Code: 0, SQLState: 00000
2025-02-15T16:17:57.475+03:00  WARN 21484 --- [PlanningProject] [    Test worker] o.h.engine.jdbc.spi.SqlExceptionHelper   : relation "tasks" does not exist, skipping
2025-02-15T16:17:57.477+03:00  WARN 21484 --- [PlanningProject] [    Test worker] o.h.engine.jdbc.spi.SqlExceptionHelper   : SQL Warning Code: 0, SQLState: 00000
2025-02-15T16:17:57.477+03:00  WARN 21484 --- [PlanningProject] [    Test worker] o.h.engine.jdbc.spi.SqlExceptionHelper   : relation "user_groups" does not exist, skipping
2025-02-15T16:17:57.479+03:00  WARN 21484 --- [PlanningProject] [    Test worker] o.h.engine.jdbc.spi.SqlExceptionHelper   : SQL Warning Code: 0, SQLState: 00000
2025-02-15T16:17:57.479+03:00  WARN 21484 --- [PlanningProject] [    Test worker] o.h.engine.jdbc.spi.SqlExceptionHelper   : relation "user_groups" does not exist, skipping
2025-02-15T16:17:57.481+03:00  WARN 21484 --- [PlanningProject] [    Test worker] o.h.engine.jdbc.spi.SqlExceptionHelper   : SQL Warning Code: 0, SQLState: 00000
2025-02-15T16:17:57.481+03:00  WARN 21484 --- [PlanningProject] [    Test worker] o.h.engine.jdbc.spi.SqlExceptionHelper   : relation "users" does not exist, skipping
2025-02-15T16:17:57.483+03:00  WARN 21484 --- [PlanningProject] [    Test worker] o.h.engine.jdbc.spi.SqlExceptionHelper   : SQL Warning Code: 0, SQLState: 00000
2025-02-15T16:17:57.483+03:00  WARN 21484 --- [PlanningProject] [    Test worker] o.h.engine.jdbc.spi.SqlExceptionHelper   : relation "users_credentials" does not exist, skipping
2025-02-15T16:17:57.484+03:00  WARN 21484 --- [PlanningProject] [    Test worker] o.h.engine.jdbc.spi.SqlExceptionHelper   : SQL Warning Code: 0, SQLState: 00000
2025-02-15T16:17:57.484+03:00  WARN 21484 --- [PlanningProject] [    Test worker] o.h.engine.jdbc.spi.SqlExceptionHelper   : table "groups" does not exist, skipping
2025-02-15T16:17:57.486+03:00  WARN 21484 --- [PlanningProject] [    Test worker] o.h.engine.jdbc.spi.SqlExceptionHelper   : SQL Warning Code: 0, SQLState: 00000
2025-02-15T16:17:57.486+03:00  WARN 21484 --- [PlanningProject] [    Test worker] o.h.engine.jdbc.spi.SqlExceptionHelper   : table "passwords" does not exist, skipping
2025-02-15T16:17:57.487+03:00  WARN 21484 --- [PlanningProject] [    Test worker] o.h.engine.jdbc.spi.SqlExceptionHelper   : SQL Warning Code: 0, SQLState: 00000
2025-02-15T16:17:57.487+03:00  WARN 21484 --- [PlanningProject] [    Test worker] o.h.engine.jdbc.spi.SqlExceptionHelper   : table "products" does not exist, skipping
2025-02-15T16:17:57.489+03:00  WARN 21484 --- [PlanningProject] [    Test worker] o.h.engine.jdbc.spi.SqlExceptionHelper   : SQL Warning Code: 0, SQLState: 00000
2025-02-15T16:17:57.489+03:00  WARN 21484 --- [PlanningProject] [    Test worker] o.h.engine.jdbc.spi.SqlExceptionHelper   : table "products_in_plane" does not exist, skipping
2025-02-15T16:17:57.490+03:00  WARN 21484 --- [PlanningProject] [    Test worker] o.h.engine.jdbc.spi.SqlExceptionHelper   : SQL Warning Code: 0, SQLState: 00000
2025-02-15T16:17:57.490+03:00  WARN 21484 --- [PlanningProject] [    Test worker] o.h.engine.jdbc.spi.SqlExceptionHelper   : table "purchases" does not exist, skipping
2025-02-15T16:17:57.492+03:00  WARN 21484 --- [PlanningProject] [    Test worker] o.h.engine.jdbc.spi.SqlExceptionHelper   : SQL Warning Code: 0, SQLState: 00000
2025-02-15T16:17:57.492+03:00  WARN 21484 --- [PlanningProject] [    Test worker] o.h.engine.jdbc.spi.SqlExceptionHelper   : table "tasks" does not exist, skipping
2025-02-15T16:17:57.493+03:00  WARN 21484 --- [PlanningProject] [    Test worker] o.h.engine.jdbc.spi.SqlExceptionHelper   : SQL Warning Code: 0, SQLState: 00000
2025-02-15T16:17:57.494+03:00  WARN 21484 --- [PlanningProject] [    Test worker] o.h.engine.jdbc.spi.SqlExceptionHelper   : table "user_groups" does not exist, skipping
2025-02-15T16:17:57.495+03:00  WARN 21484 --- [PlanningProject] [    Test worker] o.h.engine.jdbc.spi.SqlExceptionHelper   : SQL Warning Code: 0, SQLState: 00000
2025-02-15T16:17:57.495+03:00  WARN 21484 --- [PlanningProject] [    Test worker] o.h.engine.jdbc.spi.SqlExceptionHelper   : table "users" does not exist, skipping
2025-02-15T16:17:57.496+03:00  WARN 21484 --- [PlanningProject] [    Test worker] o.h.engine.jdbc.spi.SqlExceptionHelper   : SQL Warning Code: 0, SQLState: 00000
2025-02-15T16:17:57.496+03:00  WARN 21484 --- [PlanningProject] [    Test worker] o.h.engine.jdbc.spi.SqlExceptionHelper   : table "users_credentials" does not exist, skipping
2025-02-15T16:17:57.498+03:00  WARN 21484 --- [PlanningProject] [    Test worker] o.h.engine.jdbc.spi.SqlExceptionHelper   : SQL Warning Code: 0, SQLState: 00000
2025-02-15T16:17:57.498+03:00  WARN 21484 --- [PlanningProject] [    Test worker] o.h.engine.jdbc.spi.SqlExceptionHelper   : sequence "groups_seq" does not exist, skipping
2025-02-15T16:17:57.500+03:00  WARN 21484 --- [PlanningProject] [    Test worker] o.h.engine.jdbc.spi.SqlExceptionHelper   : SQL Warning Code: 0, SQLState: 00000
2025-02-15T16:17:57.500+03:00  WARN 21484 --- [PlanningProject] [    Test worker] o.h.engine.jdbc.spi.SqlExceptionHelper   : sequence "passwords_seq" does not exist, skipping
2025-02-15T16:17:57.501+03:00  WARN 21484 --- [PlanningProject] [    Test worker] o.h.engine.jdbc.spi.SqlExceptionHelper   : SQL Warning Code: 0, SQLState: 00000
2025-02-15T16:17:57.501+03:00  WARN 21484 --- [PlanningProject] [    Test worker] o.h.engine.jdbc.spi.SqlExceptionHelper   : sequence "products_in_plane_seq" does not exist, skipping
2025-02-15T16:17:57.502+03:00  WARN 21484 --- [PlanningProject] [    Test worker] o.h.engine.jdbc.spi.SqlExceptionHelper   : SQL Warning Code: 0, SQLState: 00000
2025-02-15T16:17:57.502+03:00  WARN 21484 --- [PlanningProject] [    Test worker] o.h.engine.jdbc.spi.SqlExceptionHelper   : sequence "products_seq" does not exist, skipping
2025-02-15T16:17:57.503+03:00  WARN 21484 --- [PlanningProject] [    Test worker] o.h.engine.jdbc.spi.SqlExceptionHelper   : SQL Warning Code: 0, SQLState: 00000
2025-02-15T16:17:57.503+03:00  WARN 21484 --- [PlanningProject] [    Test worker] o.h.engine.jdbc.spi.SqlExceptionHelper   : sequence "purchases_seq" does not exist, skipping
2025-02-15T16:17:57.505+03:00  WARN 21484 --- [PlanningProject] [    Test worker] o.h.engine.jdbc.spi.SqlExceptionHelper   : SQL Warning Code: 0, SQLState: 00000
2025-02-15T16:17:57.505+03:00  WARN 21484 --- [PlanningProject] [    Test worker] o.h.engine.jdbc.spi.SqlExceptionHelper   : sequence "tasks_seq" does not exist, skipping
2025-02-15T16:17:57.507+03:00  WARN 21484 --- [PlanningProject] [    Test worker] o.h.engine.jdbc.spi.SqlExceptionHelper   : SQL Warning Code: 0, SQLState: 00000
2025-02-15T16:17:57.507+03:00  WARN 21484 --- [PlanningProject] [    Test worker] o.h.engine.jdbc.spi.SqlExceptionHelper   : sequence "users_credentials_seq" does not exist, skipping
2025-02-15T16:17:57.508+03:00  WARN 21484 --- [PlanningProject] [    Test worker] o.h.engine.jdbc.spi.SqlExceptionHelper   : SQL Warning Code: 0, SQLState: 00000
2025-02-15T16:17:57.508+03:00  WARN 21484 --- [PlanningProject] [    Test worker] o.h.engine.jdbc.spi.SqlExceptionHelper   : sequence "users_seq" does not exist, skipping
2025-02-15T16:17:57.568+03:00  INFO 21484 --- [PlanningProject] [    Test worker] j.LocalContainerEntityManagerFactoryBean : Initialized JPA EntityManagerFactory for persistence unit 'default'
2025-02-15T16:17:57.676+03:00  INFO 21484 --- [PlanningProject] [    Test worker] r$InitializeUserDetailsManagerConfigurer : Global AuthenticationManager configured with UserDetailsService bean with name jwtUserDetailsService
2025-02-15T16:17:57.712+03:00  WARN 21484 --- [PlanningProject] [    Test worker] JpaBaseConfiguration$JpaWebConfiguration : spring.jpa.open-in-view is enabled by default. Therefore, database queries may be performed during view rendering. Explicitly configure spring.jpa.open-in-view to disable this warning
2025-02-15T16:17:57.978+03:00  INFO 21484 --- [PlanningProject] [    Test worker] o.s.b.t.m.w.SpringBootMockServletContext : Initializing Spring TestDispatcherServlet ''
2025-02-15T16:17:57.978+03:00  INFO 21484 --- [PlanningProject] [    Test worker] o.s.t.web.servlet.TestDispatcherServlet  : Initializing Servlet ''
2025-02-15T16:17:57.978+03:00  INFO 21484 --- [PlanningProject] [    Test worker] o.s.t.web.servlet.TestDispatcherServlet  : Completed initialization in 0 ms
2025-02-15T16:17:57.978+03:00  INFO 21484 --- [PlanningProject] [    Test worker] o.a.k.clients.admin.AdminClientConfig    : AdminClientConfig values: 
	auto.include.jmx.reporter = true
	bootstrap.controllers = []
	bootstrap.servers = [localhost:29092]
	client.dns.lookup = use_all_dns_ips
	client.id = PlanningProject-admin-3
	connections.max.idle.ms = 300000
	default.api.timeout.ms = 60000
	enable.metrics.push = true
	metadata.max.age.ms = 300000
	metric.reporters = []
	metrics.num.samples = 2
	metrics.recording.level = INFO
	metrics.sample.window.ms = 30000
	receive.buffer.bytes = 65536
	reconnect.backoff.max.ms = 1000
	reconnect.backoff.ms = 50
	request.timeout.ms = 30000
	retries = 2147483647
	retry.backoff.max.ms = 1000
	retry.backoff.ms = 100
	sasl.client.callback.handler.class = null
	sasl.jaas.config = null
	sasl.kerberos.kinit.cmd = /usr/bin/kinit
	sasl.kerberos.min.time.before.relogin = 60000
	sasl.kerberos.service.name = null
	sasl.kerberos.ticket.renew.jitter = 0.05
	sasl.kerberos.ticket.renew.window.factor = 0.8
	sasl.login.callback.handler.class = null
	sasl.login.class = null
	sasl.login.connect.timeout.ms = null
	sasl.login.read.timeout.ms = null
	sasl.login.refresh.buffer.seconds = 300
	sasl.login.refresh.min.period.seconds = 60
	sasl.login.refresh.window.factor = 0.8
	sasl.login.refresh.window.jitter = 0.05
	sasl.login.retry.backoff.max.ms = 10000
	sasl.login.retry.backoff.ms = 100
	sasl.mechanism = GSSAPI
	sasl.oauthbearer.clock.skew.seconds = 30
	sasl.oauthbearer.expected.audience = null
	sasl.oauthbearer.expected.issuer = null
	sasl.oauthbearer.jwks.endpoint.refresh.ms = 3600000
	sasl.oauthbearer.jwks.endpoint.retry.backoff.max.ms = 10000
	sasl.oauthbearer.jwks.endpoint.retry.backoff.ms = 100
	sasl.oauthbearer.jwks.endpoint.url = null
	sasl.oauthbearer.scope.claim.name = scope
	sasl.oauthbearer.sub.claim.name = sub
	sasl.oauthbearer.token.endpoint.url = null
	security.protocol = PLAINTEXT
	security.providers = null
	send.buffer.bytes = 131072
	socket.connection.setup.timeout.max.ms = 30000
	socket.connection.setup.timeout.ms = 10000
	ssl.cipher.suites = null
	ssl.enabled.protocols = [TLSv1.2, TLSv1.3]
	ssl.endpoint.identification.algorithm = https
	ssl.engine.factory.class = null
	ssl.key.password = null
	ssl.keymanager.algorithm = SunX509
	ssl.keystore.certificate.chain = null
	ssl.keystore.key = null
	ssl.keystore.location = null
	ssl.keystore.password = null
	ssl.keystore.type = JKS
	ssl.protocol = TLSv1.3
	ssl.provider = null
	ssl.secure.random.implementation = null
	ssl.trustmanager.algorithm = PKIX
	ssl.truststore.certificates = null
	ssl.truststore.location = null
	ssl.truststore.password = null
	ssl.truststore.type = JKS

2025-02-15T16:17:57.978+03:00  INFO 21484 --- [PlanningProject] [    Test worker] o.a.kafka.common.utils.AppInfoParser     : Kafka version: 3.7.1
2025-02-15T16:17:57.978+03:00  INFO 21484 --- [PlanningProject] [    Test worker] o.a.kafka.common.utils.AppInfoParser     : Kafka commitId: e2494e6ffb89f828
2025-02-15T16:17:57.978+03:00  INFO 21484 --- [PlanningProject] [    Test worker] o.a.kafka.common.utils.AppInfoParser     : Kafka startTimeMs: 1739625477978
2025-02-15T16:17:58.002+03:00  INFO 21484 --- [PlanningProject] [Project-admin-3] o.a.kafka.common.utils.AppInfoParser     : App info kafka.admin.client for PlanningProject-admin-3 unregistered
2025-02-15T16:17:58.003+03:00  INFO 21484 --- [PlanningProject] [Project-admin-3] o.apache.kafka.common.metrics.Metrics    : Metrics scheduler closed
2025-02-15T16:17:58.004+03:00  INFO 21484 --- [PlanningProject] [Project-admin-3] o.apache.kafka.common.metrics.Metrics    : Closing reporter org.apache.kafka.common.metrics.JmxReporter
2025-02-15T16:17:58.004+03:00  INFO 21484 --- [PlanningProject] [Project-admin-3] o.apache.kafka.common.metrics.Metrics    : Metrics reporters closed
2025-02-15T16:17:58.008+03:00  INFO 21484 --- [PlanningProject] [    Test worker] d.P.controllers.TaskControllerTest       : Started TaskControllerTest in 1.13 seconds (process running for 32.862)
2025-02-15T16:17:58.097+03:00  INFO 21484 --- [PlanningProject] [    Test worker] d.P.services.KafkaProducer               : {"entityClass":"UserEntity","action":"PERSIST","localDateTime":"2025-02-15T16:17:58.0954002","object":{"id":1,"email":null,"avatarUrl":null},"username":"userTest","serviceName":"plannerBackend"}
2025-02-15T16:17:58.097+03:00  INFO 21484 --- [PlanningProject] [    Test worker] o.a.k.clients.producer.ProducerConfig    : ProducerConfig values: 
	acks = -1
	auto.include.jmx.reporter = true
	batch.size = 16384
	bootstrap.servers = [localhost:29092]
	buffer.memory = 33554432
	client.dns.lookup = use_all_dns_ips
	client.id = PlanningProject-producer-1
	compression.type = none
	connections.max.idle.ms = 540000
	delivery.timeout.ms = 120000
	enable.idempotence = true
	enable.metrics.push = true
	interceptor.classes = []
	key.serializer = class org.apache.kafka.common.serialization.StringSerializer
	linger.ms = 0
	max.block.ms = 60000
	max.in.flight.requests.per.connection = 5
	max.request.size = 1048576
	metadata.max.age.ms = 300000
	metadata.max.idle.ms = 300000
	metric.reporters = []
	metrics.num.samples = 2
	metrics.recording.level = INFO
	metrics.sample.window.ms = 30000
	partitioner.adaptive.partitioning.enable = true
	partitioner.availability.timeout.ms = 0
	partitioner.class = null
	partitioner.ignore.keys = false
	receive.buffer.bytes = 32768
	reconnect.backoff.max.ms = 1000
	reconnect.backoff.ms = 50
	request.timeout.ms = 30000
	retries = 2147483647
	retry.backoff.max.ms = 1000
	retry.backoff.ms = 100
	sasl.client.callback.handler.class = null
	sasl.jaas.config = null
	sasl.kerberos.kinit.cmd = /usr/bin/kinit
	sasl.kerberos.min.time.before.relogin = 60000
	sasl.kerberos.service.name = null
	sasl.kerberos.ticket.renew.jitter = 0.05
	sasl.kerberos.ticket.renew.window.factor = 0.8
	sasl.login.callback.handler.class = null
	sasl.login.class = null
	sasl.login.connect.timeout.ms = null
	sasl.login.read.timeout.ms = null
	sasl.login.refresh.buffer.seconds = 300
	sasl.login.refresh.min.period.seconds = 60
	sasl.login.refresh.window.factor = 0.8
	sasl.login.refresh.window.jitter = 0.05
	sasl.login.retry.backoff.max.ms = 10000
	sasl.login.retry.backoff.ms = 100
	sasl.mechanism = GSSAPI
	sasl.oauthbearer.clock.skew.seconds = 30
	sasl.oauthbearer.expected.audience = null
	sasl.oauthbearer.expected.issuer = null
	sasl.oauthbearer.jwks.endpoint.refresh.ms = 3600000
	sasl.oauthbearer.jwks.endpoint.retry.backoff.max.ms = 10000
	sasl.oauthbearer.jwks.endpoint.retry.backoff.ms = 100
	sasl.oauthbearer.jwks.endpoint.url = null
	sasl.oauthbearer.scope.claim.name = scope
	sasl.oauthbearer.sub.claim.name = sub
	sasl.oauthbearer.token.endpoint.url = null
	security.protocol = PLAINTEXT
	security.providers = null
	send.buffer.bytes = 131072
	socket.connection.setup.timeout.max.ms = 30000
	socket.connection.setup.timeout.ms = 10000
	ssl.cipher.suites = null
	ssl.enabled.protocols = [TLSv1.2, TLSv1.3]
	ssl.endpoint.identification.algorithm = https
	ssl.engine.factory.class = null
	ssl.key.password = null
	ssl.keymanager.algorithm = SunX509
	ssl.keystore.certificate.chain = null
	ssl.keystore.key = null
	ssl.keystore.location = null
	ssl.keystore.password = null
	ssl.keystore.type = JKS
	ssl.protocol = TLSv1.3
	ssl.provider = null
	ssl.secure.random.implementation = null
	ssl.trustmanager.algorithm = PKIX
	ssl.truststore.certificates = null
	ssl.truststore.location = null
	ssl.truststore.password = null
	ssl.truststore.type = JKS
	transaction.timeout.ms = 60000
	transactional.id = null
	value.serializer = class org.apache.kafka.common.serialization.StringSerializer

2025-02-15T16:17:58.098+03:00  INFO 21484 --- [PlanningProject] [    Test worker] o.a.k.c.t.i.KafkaMetricsCollector        : initializing Kafka metrics collector
2025-02-15T16:17:58.099+03:00  INFO 21484 --- [PlanningProject] [    Test worker] o.a.k.clients.producer.KafkaProducer     : [Producer clientId=PlanningProject-producer-1] Instantiated an idempotent producer.
2025-02-15T16:17:58.102+03:00  INFO 21484 --- [PlanningProject] [    Test worker] o.a.kafka.common.utils.AppInfoParser     : The mbean of App info: [kafka.producer], id: [PlanningProject-producer-1] already exists, so skipping a new mbean creation.
2025-02-15T16:17:58.108+03:00  INFO 21484 --- [PlanningProject] [ject-producer-1] org.apache.kafka.clients.Metadata        : [Producer clientId=PlanningProject-producer-1] Cluster ID: 6HyOj0RnTOGC-L3k5-V2uQ
2025-02-15T16:17:58.108+03:00  INFO 21484 --- [PlanningProject] [ject-producer-1] o.a.k.c.p.internals.TransactionManager   : [Producer clientId=PlanningProject-producer-1] ProducerId set to 10006 with epoch 0
2025-02-15T16:17:58.126+03:00  INFO 21484 --- [PlanningProject] [    Test worker] d.P.services.KafkaProducer               : {"entityClass":"GroupEntity","action":"PERSIST","localDateTime":"2025-02-15T16:17:58.1254916","object":{"id":1,"name":"testGroup"},"username":"userTest","serviceName":"plannerBackend"}
2025-02-15T16:17:58.141+03:00  INFO 21484 --- [PlanningProject] [    Test worker] d.P.services.KafkaProducer               : {"entityClass":"TaskEntity","action":"PERSIST","localDateTime":"2025-02-15T16:17:58.1400337","object":{"id":1,"name":"testTask1","comment":"testComment1","amount":null,"completeness":null,"products":null,"groupId":1,"userCreator":"userTest"},"username":"userTest","serviceName":"plannerBackend"}
2025-02-15T16:17:58.152+03:00  INFO 21484 --- [PlanningProject] [    Test worker] d.P.services.KafkaProducer               : {"entityClass":"TaskEntity","action":"PERSIST","localDateTime":"2025-02-15T16:17:58.1520278","object":{"id":2,"name":"testTask2","comment":"testComment2","amount":null,"completeness":null,"products":null,"groupId":1,"userCreator":"userTest"},"username":"userTest","serviceName":"plannerBackend"}

MockHttpServletRequest:
      HTTP Method = GET
      Request URI = /api/base/task/get/1
       Parameters = {}
          Headers = [Content-Type:"application/json;charset=UTF-8"]
             Body = null
    Session Attrs = {}

Handler:
             Type = dev.PlanningProject.controllers.TaskController
           Method = dev.PlanningProject.controllers.TaskController#getTasks(Long)

Async:
    Async started = false
     Async result = null

Resolved Exception:
             Type = null

ModelAndView:
        View name = null
             View = null
            Model = null

FlashMap:
       Attributes = null

MockHttpServletResponse:
           Status = 200
    Error message = null
          Headers = [Content-Type:"application/json", X-Content-Type-Options:"nosniff", X-XSS-Protection:"0", Cache-Control:"no-cache, no-store, max-age=0, must-revalidate", Pragma:"no-cache", Expires:"0", X-Frame-Options:"DENY"]
     Content type = application/json
             Body = [{"id":1,"name":"testTask1","comment":"testComment1","amount":null,"completeness":null},{"id":2,"name":"testTask2","comment":"testComment2","amount":null,"completeness":null}]
    Forwarded URL = null
   Redirected URL = null
          Cookies = []
2025-02-15T16:17:58.187+03:00  INFO 21484 --- [PlanningProject] [    Test worker] d.P.services.KafkaProducer               : {"entityClass":"TaskEntity","action":"REMOVE","localDateTime":"2025-02-15T16:17:58.1878993","object":{"id":1,"name":"testTask1","comment":"testComment1","amount":null,"completeness":null,"products":[],"groupId":1,"userCreator":"userTest"},"username":"initializer","serviceName":"plannerBackend"}
2025-02-15T16:17:58.191+03:00  INFO 21484 --- [PlanningProject] [    Test worker] d.P.services.KafkaProducer               : {"entityClass":"TaskEntity","action":"REMOVE","localDateTime":"2025-02-15T16:17:58.1911245","object":{"id":2,"name":"testTask2","comment":"testComment2","amount":null,"completeness":null,"products":[],"groupId":1,"userCreator":"userTest"},"username":"initializer","serviceName":"plannerBackend"}
2025-02-15T16:17:58.203+03:00  INFO 21484 --- [PlanningProject] [    Test worker] d.P.services.KafkaProducer               : {"entityClass":"GroupEntity","action":"REMOVE","localDateTime":"2025-02-15T16:17:58.2036132","object":{"id":1,"name":"testGroup"},"username":"initializer","serviceName":"plannerBackend"}
2025-02-15T16:17:58.215+03:00  INFO 21484 --- [PlanningProject] [    Test worker] d.P.services.KafkaProducer               : {"entityClass":"UserEntity","action":"REMOVE","localDateTime":"2025-02-15T16:17:58.2155957","object":{"id":1,"email":null,"avatarUrl":null},"username":"initializer","serviceName":"plannerBackend"}
2025-02-15T16:17:58.300+03:00  INFO 21484 --- [PlanningProject] [    Test worker] d.P.services.KafkaProducer               : {"entityClass":"UserEntity","action":"PERSIST","localDateTime":"2025-02-15T16:17:58.3004341","object":{"id":2,"email":null,"avatarUrl":null},"username":"userTest","serviceName":"plannerBackend"}
2025-02-15T16:17:58.314+03:00  INFO 21484 --- [PlanningProject] [    Test worker] d.P.services.KafkaProducer               : {"entityClass":"GroupEntity","action":"PERSIST","localDateTime":"2025-02-15T16:17:58.3141307","object":{"id":2,"name":"testGroup"},"username":"userTest","serviceName":"plannerBackend"}
2025-02-15T16:17:58.322+03:00  INFO 21484 --- [PlanningProject] [    Test worker] d.P.services.KafkaProducer               : {"entityClass":"TaskEntity","action":"PERSIST","localDateTime":"2025-02-15T16:17:58.3225024","object":{"id":3,"name":"testTask","comment":"testComment","amount":null,"completeness":null,"products":null,"groupId":2,"userCreator":"userTest"},"username":"userTest","serviceName":"plannerBackend"}
2025-02-15T16:17:58.356+03:00  WARN 21484 --- [PlanningProject] [    Test worker] o.h.p.entity.AbstractEntityPersister     : HHH000502: The [group] property of the [dev.PlanningProject.entities.TaskEntity] entity was modified, but it won't be updated because the property is immutable.
2025-02-15T16:17:58.356+03:00  WARN 21484 --- [PlanningProject] [    Test worker] o.h.p.entity.AbstractEntityPersister     : HHH000502: The [userCreator] property of the [dev.PlanningProject.entities.TaskEntity] entity was modified, but it won't be updated because the property is immutable.
2025-02-15T16:17:58.360+03:00  INFO 21484 --- [PlanningProject] [    Test worker] d.P.services.KafkaProducer               : {"entityClass":"TaskEntity","action":"UPDATE","localDateTime":"2025-02-15T16:17:58.3592082","object":{"id":3,"name":"newTestTask","comment":"newTestComment","amount":0,"completeness":0,"products":[],"groupId":2,"userCreator":null},"username":"userTest","serviceName":"plannerBackend"}
2025-02-15T16:17:58.378+03:00  INFO 21484 --- [PlanningProject] [    Test worker] d.P.services.KafkaProducer               : {"entityClass":"TaskEntity","action":"REMOVE","localDateTime":"2025-02-15T16:17:58.3789441","object":{"id":3,"name":"newTestTask","comment":"newTestComment","amount":0.00,"completeness":0,"products":[],"groupId":2,"userCreator":"userTest"},"username":"initializer","serviceName":"plannerBackend"}
2025-02-15T16:17:58.393+03:00  INFO 21484 --- [PlanningProject] [    Test worker] d.P.services.KafkaProducer               : {"entityClass":"GroupEntity","action":"REMOVE","localDateTime":"2025-02-15T16:17:58.3939559","object":{"id":2,"name":"testGroup"},"username":"initializer","serviceName":"plannerBackend"}
2025-02-15T16:17:58.407+03:00  INFO 21484 --- [PlanningProject] [    Test worker] d.P.services.KafkaProducer               : {"entityClass":"UserEntity","action":"REMOVE","localDateTime":"2025-02-15T16:17:58.4072331","object":{"id":2,"email":null,"avatarUrl":null},"username":"initializer","serviceName":"plannerBackend"}
2025-02-15T16:17:58.486+03:00  INFO 21484 --- [PlanningProject] [    Test worker] d.P.services.KafkaProducer               : {"entityClass":"UserEntity","action":"PERSIST","localDateTime":"2025-02-15T16:17:58.4864563","object":{"id":3,"email":null,"avatarUrl":null},"username":"userTest","serviceName":"plannerBackend"}
2025-02-15T16:17:58.497+03:00  INFO 21484 --- [PlanningProject] [    Test worker] d.P.services.KafkaProducer               : {"entityClass":"GroupEntity","action":"PERSIST","localDateTime":"2025-02-15T16:17:58.4965253","object":{"id":3,"name":"testGroup"},"username":"userTest","serviceName":"plannerBackend"}
2025-02-15T16:17:58.508+03:00  INFO 21484 --- [PlanningProject] [    Test worker] d.P.services.KafkaProducer               : {"entityClass":"TaskEntity","action":"PERSIST","localDateTime":"2025-02-15T16:17:58.5086351","object":{"id":4,"name":"testTask","comment":"testComment","amount":null,"completeness":null,"products":null,"groupId":3,"userCreator":"userTest"},"username":"userTest","serviceName":"plannerBackend"}
2025-02-15T16:17:58.536+03:00  INFO 21484 --- [PlanningProject] [    Test worker] d.P.services.KafkaProducer               : {"entityClass":"TaskEntity","action":"REMOVE","localDateTime":"2025-02-15T16:17:58.5363147","object":{"id":4,"name":"testTask","comment":"testComment","amount":null,"completeness":null,"products":[],"groupId":3,"userCreator":"userTest"},"username":"initializer","serviceName":"plannerBackend"}
2025-02-15T16:17:58.546+03:00  INFO 21484 --- [PlanningProject] [    Test worker] d.P.services.KafkaProducer               : {"entityClass":"GroupEntity","action":"REMOVE","localDateTime":"2025-02-15T16:17:58.5467805","object":{"id":3,"name":"testGroup"},"username":"initializer","serviceName":"plannerBackend"}
2025-02-15T16:17:58.557+03:00  INFO 21484 --- [PlanningProject] [    Test worker] d.P.services.KafkaProducer               : {"entityClass":"UserEntity","action":"REMOVE","localDateTime":"2025-02-15T16:17:58.5571661","object":{"id":3,"email":null,"avatarUrl":null},"username":"initializer","serviceName":"plannerBackend"}
2025-02-15T16:17:58.629+03:00  INFO 21484 --- [PlanningProject] [    Test worker] d.P.services.KafkaProducer               : {"entityClass":"UserEntity","action":"PERSIST","localDateTime":"2025-02-15T16:17:58.6295743","object":{"id":4,"email":null,"avatarUrl":null},"username":"userTest","serviceName":"plannerBackend"}
2025-02-15T16:17:58.640+03:00  INFO 21484 --- [PlanningProject] [    Test worker] d.P.services.KafkaProducer               : {"entityClass":"GroupEntity","action":"PERSIST","localDateTime":"2025-02-15T16:17:58.6403361","object":{"id":4,"name":"testGroup"},"username":"userTest","serviceName":"plannerBackend"}
2025-02-15T16:17:58.651+03:00  INFO 21484 --- [PlanningProject] [    Test worker] d.P.services.KafkaProducer               : {"entityClass":"TaskEntity","action":"PERSIST","localDateTime":"2025-02-15T16:17:58.651308","object":{"id":5,"name":"testTask","comment":"testComment","amount":null,"completeness":null,"products":null,"groupId":4,"userCreator":"userTest"},"username":"userTest","serviceName":"plannerBackend"}
2025-02-15T16:17:58.670+03:00  INFO 21484 --- [PlanningProject] [    Test worker] d.P.services.KafkaProducer               : {"entityClass":"TaskEntity","action":"REMOVE","localDateTime":"2025-02-15T16:17:58.6706929","object":{"id":5,"name":"testTask","comment":"testComment","amount":null,"completeness":null,"products":[],"groupId":4,"userCreator":"userTest"},"username":"userTest","serviceName":"plannerBackend"}
2025-02-15T16:17:58.688+03:00  INFO 21484 --- [PlanningProject] [    Test worker] d.P.services.KafkaProducer               : {"entityClass":"GroupEntity","action":"REMOVE","localDateTime":"2025-02-15T16:17:58.6886009","object":{"id":4,"name":"testGroup"},"username":"initializer","serviceName":"plannerBackend"}
2025-02-15T16:17:58.698+03:00  INFO 21484 --- [PlanningProject] [    Test worker] d.P.services.KafkaProducer               : {"entityClass":"UserEntity","action":"REMOVE","localDateTime":"2025-02-15T16:17:58.6987528","object":{"id":4,"email":null,"avatarUrl":null},"username":"initializer","serviceName":"plannerBackend"}
2025-02-15T16:17:58.772+03:00  INFO 21484 --- [PlanningProject] [    Test worker] d.P.services.KafkaProducer               : {"entityClass":"UserEntity","action":"PERSIST","localDateTime":"2025-02-15T16:17:58.7728585","object":{"id":5,"email":null,"avatarUrl":null},"username":"userTest","serviceName":"plannerBackend"}
2025-02-15T16:17:58.782+03:00  INFO 21484 --- [PlanningProject] [    Test worker] d.P.services.KafkaProducer               : {"entityClass":"GroupEntity","action":"PERSIST","localDateTime":"2025-02-15T16:17:58.7823092","object":{"id":5,"name":"testGroup"},"username":"userTest","serviceName":"plannerBackend"}
2025-02-15T16:17:58.796+03:00  INFO 21484 --- [PlanningProject] [    Test worker] d.P.services.KafkaProducer               : {"entityClass":"TaskEntity","action":"PERSIST","localDateTime":"2025-02-15T16:17:58.7963632","object":{"id":6,"name":"testTask","comment":"testComment","amount":null,"completeness":null,"products":null,"groupId":5,"userCreator":"userTest"},"username":"userTest","serviceName":"plannerBackend"}
2025-02-15T16:17:58.809+03:00  INFO 21484 --- [PlanningProject] [    Test worker] d.P.services.KafkaProducer               : {"entityClass":"TaskEntity","action":"REMOVE","localDateTime":"2025-02-15T16:17:58.8092027","object":{"id":6,"name":"testTask","comment":"testComment","amount":null,"completeness":null,"products":[],"groupId":5,"userCreator":"userTest"},"username":"initializer","serviceName":"plannerBackend"}
2025-02-15T16:17:58.821+03:00  INFO 21484 --- [PlanningProject] [    Test worker] d.P.services.KafkaProducer               : {"entityClass":"GroupEntity","action":"REMOVE","localDateTime":"2025-02-15T16:17:58.8214257","object":{"id":5,"name":"testGroup"},"username":"initializer","serviceName":"plannerBackend"}
2025-02-15T16:17:58.832+03:00  INFO 21484 --- [PlanningProject] [    Test worker] d.P.services.KafkaProducer               : {"entityClass":"UserEntity","action":"REMOVE","localDateTime":"2025-02-15T16:17:58.832197","object":{"id":5,"email":null,"avatarUrl":null},"username":"initializer","serviceName":"plannerBackend"}
]]></system-out>
  <system-err><![CDATA[]]></system-err>
</testsuite>
