<?xml version="1.0" encoding="UTF-8"?>
<testsuite name="dev.PlanningProject.controllers.UserControllerTest" tests="2" skipped="0" failures="0" errors="0" timestamp="2025-02-15T13:18:02" hostname="DESKTOP-BNO4RHE" time="0.431">
  <properties/>
  <testcase name="testAddToGroup(GroupService)" classname="dev.PlanningProject.controllers.UserControllerTest" time="0.253"/>
  <testcase name="testGetUserProfile()" classname="dev.PlanningProject.controllers.UserControllerTest" time="0.177"/>
  <system-out><![CDATA[2025-02-15T16:17:59.278+03:00  INFO 21484 --- [PlanningProject] [    Test worker] t.c.s.AnnotationConfigContextLoaderUtils : Could not detect default configuration classes for test class [dev.PlanningProject.controllers.UserControllerTest]: UserControllerTest does not declare any static, non-private, non-final, nested classes annotated with @Configuration.
2025-02-15T16:17:59.293+03:00  INFO 21484 --- [PlanningProject] [    Test worker] .b.t.c.SpringBootTestContextBootstrapper : Found @SpringBootConfiguration dev.PlanningProject.PlanningProjectApplication for test class dev.PlanningProject.controllers.UserControllerTest
2025-02-15T16:17:59.294+03:00  INFO 21484 --- [PlanningProject] [    Test worker] tc.postgres:15                           : Creating container for image: postgres:15
2025-02-15T16:17:59.463+03:00  INFO 21484 --- [PlanningProject] [    Test worker] tc.postgres:15                           : Container postgres:15 is starting: d5cf998e01738222b9d4b1e7ceee876ab205fc38c4406864f073e55e8382df5f
2025-02-15T16:18:01.179+03:00  INFO 21484 --- [PlanningProject] [    Test worker] tc.postgres:15                           : Container postgres:15 started in PT1.8852059S
2025-02-15T16:18:01.179+03:00  INFO 21484 --- [PlanningProject] [    Test worker] tc.postgres:15                           : Container is started (JDBC URL: jdbc:postgresql://localhost:64897/test?loggerLevel=OFF)

  .   ____          _            __ _ _
 /\\ / ___'_ __ _ _(_)_ __  __ _ \ \ \ \
( ( )\___ | '_ | '_| | '_ \/ _` | \ \ \ \
 \\/  ___)| |_)| | | | | || (_| |  ) ) ) )
  '  |____| .__|_| |_|_| |_\__, | / / / /
 =========|_|==============|___/=/_/_/_/

 :: Spring Boot ::                (v3.3.5)

2025-02-15T16:18:01.205+03:00  INFO 21484 --- [PlanningProject] [    Test worker] d.P.controllers.UserControllerTest       : Starting UserControllerTest using Java 21.0.6 with PID 21484 (started by Алексей in C:\Projects\PlanningProject)
2025-02-15T16:18:01.205+03:00  INFO 21484 --- [PlanningProject] [    Test worker] d.P.controllers.UserControllerTest       : The following 1 profile is active: "test"
2025-02-15T16:18:01.412+03:00  INFO 21484 --- [PlanningProject] [    Test worker] .s.d.r.c.RepositoryConfigurationDelegate : Bootstrapping Spring Data JPA repositories in DEFAULT mode.
2025-02-15T16:18:01.428+03:00  INFO 21484 --- [PlanningProject] [    Test worker] .s.d.r.c.RepositoryConfigurationDelegate : Finished Spring Data repository scanning in 23 ms. Found 6 JPA repository interfaces.
2025-02-15T16:18:01.506+03:00  INFO 21484 --- [PlanningProject] [    Test worker] o.hibernate.jpa.internal.util.LogHelper  : HHH000204: Processing PersistenceUnitInfo [name: default]
2025-02-15T16:18:01.521+03:00  INFO 21484 --- [PlanningProject] [    Test worker] o.h.c.internal.RegionFactoryInitiator    : HHH000026: Second-level cache disabled
2025-02-15T16:18:01.521+03:00  INFO 21484 --- [PlanningProject] [    Test worker] o.s.o.j.p.SpringPersistenceUnitInfo      : No LoadTimeWeaver setup: ignoring JPA class transformer
2025-02-15T16:18:01.521+03:00  INFO 21484 --- [PlanningProject] [    Test worker] com.zaxxer.hikari.HikariDataSource       : HikariPool-5 - Starting...
2025-02-15T16:18:01.550+03:00  INFO 21484 --- [PlanningProject] [    Test worker] com.zaxxer.hikari.pool.HikariPool        : HikariPool-5 - Added connection org.postgresql.jdbc.PgConnection@28ba0ded
2025-02-15T16:18:01.550+03:00  INFO 21484 --- [PlanningProject] [    Test worker] com.zaxxer.hikari.HikariDataSource       : HikariPool-5 - Start completed.
2025-02-15T16:18:01.693+03:00  INFO 21484 --- [PlanningProject] [    Test worker] o.h.e.t.j.p.i.JtaPlatformInitiator       : HHH000489: No JTA platform available (set 'hibernate.transaction.jta.platform' to enable JTA platform integration)
2025-02-15T16:18:01.700+03:00  WARN 21484 --- [PlanningProject] [    Test worker] o.h.engine.jdbc.spi.SqlExceptionHelper   : SQL Warning Code: 0, SQLState: 00000
2025-02-15T16:18:01.700+03:00  WARN 21484 --- [PlanningProject] [    Test worker] o.h.engine.jdbc.spi.SqlExceptionHelper   : relation "groups" does not exist, skipping
2025-02-15T16:18:01.702+03:00  WARN 21484 --- [PlanningProject] [    Test worker] o.h.engine.jdbc.spi.SqlExceptionHelper   : SQL Warning Code: 0, SQLState: 00000
2025-02-15T16:18:01.703+03:00  WARN 21484 --- [PlanningProject] [    Test worker] o.h.engine.jdbc.spi.SqlExceptionHelper   : relation "products" does not exist, skipping
2025-02-15T16:18:01.704+03:00  WARN 21484 --- [PlanningProject] [    Test worker] o.h.engine.jdbc.spi.SqlExceptionHelper   : SQL Warning Code: 0, SQLState: 00000
2025-02-15T16:18:01.704+03:00  WARN 21484 --- [PlanningProject] [    Test worker] o.h.engine.jdbc.spi.SqlExceptionHelper   : relation "products_in_plane" does not exist, skipping
2025-02-15T16:18:01.706+03:00  WARN 21484 --- [PlanningProject] [    Test worker] o.h.engine.jdbc.spi.SqlExceptionHelper   : SQL Warning Code: 0, SQLState: 00000
2025-02-15T16:18:01.706+03:00  WARN 21484 --- [PlanningProject] [    Test worker] o.h.engine.jdbc.spi.SqlExceptionHelper   : relation "products_in_plane" does not exist, skipping
2025-02-15T16:18:01.707+03:00  WARN 21484 --- [PlanningProject] [    Test worker] o.h.engine.jdbc.spi.SqlExceptionHelper   : SQL Warning Code: 0, SQLState: 00000
2025-02-15T16:18:01.708+03:00  WARN 21484 --- [PlanningProject] [    Test worker] o.h.engine.jdbc.spi.SqlExceptionHelper   : relation "purchases" does not exist, skipping
2025-02-15T16:18:01.709+03:00  WARN 21484 --- [PlanningProject] [    Test worker] o.h.engine.jdbc.spi.SqlExceptionHelper   : SQL Warning Code: 0, SQLState: 00000
2025-02-15T16:18:01.709+03:00  WARN 21484 --- [PlanningProject] [    Test worker] o.h.engine.jdbc.spi.SqlExceptionHelper   : relation "purchases" does not exist, skipping
2025-02-15T16:18:01.711+03:00  WARN 21484 --- [PlanningProject] [    Test worker] o.h.engine.jdbc.spi.SqlExceptionHelper   : SQL Warning Code: 0, SQLState: 00000
2025-02-15T16:18:01.711+03:00  WARN 21484 --- [PlanningProject] [    Test worker] o.h.engine.jdbc.spi.SqlExceptionHelper   : relation "purchases" does not exist, skipping
2025-02-15T16:18:01.713+03:00  WARN 21484 --- [PlanningProject] [    Test worker] o.h.engine.jdbc.spi.SqlExceptionHelper   : SQL Warning Code: 0, SQLState: 00000
2025-02-15T16:18:01.713+03:00  WARN 21484 --- [PlanningProject] [    Test worker] o.h.engine.jdbc.spi.SqlExceptionHelper   : relation "tasks" does not exist, skipping
2025-02-15T16:18:01.714+03:00  WARN 21484 --- [PlanningProject] [    Test worker] o.h.engine.jdbc.spi.SqlExceptionHelper   : SQL Warning Code: 0, SQLState: 00000
2025-02-15T16:18:01.714+03:00  WARN 21484 --- [PlanningProject] [    Test worker] o.h.engine.jdbc.spi.SqlExceptionHelper   : relation "tasks" does not exist, skipping
2025-02-15T16:18:01.716+03:00  WARN 21484 --- [PlanningProject] [    Test worker] o.h.engine.jdbc.spi.SqlExceptionHelper   : SQL Warning Code: 0, SQLState: 00000
2025-02-15T16:18:01.716+03:00  WARN 21484 --- [PlanningProject] [    Test worker] o.h.engine.jdbc.spi.SqlExceptionHelper   : relation "user_groups" does not exist, skipping
2025-02-15T16:18:01.717+03:00  WARN 21484 --- [PlanningProject] [    Test worker] o.h.engine.jdbc.spi.SqlExceptionHelper   : SQL Warning Code: 0, SQLState: 00000
2025-02-15T16:18:01.717+03:00  WARN 21484 --- [PlanningProject] [    Test worker] o.h.engine.jdbc.spi.SqlExceptionHelper   : relation "user_groups" does not exist, skipping
2025-02-15T16:18:01.719+03:00  WARN 21484 --- [PlanningProject] [    Test worker] o.h.engine.jdbc.spi.SqlExceptionHelper   : SQL Warning Code: 0, SQLState: 00000
2025-02-15T16:18:01.719+03:00  WARN 21484 --- [PlanningProject] [    Test worker] o.h.engine.jdbc.spi.SqlExceptionHelper   : relation "users" does not exist, skipping
2025-02-15T16:18:01.720+03:00  WARN 21484 --- [PlanningProject] [    Test worker] o.h.engine.jdbc.spi.SqlExceptionHelper   : SQL Warning Code: 0, SQLState: 00000
2025-02-15T16:18:01.720+03:00  WARN 21484 --- [PlanningProject] [    Test worker] o.h.engine.jdbc.spi.SqlExceptionHelper   : relation "users_credentials" does not exist, skipping
2025-02-15T16:18:01.722+03:00  WARN 21484 --- [PlanningProject] [    Test worker] o.h.engine.jdbc.spi.SqlExceptionHelper   : SQL Warning Code: 0, SQLState: 00000
2025-02-15T16:18:01.722+03:00  WARN 21484 --- [PlanningProject] [    Test worker] o.h.engine.jdbc.spi.SqlExceptionHelper   : table "groups" does not exist, skipping
2025-02-15T16:18:01.723+03:00  WARN 21484 --- [PlanningProject] [    Test worker] o.h.engine.jdbc.spi.SqlExceptionHelper   : SQL Warning Code: 0, SQLState: 00000
2025-02-15T16:18:01.723+03:00  WARN 21484 --- [PlanningProject] [    Test worker] o.h.engine.jdbc.spi.SqlExceptionHelper   : table "passwords" does not exist, skipping
2025-02-15T16:18:01.724+03:00  WARN 21484 --- [PlanningProject] [    Test worker] o.h.engine.jdbc.spi.SqlExceptionHelper   : SQL Warning Code: 0, SQLState: 00000
2025-02-15T16:18:01.724+03:00  WARN 21484 --- [PlanningProject] [    Test worker] o.h.engine.jdbc.spi.SqlExceptionHelper   : table "products" does not exist, skipping
2025-02-15T16:18:01.725+03:00  WARN 21484 --- [PlanningProject] [    Test worker] o.h.engine.jdbc.spi.SqlExceptionHelper   : SQL Warning Code: 0, SQLState: 00000
2025-02-15T16:18:01.726+03:00  WARN 21484 --- [PlanningProject] [    Test worker] o.h.engine.jdbc.spi.SqlExceptionHelper   : table "products_in_plane" does not exist, skipping
2025-02-15T16:18:01.727+03:00  WARN 21484 --- [PlanningProject] [    Test worker] o.h.engine.jdbc.spi.SqlExceptionHelper   : SQL Warning Code: 0, SQLState: 00000
2025-02-15T16:18:01.727+03:00  WARN 21484 --- [PlanningProject] [    Test worker] o.h.engine.jdbc.spi.SqlExceptionHelper   : table "purchases" does not exist, skipping
2025-02-15T16:18:01.728+03:00  WARN 21484 --- [PlanningProject] [    Test worker] o.h.engine.jdbc.spi.SqlExceptionHelper   : SQL Warning Code: 0, SQLState: 00000
2025-02-15T16:18:01.728+03:00  WARN 21484 --- [PlanningProject] [    Test worker] o.h.engine.jdbc.spi.SqlExceptionHelper   : table "tasks" does not exist, skipping
2025-02-15T16:18:01.729+03:00  WARN 21484 --- [PlanningProject] [    Test worker] o.h.engine.jdbc.spi.SqlExceptionHelper   : SQL Warning Code: 0, SQLState: 00000
2025-02-15T16:18:01.729+03:00  WARN 21484 --- [PlanningProject] [    Test worker] o.h.engine.jdbc.spi.SqlExceptionHelper   : table "user_groups" does not exist, skipping
2025-02-15T16:18:01.730+03:00  WARN 21484 --- [PlanningProject] [    Test worker] o.h.engine.jdbc.spi.SqlExceptionHelper   : SQL Warning Code: 0, SQLState: 00000
2025-02-15T16:18:01.730+03:00  WARN 21484 --- [PlanningProject] [    Test worker] o.h.engine.jdbc.spi.SqlExceptionHelper   : table "users" does not exist, skipping
2025-02-15T16:18:01.732+03:00  WARN 21484 --- [PlanningProject] [    Test worker] o.h.engine.jdbc.spi.SqlExceptionHelper   : SQL Warning Code: 0, SQLState: 00000
2025-02-15T16:18:01.732+03:00  WARN 21484 --- [PlanningProject] [    Test worker] o.h.engine.jdbc.spi.SqlExceptionHelper   : table "users_credentials" does not exist, skipping
2025-02-15T16:18:01.732+03:00  WARN 21484 --- [PlanningProject] [    Test worker] o.h.engine.jdbc.spi.SqlExceptionHelper   : SQL Warning Code: 0, SQLState: 00000
2025-02-15T16:18:01.732+03:00  WARN 21484 --- [PlanningProject] [    Test worker] o.h.engine.jdbc.spi.SqlExceptionHelper   : sequence "groups_seq" does not exist, skipping
2025-02-15T16:18:01.732+03:00  WARN 21484 --- [PlanningProject] [    Test worker] o.h.engine.jdbc.spi.SqlExceptionHelper   : SQL Warning Code: 0, SQLState: 00000
2025-02-15T16:18:01.735+03:00  WARN 21484 --- [PlanningProject] [    Test worker] o.h.engine.jdbc.spi.SqlExceptionHelper   : sequence "passwords_seq" does not exist, skipping
2025-02-15T16:18:01.736+03:00  WARN 21484 --- [PlanningProject] [    Test worker] o.h.engine.jdbc.spi.SqlExceptionHelper   : SQL Warning Code: 0, SQLState: 00000
2025-02-15T16:18:01.736+03:00  WARN 21484 --- [PlanningProject] [    Test worker] o.h.engine.jdbc.spi.SqlExceptionHelper   : sequence "products_in_plane_seq" does not exist, skipping
2025-02-15T16:18:01.737+03:00  WARN 21484 --- [PlanningProject] [    Test worker] o.h.engine.jdbc.spi.SqlExceptionHelper   : SQL Warning Code: 0, SQLState: 00000
2025-02-15T16:18:01.737+03:00  WARN 21484 --- [PlanningProject] [    Test worker] o.h.engine.jdbc.spi.SqlExceptionHelper   : sequence "products_seq" does not exist, skipping
2025-02-15T16:18:01.738+03:00  WARN 21484 --- [PlanningProject] [    Test worker] o.h.engine.jdbc.spi.SqlExceptionHelper   : SQL Warning Code: 0, SQLState: 00000
2025-02-15T16:18:01.738+03:00  WARN 21484 --- [PlanningProject] [    Test worker] o.h.engine.jdbc.spi.SqlExceptionHelper   : sequence "purchases_seq" does not exist, skipping
2025-02-15T16:18:01.740+03:00  WARN 21484 --- [PlanningProject] [    Test worker] o.h.engine.jdbc.spi.SqlExceptionHelper   : SQL Warning Code: 0, SQLState: 00000
2025-02-15T16:18:01.740+03:00  WARN 21484 --- [PlanningProject] [    Test worker] o.h.engine.jdbc.spi.SqlExceptionHelper   : sequence "tasks_seq" does not exist, skipping
2025-02-15T16:18:01.741+03:00  WARN 21484 --- [PlanningProject] [    Test worker] o.h.engine.jdbc.spi.SqlExceptionHelper   : SQL Warning Code: 0, SQLState: 00000
2025-02-15T16:18:01.742+03:00  WARN 21484 --- [PlanningProject] [    Test worker] o.h.engine.jdbc.spi.SqlExceptionHelper   : sequence "users_credentials_seq" does not exist, skipping
2025-02-15T16:18:01.743+03:00  WARN 21484 --- [PlanningProject] [    Test worker] o.h.engine.jdbc.spi.SqlExceptionHelper   : SQL Warning Code: 0, SQLState: 00000
2025-02-15T16:18:01.743+03:00  WARN 21484 --- [PlanningProject] [    Test worker] o.h.engine.jdbc.spi.SqlExceptionHelper   : sequence "users_seq" does not exist, skipping
2025-02-15T16:18:01.804+03:00  INFO 21484 --- [PlanningProject] [    Test worker] j.LocalContainerEntityManagerFactoryBean : Initialized JPA EntityManagerFactory for persistence unit 'default'
2025-02-15T16:18:01.905+03:00  INFO 21484 --- [PlanningProject] [    Test worker] r$InitializeUserDetailsManagerConfigurer : Global AuthenticationManager configured with UserDetailsService bean with name jwtUserDetailsService
2025-02-15T16:18:01.918+03:00  WARN 21484 --- [PlanningProject] [    Test worker] JpaBaseConfiguration$JpaWebConfiguration : spring.jpa.open-in-view is enabled by default. Therefore, database queries may be performed during view rendering. Explicitly configure spring.jpa.open-in-view to disable this warning
2025-02-15T16:18:02.119+03:00  INFO 21484 --- [PlanningProject] [    Test worker] o.s.b.t.m.w.SpringBootMockServletContext : Initializing Spring TestDispatcherServlet ''
2025-02-15T16:18:02.119+03:00  INFO 21484 --- [PlanningProject] [    Test worker] o.s.t.web.servlet.TestDispatcherServlet  : Initializing Servlet ''
2025-02-15T16:18:02.119+03:00  INFO 21484 --- [PlanningProject] [    Test worker] o.s.t.web.servlet.TestDispatcherServlet  : Completed initialization in 0 ms
2025-02-15T16:18:02.119+03:00  INFO 21484 --- [PlanningProject] [    Test worker] o.a.k.clients.admin.AdminClientConfig    : AdminClientConfig values: 
	auto.include.jmx.reporter = true
	bootstrap.controllers = []
	bootstrap.servers = [localhost:29092]
	client.dns.lookup = use_all_dns_ips
	client.id = PlanningProject-admin-4
	connections.max.idle.ms = 300000
	default.api.timeout.ms = 60000
	enable.metrics.push = true
	metadata.max.age.ms = 300000
	metric.reporters = []
	metrics.num.samples = 2
	metrics.recording.level = INFO
	metrics.sample.window.ms = 30000
	receive.buffer.bytes = 65536
	reconnect.backoff.max.ms = 1000
	reconnect.backoff.ms = 50
	request.timeout.ms = 30000
	retries = 2147483647
	retry.backoff.max.ms = 1000
	retry.backoff.ms = 100
	sasl.client.callback.handler.class = null
	sasl.jaas.config = null
	sasl.kerberos.kinit.cmd = /usr/bin/kinit
	sasl.kerberos.min.time.before.relogin = 60000
	sasl.kerberos.service.name = null
	sasl.kerberos.ticket.renew.jitter = 0.05
	sasl.kerberos.ticket.renew.window.factor = 0.8
	sasl.login.callback.handler.class = null
	sasl.login.class = null
	sasl.login.connect.timeout.ms = null
	sasl.login.read.timeout.ms = null
	sasl.login.refresh.buffer.seconds = 300
	sasl.login.refresh.min.period.seconds = 60
	sasl.login.refresh.window.factor = 0.8
	sasl.login.refresh.window.jitter = 0.05
	sasl.login.retry.backoff.max.ms = 10000
	sasl.login.retry.backoff.ms = 100
	sasl.mechanism = GSSAPI
	sasl.oauthbearer.clock.skew.seconds = 30
	sasl.oauthbearer.expected.audience = null
	sasl.oauthbearer.expected.issuer = null
	sasl.oauthbearer.jwks.endpoint.refresh.ms = 3600000
	sasl.oauthbearer.jwks.endpoint.retry.backoff.max.ms = 10000
	sasl.oauthbearer.jwks.endpoint.retry.backoff.ms = 100
	sasl.oauthbearer.jwks.endpoint.url = null
	sasl.oauthbearer.scope.claim.name = scope
	sasl.oauthbearer.sub.claim.name = sub
	sasl.oauthbearer.token.endpoint.url = null
	security.protocol = PLAINTEXT
	security.providers = null
	send.buffer.bytes = 131072
	socket.connection.setup.timeout.max.ms = 30000
	socket.connection.setup.timeout.ms = 10000
	ssl.cipher.suites = null
	ssl.enabled.protocols = [TLSv1.2, TLSv1.3]
	ssl.endpoint.identification.algorithm = https
	ssl.engine.factory.class = null
	ssl.key.password = null
	ssl.keymanager.algorithm = SunX509
	ssl.keystore.certificate.chain = null
	ssl.keystore.key = null
	ssl.keystore.location = null
	ssl.keystore.password = null
	ssl.keystore.type = JKS
	ssl.protocol = TLSv1.3
	ssl.provider = null
	ssl.secure.random.implementation = null
	ssl.trustmanager.algorithm = PKIX
	ssl.truststore.certificates = null
	ssl.truststore.location = null
	ssl.truststore.password = null
	ssl.truststore.type = JKS

2025-02-15T16:18:02.119+03:00  INFO 21484 --- [PlanningProject] [    Test worker] o.a.kafka.common.utils.AppInfoParser     : Kafka version: 3.7.1
2025-02-15T16:18:02.119+03:00  INFO 21484 --- [PlanningProject] [    Test worker] o.a.kafka.common.utils.AppInfoParser     : Kafka commitId: e2494e6ffb89f828
2025-02-15T16:18:02.119+03:00  INFO 21484 --- [PlanningProject] [    Test worker] o.a.kafka.common.utils.AppInfoParser     : Kafka startTimeMs: 1739625482119
2025-02-15T16:18:02.145+03:00  INFO 21484 --- [PlanningProject] [Project-admin-4] o.a.kafka.common.utils.AppInfoParser     : App info kafka.admin.client for PlanningProject-admin-4 unregistered
2025-02-15T16:18:02.146+03:00  INFO 21484 --- [PlanningProject] [Project-admin-4] o.apache.kafka.common.metrics.Metrics    : Metrics scheduler closed
2025-02-15T16:18:02.146+03:00  INFO 21484 --- [PlanningProject] [Project-admin-4] o.apache.kafka.common.metrics.Metrics    : Closing reporter org.apache.kafka.common.metrics.JmxReporter
2025-02-15T16:18:02.146+03:00  INFO 21484 --- [PlanningProject] [Project-admin-4] o.apache.kafka.common.metrics.Metrics    : Metrics reporters closed
2025-02-15T16:18:02.149+03:00  INFO 21484 --- [PlanningProject] [    Test worker] d.P.controllers.UserControllerTest       : Started UserControllerTest in 0.967 seconds (process running for 37.003)
2025-02-15T16:18:02.228+03:00  INFO 21484 --- [PlanningProject] [    Test worker] d.P.services.KafkaProducer               : {"entityClass":"UserEntity","action":"PERSIST","localDateTime":"2025-02-15T16:18:02.2265373","object":{"id":1,"email":null,"avatarUrl":null},"username":"userTest","serviceName":"plannerBackend"}
2025-02-15T16:18:02.229+03:00  INFO 21484 --- [PlanningProject] [    Test worker] o.a.k.clients.producer.ProducerConfig    : ProducerConfig values: 
	acks = -1
	auto.include.jmx.reporter = true
	batch.size = 16384
	bootstrap.servers = [localhost:29092]
	buffer.memory = 33554432
	client.dns.lookup = use_all_dns_ips
	client.id = PlanningProject-producer-1
	compression.type = none
	connections.max.idle.ms = 540000
	delivery.timeout.ms = 120000
	enable.idempotence = true
	enable.metrics.push = true
	interceptor.classes = []
	key.serializer = class org.apache.kafka.common.serialization.StringSerializer
	linger.ms = 0
	max.block.ms = 60000
	max.in.flight.requests.per.connection = 5
	max.request.size = 1048576
	metadata.max.age.ms = 300000
	metadata.max.idle.ms = 300000
	metric.reporters = []
	metrics.num.samples = 2
	metrics.recording.level = INFO
	metrics.sample.window.ms = 30000
	partitioner.adaptive.partitioning.enable = true
	partitioner.availability.timeout.ms = 0
	partitioner.class = null
	partitioner.ignore.keys = false
	receive.buffer.bytes = 32768
	reconnect.backoff.max.ms = 1000
	reconnect.backoff.ms = 50
	request.timeout.ms = 30000
	retries = 2147483647
	retry.backoff.max.ms = 1000
	retry.backoff.ms = 100
	sasl.client.callback.handler.class = null
	sasl.jaas.config = null
	sasl.kerberos.kinit.cmd = /usr/bin/kinit
	sasl.kerberos.min.time.before.relogin = 60000
	sasl.kerberos.service.name = null
	sasl.kerberos.ticket.renew.jitter = 0.05
	sasl.kerberos.ticket.renew.window.factor = 0.8
	sasl.login.callback.handler.class = null
	sasl.login.class = null
	sasl.login.connect.timeout.ms = null
	sasl.login.read.timeout.ms = null
	sasl.login.refresh.buffer.seconds = 300
	sasl.login.refresh.min.period.seconds = 60
	sasl.login.refresh.window.factor = 0.8
	sasl.login.refresh.window.jitter = 0.05
	sasl.login.retry.backoff.max.ms = 10000
	sasl.login.retry.backoff.ms = 100
	sasl.mechanism = GSSAPI
	sasl.oauthbearer.clock.skew.seconds = 30
	sasl.oauthbearer.expected.audience = null
	sasl.oauthbearer.expected.issuer = null
	sasl.oauthbearer.jwks.endpoint.refresh.ms = 3600000
	sasl.oauthbearer.jwks.endpoint.retry.backoff.max.ms = 10000
	sasl.oauthbearer.jwks.endpoint.retry.backoff.ms = 100
	sasl.oauthbearer.jwks.endpoint.url = null
	sasl.oauthbearer.scope.claim.name = scope
	sasl.oauthbearer.sub.claim.name = sub
	sasl.oauthbearer.token.endpoint.url = null
	security.protocol = PLAINTEXT
	security.providers = null
	send.buffer.bytes = 131072
	socket.connection.setup.timeout.max.ms = 30000
	socket.connection.setup.timeout.ms = 10000
	ssl.cipher.suites = null
	ssl.enabled.protocols = [TLSv1.2, TLSv1.3]
	ssl.endpoint.identification.algorithm = https
	ssl.engine.factory.class = null
	ssl.key.password = null
	ssl.keymanager.algorithm = SunX509
	ssl.keystore.certificate.chain = null
	ssl.keystore.key = null
	ssl.keystore.location = null
	ssl.keystore.password = null
	ssl.keystore.type = JKS
	ssl.protocol = TLSv1.3
	ssl.provider = null
	ssl.secure.random.implementation = null
	ssl.trustmanager.algorithm = PKIX
	ssl.truststore.certificates = null
	ssl.truststore.location = null
	ssl.truststore.password = null
	ssl.truststore.type = JKS
	transaction.timeout.ms = 60000
	transactional.id = null
	value.serializer = class org.apache.kafka.common.serialization.StringSerializer

2025-02-15T16:18:02.229+03:00  INFO 21484 --- [PlanningProject] [    Test worker] o.a.k.c.t.i.KafkaMetricsCollector        : initializing Kafka metrics collector
2025-02-15T16:18:02.230+03:00  INFO 21484 --- [PlanningProject] [    Test worker] o.a.k.clients.producer.KafkaProducer     : [Producer clientId=PlanningProject-producer-1] Instantiated an idempotent producer.
2025-02-15T16:18:02.233+03:00  INFO 21484 --- [PlanningProject] [    Test worker] o.a.kafka.common.utils.AppInfoParser     : The mbean of App info: [kafka.producer], id: [PlanningProject-producer-1] already exists, so skipping a new mbean creation.
2025-02-15T16:18:02.240+03:00  INFO 21484 --- [PlanningProject] [ject-producer-1] org.apache.kafka.clients.Metadata        : [Producer clientId=PlanningProject-producer-1] Cluster ID: 6HyOj0RnTOGC-L3k5-V2uQ
2025-02-15T16:18:02.240+03:00  INFO 21484 --- [PlanningProject] [ject-producer-1] o.a.k.c.p.internals.TransactionManager   : [Producer clientId=PlanningProject-producer-1] ProducerId set to 10007 with epoch 0
2025-02-15T16:18:02.309+03:00  INFO 21484 --- [PlanningProject] [    Test worker] d.P.services.KafkaProducer               : {"entityClass":"UserEntity","action":"PERSIST","localDateTime":"2025-02-15T16:18:02.309528","object":{"id":2,"email":null,"avatarUrl":null},"username":"userTest","serviceName":"plannerBackend"}
2025-02-15T16:18:02.325+03:00  INFO 21484 --- [PlanningProject] [    Test worker] d.P.services.KafkaProducer               : {"entityClass":"GroupEntity","action":"PERSIST","localDateTime":"2025-02-15T16:18:02.324755","object":{"id":1,"name":"testGroup"},"username":"userTest","serviceName":"plannerBackend"}
2025-02-15T16:18:02.371+03:00  INFO 21484 --- [PlanningProject] [    Test worker] d.P.services.KafkaProducer               : {"entityClass":"GroupEntity","action":"REMOVE","localDateTime":"2025-02-15T16:18:02.3712137","object":{"id":1,"name":"testGroup"},"username":"initializer","serviceName":"plannerBackend"}
2025-02-15T16:18:02.390+03:00  INFO 21484 --- [PlanningProject] [    Test worker] d.P.services.KafkaProducer               : {"entityClass":"UserEntity","action":"REMOVE","localDateTime":"2025-02-15T16:18:02.390655","object":{"id":1,"email":null,"avatarUrl":null},"username":"initializer","serviceName":"plannerBackend"}
2025-02-15T16:18:02.398+03:00  INFO 21484 --- [PlanningProject] [    Test worker] d.P.services.KafkaProducer               : {"entityClass":"UserEntity","action":"REMOVE","localDateTime":"2025-02-15T16:18:02.3978952","object":{"id":2,"email":null,"avatarUrl":null},"username":"initializer","serviceName":"plannerBackend"}
2025-02-15T16:18:02.476+03:00  INFO 21484 --- [PlanningProject] [    Test worker] d.P.services.KafkaProducer               : {"entityClass":"UserEntity","action":"PERSIST","localDateTime":"2025-02-15T16:18:02.4766397","object":{"id":3,"email":null,"avatarUrl":null},"username":"userTest","serviceName":"plannerBackend"}
2025-02-15T16:18:02.541+03:00  INFO 21484 --- [PlanningProject] [    Test worker] d.P.services.KafkaProducer               : {"entityClass":"UserEntity","action":"PERSIST","localDateTime":"2025-02-15T16:18:02.541507","object":{"id":4,"email":null,"avatarUrl":null},"username":"userTest","serviceName":"plannerBackend"}
2025-02-15T16:18:02.571+03:00  INFO 21484 --- [PlanningProject] [    Test worker] d.P.services.KafkaProducer               : {"entityClass":"UserEntity","action":"REMOVE","localDateTime":"2025-02-15T16:18:02.5718006","object":{"id":3,"email":null,"avatarUrl":null},"username":"initializer","serviceName":"plannerBackend"}
2025-02-15T16:18:02.578+03:00  INFO 21484 --- [PlanningProject] [    Test worker] d.P.services.KafkaProducer               : {"entityClass":"UserEntity","action":"REMOVE","localDateTime":"2025-02-15T16:18:02.578441","object":{"id":4,"email":null,"avatarUrl":null},"username":"initializer","serviceName":"plannerBackend"}
]]></system-out>
  <system-err><![CDATA[]]></system-err>
</testsuite>
