<?xml version="1.0" encoding="UTF-8"?>
<testsuite name="dev.PlanningProject.controllers.TaskControllerTest" tests="5" skipped="0" failures="0" errors="0" timestamp="2025-02-04T18:57:38" hostname="DESKTOP-BNO4RHE" time="0.693">
  <properties/>
  <testcase name="testGetAllTasks(TaskService, GroupService)" classname="dev.PlanningProject.controllers.TaskControllerTest" time="0.16"/>
  <testcase name="testUpdateTask(TaskService, GroupService)" classname="dev.PlanningProject.controllers.TaskControllerTest" time="0.147"/>
  <testcase name="testGetTask(TaskService, GroupService)" classname="dev.PlanningProject.controllers.TaskControllerTest" time="0.132"/>
  <testcase name="testDeleteTask(TaskService, GroupService)" classname="dev.PlanningProject.controllers.TaskControllerTest" time="0.135"/>
  <testcase name="createTask(GroupService)" classname="dev.PlanningProject.controllers.TaskControllerTest" time="0.116"/>
  <system-out><![CDATA[2025-02-04T21:57:35.446+03:00  INFO 20572 --- [PlanningProject] [    Test worker] t.c.s.AnnotationConfigContextLoaderUtils : Could not detect default configuration classes for test class [dev.PlanningProject.controllers.TaskControllerTest]: TaskControllerTest does not declare any static, non-private, non-final, nested classes annotated with @Configuration.
2025-02-04T21:57:35.454+03:00  INFO 20572 --- [PlanningProject] [    Test worker] .b.t.c.SpringBootTestContextBootstrapper : Found @SpringBootConfiguration dev.PlanningProject.PlanningProjectApplication for test class dev.PlanningProject.controllers.TaskControllerTest
2025-02-04T21:57:35.457+03:00  INFO 20572 --- [PlanningProject] [    Test worker] tc.postgres:15                           : Creating container for image: postgres:15
2025-02-04T21:57:35.595+03:00  INFO 20572 --- [PlanningProject] [    Test worker] tc.postgres:15                           : Container postgres:15 is starting: 260ecf732f2b0e39a8cf53e7e17e1abd3cd22eafcf125ee2a09b4bb37d5562d9
2025-02-04T21:57:37.134+03:00  INFO 20572 --- [PlanningProject] [    Test worker] tc.postgres:15                           : Container postgres:15 started in PT1.6771844S
2025-02-04T21:57:37.134+03:00  INFO 20572 --- [PlanningProject] [    Test worker] tc.postgres:15                           : Container is started (JDBC URL: jdbc:postgresql://localhost:63057/test?loggerLevel=OFF)

  .   ____          _            __ _ _
 /\\ / ___'_ __ _ _(_)_ __  __ _ \ \ \ \
( ( )\___ | '_ | '_| | '_ \/ _` | \ \ \ \
 \\/  ___)| |_)| | | | | || (_| |  ) ) ) )
  '  |____| .__|_| |_|_| |_\__, | / / / /
 =========|_|==============|___/=/_/_/_/

 :: Spring Boot ::                (v3.3.5)

2025-02-04T21:57:37.152+03:00  INFO 20572 --- [PlanningProject] [    Test worker] d.P.controllers.TaskControllerTest       : Starting TaskControllerTest using Java 21.0.6 with PID 20572 (started by Алексей in C:\Projects\PlanningProject)
2025-02-04T21:57:37.152+03:00  INFO 20572 --- [PlanningProject] [    Test worker] d.P.controllers.TaskControllerTest       : No active profile set, falling back to 1 default profile: "default"
2025-02-04T21:57:37.343+03:00  INFO 20572 --- [PlanningProject] [    Test worker] .s.d.r.c.RepositoryConfigurationDelegate : Bootstrapping Spring Data JPA repositories in DEFAULT mode.
2025-02-04T21:57:37.369+03:00  INFO 20572 --- [PlanningProject] [    Test worker] .s.d.r.c.RepositoryConfigurationDelegate : Finished Spring Data repository scanning in 25 ms. Found 5 JPA repository interfaces.
2025-02-04T21:57:37.448+03:00  INFO 20572 --- [PlanningProject] [    Test worker] o.hibernate.jpa.internal.util.LogHelper  : HHH000204: Processing PersistenceUnitInfo [name: default]
2025-02-04T21:57:37.450+03:00  INFO 20572 --- [PlanningProject] [    Test worker] o.h.c.internal.RegionFactoryInitiator    : HHH000026: Second-level cache disabled
2025-02-04T21:57:37.462+03:00  INFO 20572 --- [PlanningProject] [    Test worker] o.s.o.j.p.SpringPersistenceUnitInfo      : No LoadTimeWeaver setup: ignoring JPA class transformer
2025-02-04T21:57:37.463+03:00  INFO 20572 --- [PlanningProject] [    Test worker] com.zaxxer.hikari.HikariDataSource       : HikariPool-4 - Starting...
2025-02-04T21:57:37.480+03:00  INFO 20572 --- [PlanningProject] [    Test worker] com.zaxxer.hikari.pool.HikariPool        : HikariPool-4 - Added connection org.postgresql.jdbc.PgConnection@23efa674
2025-02-04T21:57:37.481+03:00  INFO 20572 --- [PlanningProject] [    Test worker] com.zaxxer.hikari.HikariDataSource       : HikariPool-4 - Start completed.
2025-02-04T21:57:37.680+03:00  INFO 20572 --- [PlanningProject] [    Test worker] o.h.e.t.j.p.i.JtaPlatformInitiator       : HHH000489: No JTA platform available (set 'hibernate.transaction.jta.platform' to enable JTA platform integration)
2025-02-04T21:57:37.683+03:00  WARN 20572 --- [PlanningProject] [    Test worker] o.h.engine.jdbc.spi.SqlExceptionHelper   : SQL Warning Code: 0, SQLState: 00000
2025-02-04T21:57:37.683+03:00  WARN 20572 --- [PlanningProject] [    Test worker] o.h.engine.jdbc.spi.SqlExceptionHelper   : relation "groups" does not exist, skipping
2025-02-04T21:57:37.685+03:00  WARN 20572 --- [PlanningProject] [    Test worker] o.h.engine.jdbc.spi.SqlExceptionHelper   : SQL Warning Code: 0, SQLState: 00000
2025-02-04T21:57:37.686+03:00  WARN 20572 --- [PlanningProject] [    Test worker] o.h.engine.jdbc.spi.SqlExceptionHelper   : relation "products" does not exist, skipping
2025-02-04T21:57:37.688+03:00  WARN 20572 --- [PlanningProject] [    Test worker] o.h.engine.jdbc.spi.SqlExceptionHelper   : SQL Warning Code: 0, SQLState: 00000
2025-02-04T21:57:37.689+03:00  WARN 20572 --- [PlanningProject] [    Test worker] o.h.engine.jdbc.spi.SqlExceptionHelper   : relation "products_in_plane" does not exist, skipping
2025-02-04T21:57:37.690+03:00  WARN 20572 --- [PlanningProject] [    Test worker] o.h.engine.jdbc.spi.SqlExceptionHelper   : SQL Warning Code: 0, SQLState: 00000
2025-02-04T21:57:37.691+03:00  WARN 20572 --- [PlanningProject] [    Test worker] o.h.engine.jdbc.spi.SqlExceptionHelper   : relation "products_in_plane" does not exist, skipping
2025-02-04T21:57:37.693+03:00  WARN 20572 --- [PlanningProject] [    Test worker] o.h.engine.jdbc.spi.SqlExceptionHelper   : SQL Warning Code: 0, SQLState: 00000
2025-02-04T21:57:37.693+03:00  WARN 20572 --- [PlanningProject] [    Test worker] o.h.engine.jdbc.spi.SqlExceptionHelper   : relation "purchases" does not exist, skipping
2025-02-04T21:57:37.696+03:00  WARN 20572 --- [PlanningProject] [    Test worker] o.h.engine.jdbc.spi.SqlExceptionHelper   : SQL Warning Code: 0, SQLState: 00000
2025-02-04T21:57:37.696+03:00  WARN 20572 --- [PlanningProject] [    Test worker] o.h.engine.jdbc.spi.SqlExceptionHelper   : relation "purchases" does not exist, skipping
2025-02-04T21:57:37.698+03:00  WARN 20572 --- [PlanningProject] [    Test worker] o.h.engine.jdbc.spi.SqlExceptionHelper   : SQL Warning Code: 0, SQLState: 00000
2025-02-04T21:57:37.698+03:00  WARN 20572 --- [PlanningProject] [    Test worker] o.h.engine.jdbc.spi.SqlExceptionHelper   : relation "purchases" does not exist, skipping
2025-02-04T21:57:37.700+03:00  WARN 20572 --- [PlanningProject] [    Test worker] o.h.engine.jdbc.spi.SqlExceptionHelper   : SQL Warning Code: 0, SQLState: 00000
2025-02-04T21:57:37.700+03:00  WARN 20572 --- [PlanningProject] [    Test worker] o.h.engine.jdbc.spi.SqlExceptionHelper   : relation "tasks" does not exist, skipping
2025-02-04T21:57:37.702+03:00  WARN 20572 --- [PlanningProject] [    Test worker] o.h.engine.jdbc.spi.SqlExceptionHelper   : SQL Warning Code: 0, SQLState: 00000
2025-02-04T21:57:37.702+03:00  WARN 20572 --- [PlanningProject] [    Test worker] o.h.engine.jdbc.spi.SqlExceptionHelper   : relation "tasks" does not exist, skipping
2025-02-04T21:57:37.704+03:00  WARN 20572 --- [PlanningProject] [    Test worker] o.h.engine.jdbc.spi.SqlExceptionHelper   : SQL Warning Code: 0, SQLState: 00000
2025-02-04T21:57:37.705+03:00  WARN 20572 --- [PlanningProject] [    Test worker] o.h.engine.jdbc.spi.SqlExceptionHelper   : relation "user_groups" does not exist, skipping
2025-02-04T21:57:37.707+03:00  WARN 20572 --- [PlanningProject] [    Test worker] o.h.engine.jdbc.spi.SqlExceptionHelper   : SQL Warning Code: 0, SQLState: 00000
2025-02-04T21:57:37.707+03:00  WARN 20572 --- [PlanningProject] [    Test worker] o.h.engine.jdbc.spi.SqlExceptionHelper   : relation "user_groups" does not exist, skipping
2025-02-04T21:57:37.709+03:00  WARN 20572 --- [PlanningProject] [    Test worker] o.h.engine.jdbc.spi.SqlExceptionHelper   : SQL Warning Code: 0, SQLState: 00000
2025-02-04T21:57:37.709+03:00  WARN 20572 --- [PlanningProject] [    Test worker] o.h.engine.jdbc.spi.SqlExceptionHelper   : relation "users" does not exist, skipping
2025-02-04T21:57:37.712+03:00  WARN 20572 --- [PlanningProject] [    Test worker] o.h.engine.jdbc.spi.SqlExceptionHelper   : SQL Warning Code: 0, SQLState: 00000
2025-02-04T21:57:37.712+03:00  WARN 20572 --- [PlanningProject] [    Test worker] o.h.engine.jdbc.spi.SqlExceptionHelper   : relation "users_credentials" does not exist, skipping
2025-02-04T21:57:37.715+03:00  WARN 20572 --- [PlanningProject] [    Test worker] o.h.engine.jdbc.spi.SqlExceptionHelper   : SQL Warning Code: 0, SQLState: 00000
2025-02-04T21:57:37.715+03:00  WARN 20572 --- [PlanningProject] [    Test worker] o.h.engine.jdbc.spi.SqlExceptionHelper   : table "groups" does not exist, skipping
2025-02-04T21:57:37.717+03:00  WARN 20572 --- [PlanningProject] [    Test worker] o.h.engine.jdbc.spi.SqlExceptionHelper   : SQL Warning Code: 0, SQLState: 00000
2025-02-04T21:57:37.717+03:00  WARN 20572 --- [PlanningProject] [    Test worker] o.h.engine.jdbc.spi.SqlExceptionHelper   : table "passwords" does not exist, skipping
2025-02-04T21:57:37.719+03:00  WARN 20572 --- [PlanningProject] [    Test worker] o.h.engine.jdbc.spi.SqlExceptionHelper   : SQL Warning Code: 0, SQLState: 00000
2025-02-04T21:57:37.719+03:00  WARN 20572 --- [PlanningProject] [    Test worker] o.h.engine.jdbc.spi.SqlExceptionHelper   : table "products" does not exist, skipping
2025-02-04T21:57:37.721+03:00  WARN 20572 --- [PlanningProject] [    Test worker] o.h.engine.jdbc.spi.SqlExceptionHelper   : SQL Warning Code: 0, SQLState: 00000
2025-02-04T21:57:37.721+03:00  WARN 20572 --- [PlanningProject] [    Test worker] o.h.engine.jdbc.spi.SqlExceptionHelper   : table "products_in_plane" does not exist, skipping
2025-02-04T21:57:37.723+03:00  WARN 20572 --- [PlanningProject] [    Test worker] o.h.engine.jdbc.spi.SqlExceptionHelper   : SQL Warning Code: 0, SQLState: 00000
2025-02-04T21:57:37.723+03:00  WARN 20572 --- [PlanningProject] [    Test worker] o.h.engine.jdbc.spi.SqlExceptionHelper   : table "purchases" does not exist, skipping
2025-02-04T21:57:37.725+03:00  WARN 20572 --- [PlanningProject] [    Test worker] o.h.engine.jdbc.spi.SqlExceptionHelper   : SQL Warning Code: 0, SQLState: 00000
2025-02-04T21:57:37.726+03:00  WARN 20572 --- [PlanningProject] [    Test worker] o.h.engine.jdbc.spi.SqlExceptionHelper   : table "tasks" does not exist, skipping
2025-02-04T21:57:37.727+03:00  WARN 20572 --- [PlanningProject] [    Test worker] o.h.engine.jdbc.spi.SqlExceptionHelper   : SQL Warning Code: 0, SQLState: 00000
2025-02-04T21:57:37.727+03:00  WARN 20572 --- [PlanningProject] [    Test worker] o.h.engine.jdbc.spi.SqlExceptionHelper   : table "user_groups" does not exist, skipping
2025-02-04T21:57:37.730+03:00  WARN 20572 --- [PlanningProject] [    Test worker] o.h.engine.jdbc.spi.SqlExceptionHelper   : SQL Warning Code: 0, SQLState: 00000
2025-02-04T21:57:37.730+03:00  WARN 20572 --- [PlanningProject] [    Test worker] o.h.engine.jdbc.spi.SqlExceptionHelper   : table "users" does not exist, skipping
2025-02-04T21:57:37.732+03:00  WARN 20572 --- [PlanningProject] [    Test worker] o.h.engine.jdbc.spi.SqlExceptionHelper   : SQL Warning Code: 0, SQLState: 00000
2025-02-04T21:57:37.732+03:00  WARN 20572 --- [PlanningProject] [    Test worker] o.h.engine.jdbc.spi.SqlExceptionHelper   : table "users_credentials" does not exist, skipping
2025-02-04T21:57:37.734+03:00  WARN 20572 --- [PlanningProject] [    Test worker] o.h.engine.jdbc.spi.SqlExceptionHelper   : SQL Warning Code: 0, SQLState: 00000
2025-02-04T21:57:37.734+03:00  WARN 20572 --- [PlanningProject] [    Test worker] o.h.engine.jdbc.spi.SqlExceptionHelper   : sequence "groups_seq" does not exist, skipping
2025-02-04T21:57:37.736+03:00  WARN 20572 --- [PlanningProject] [    Test worker] o.h.engine.jdbc.spi.SqlExceptionHelper   : SQL Warning Code: 0, SQLState: 00000
2025-02-04T21:57:37.736+03:00  WARN 20572 --- [PlanningProject] [    Test worker] o.h.engine.jdbc.spi.SqlExceptionHelper   : sequence "passwords_seq" does not exist, skipping
2025-02-04T21:57:37.738+03:00  WARN 20572 --- [PlanningProject] [    Test worker] o.h.engine.jdbc.spi.SqlExceptionHelper   : SQL Warning Code: 0, SQLState: 00000
2025-02-04T21:57:37.738+03:00  WARN 20572 --- [PlanningProject] [    Test worker] o.h.engine.jdbc.spi.SqlExceptionHelper   : sequence "products_in_plane_seq" does not exist, skipping
2025-02-04T21:57:37.740+03:00  WARN 20572 --- [PlanningProject] [    Test worker] o.h.engine.jdbc.spi.SqlExceptionHelper   : SQL Warning Code: 0, SQLState: 00000
2025-02-04T21:57:37.741+03:00  WARN 20572 --- [PlanningProject] [    Test worker] o.h.engine.jdbc.spi.SqlExceptionHelper   : sequence "products_seq" does not exist, skipping
2025-02-04T21:57:37.742+03:00  WARN 20572 --- [PlanningProject] [    Test worker] o.h.engine.jdbc.spi.SqlExceptionHelper   : SQL Warning Code: 0, SQLState: 00000
2025-02-04T21:57:37.743+03:00  WARN 20572 --- [PlanningProject] [    Test worker] o.h.engine.jdbc.spi.SqlExceptionHelper   : sequence "purchases_seq" does not exist, skipping
2025-02-04T21:57:37.745+03:00  WARN 20572 --- [PlanningProject] [    Test worker] o.h.engine.jdbc.spi.SqlExceptionHelper   : SQL Warning Code: 0, SQLState: 00000
2025-02-04T21:57:37.745+03:00  WARN 20572 --- [PlanningProject] [    Test worker] o.h.engine.jdbc.spi.SqlExceptionHelper   : sequence "tasks_seq" does not exist, skipping
2025-02-04T21:57:37.747+03:00  WARN 20572 --- [PlanningProject] [    Test worker] o.h.engine.jdbc.spi.SqlExceptionHelper   : SQL Warning Code: 0, SQLState: 00000
2025-02-04T21:57:37.747+03:00  WARN 20572 --- [PlanningProject] [    Test worker] o.h.engine.jdbc.spi.SqlExceptionHelper   : sequence "users_credentials_seq" does not exist, skipping
2025-02-04T21:57:37.749+03:00  WARN 20572 --- [PlanningProject] [    Test worker] o.h.engine.jdbc.spi.SqlExceptionHelper   : SQL Warning Code: 0, SQLState: 00000
2025-02-04T21:57:37.749+03:00  WARN 20572 --- [PlanningProject] [    Test worker] o.h.engine.jdbc.spi.SqlExceptionHelper   : sequence "users_seq" does not exist, skipping
2025-02-04T21:57:37.812+03:00  INFO 20572 --- [PlanningProject] [    Test worker] j.LocalContainerEntityManagerFactoryBean : Initialized JPA EntityManagerFactory for persistence unit 'default'
2025-02-04T21:57:37.933+03:00  INFO 20572 --- [PlanningProject] [    Test worker] r$InitializeUserDetailsManagerConfigurer : Global AuthenticationManager configured with UserDetailsService bean with name jwtUserDetailsService
2025-02-04T21:57:37.947+03:00  WARN 20572 --- [PlanningProject] [    Test worker] JpaBaseConfiguration$JpaWebConfiguration : spring.jpa.open-in-view is enabled by default. Therefore, database queries may be performed during view rendering. Explicitly configure spring.jpa.open-in-view to disable this warning
2025-02-04T21:57:38.239+03:00  INFO 20572 --- [PlanningProject] [    Test worker] o.s.b.t.m.w.SpringBootMockServletContext : Initializing Spring TestDispatcherServlet ''
2025-02-04T21:57:38.239+03:00  INFO 20572 --- [PlanningProject] [    Test worker] o.s.t.web.servlet.TestDispatcherServlet  : Initializing Servlet ''
2025-02-04T21:57:38.240+03:00  INFO 20572 --- [PlanningProject] [    Test worker] o.s.t.web.servlet.TestDispatcherServlet  : Completed initialization in 1 ms
2025-02-04T21:57:38.248+03:00  INFO 20572 --- [PlanningProject] [    Test worker] d.P.controllers.TaskControllerTest       : Started TaskControllerTest in 1.112 seconds (process running for 31.21)

MockHttpServletRequest:
      HTTP Method = GET
      Request URI = /api/base/task/get/1
       Parameters = {}
          Headers = [Content-Type:"application/json;charset=UTF-8"]
             Body = null
    Session Attrs = {}

Handler:
             Type = dev.PlanningProject.controllers.TaskController
           Method = dev.PlanningProject.controllers.TaskController#getTasks(Long)

Async:
    Async started = false
     Async result = null

Resolved Exception:
             Type = null

ModelAndView:
        View name = null
             View = null
            Model = null

FlashMap:
       Attributes = null

MockHttpServletResponse:
           Status = 200
    Error message = null
          Headers = [Content-Type:"application/json", X-Content-Type-Options:"nosniff", X-XSS-Protection:"0", Cache-Control:"no-cache, no-store, max-age=0, must-revalidate", Pragma:"no-cache", Expires:"0", X-Frame-Options:"DENY"]
     Content type = application/json
             Body = [{"id":1,"name":"testTask1","comment":"testComment1","amount":null,"completeness":null},{"id":2,"name":"testTask2","comment":"testComment2","amount":null,"completeness":null}]
    Forwarded URL = null
   Redirected URL = null
          Cookies = []
2025-02-04T21:57:38.525+03:00  WARN 20572 --- [PlanningProject] [    Test worker] o.h.p.entity.AbstractEntityPersister     : HHH000502: The [group] property of the [dev.PlanningProject.entities.TaskEntity] entity was modified, but it won't be updated because the property is immutable.
2025-02-04T21:57:38.525+03:00  WARN 20572 --- [PlanningProject] [    Test worker] o.h.p.entity.AbstractEntityPersister     : HHH000502: The [userCreator] property of the [dev.PlanningProject.entities.TaskEntity] entity was modified, but it won't be updated because the property is immutable.
]]></system-out>
  <system-err><![CDATA[]]></system-err>
</testsuite>
