<?xml version="1.0" encoding="UTF-8"?>
<testsuite name="dev.PlanningProject.controllers.UserControllerTest" tests="2" skipped="0" failures="0" errors="0" timestamp="2025-02-08T09:14:16" hostname="DESKTOP-BNO4RHE" time="0.396">
  <properties/>
  <testcase name="testAddToGroup(GroupService)" classname="dev.PlanningProject.controllers.UserControllerTest" time="0.227"/>
  <testcase name="testGetUserProfile()" classname="dev.PlanningProject.controllers.UserControllerTest" time="0.168"/>
  <system-out><![CDATA[2025-02-08T12:14:14.301+03:00  INFO 4660 --- [PlanningProject] [    Test worker] t.c.s.AnnotationConfigContextLoaderUtils : Could not detect default configuration classes for test class [dev.PlanningProject.controllers.UserControllerTest]: UserControllerTest does not declare any static, non-private, non-final, nested classes annotated with @Configuration.
2025-02-08T12:14:14.309+03:00  INFO 4660 --- [PlanningProject] [    Test worker] .b.t.c.SpringBootTestContextBootstrapper : Found @SpringBootConfiguration dev.PlanningProject.PlanningProjectApplication for test class dev.PlanningProject.controllers.UserControllerTest
2025-02-08T12:14:14.312+03:00  INFO 4660 --- [PlanningProject] [    Test worker] tc.postgres:15                           : Creating container for image: postgres:15
2025-02-08T12:14:14.458+03:00  INFO 4660 --- [PlanningProject] [    Test worker] tc.postgres:15                           : Container postgres:15 is starting: 80dec4fb4f2ec03bfcb481f21bdae60b8c7c6f495feee2066ffdc963cb5e7c4c
2025-02-08T12:14:16.065+03:00  INFO 4660 --- [PlanningProject] [    Test worker] tc.postgres:15                           : Container postgres:15 started in PT1.7525267S
2025-02-08T12:14:16.065+03:00  INFO 4660 --- [PlanningProject] [    Test worker] tc.postgres:15                           : Container is started (JDBC URL: jdbc:postgresql://localhost:53756/test?loggerLevel=OFF)

  .   ____          _            __ _ _
 /\\ / ___'_ __ _ _(_)_ __  __ _ \ \ \ \
( ( )\___ | '_ | '_| | '_ \/ _` | \ \ \ \
 \\/  ___)| |_)| | | | | || (_| |  ) ) ) )
  '  |____| .__|_| |_|_| |_\__, | / / / /
 =========|_|==============|___/=/_/_/_/

 :: Spring Boot ::                (v3.3.5)

2025-02-08T12:14:16.081+03:00  INFO 4660 --- [PlanningProject] [    Test worker] d.P.controllers.UserControllerTest       : Starting UserControllerTest using Java 21.0.6 with PID 4660 (started by Алексей in C:\Projects\PlanningProject)
2025-02-08T12:14:16.082+03:00  INFO 4660 --- [PlanningProject] [    Test worker] d.P.controllers.UserControllerTest       : No active profile set, falling back to 1 default profile: "default"
2025-02-08T12:14:16.263+03:00  INFO 4660 --- [PlanningProject] [    Test worker] .s.d.r.c.RepositoryConfigurationDelegate : Bootstrapping Spring Data JPA repositories in DEFAULT mode.
2025-02-08T12:14:16.287+03:00  INFO 4660 --- [PlanningProject] [    Test worker] .s.d.r.c.RepositoryConfigurationDelegate : Finished Spring Data repository scanning in 24 ms. Found 5 JPA repository interfaces.
2025-02-08T12:14:16.364+03:00  INFO 4660 --- [PlanningProject] [    Test worker] o.hibernate.jpa.internal.util.LogHelper  : HHH000204: Processing PersistenceUnitInfo [name: default]
2025-02-08T12:14:16.368+03:00  INFO 4660 --- [PlanningProject] [    Test worker] o.h.c.internal.RegionFactoryInitiator    : HHH000026: Second-level cache disabled
2025-02-08T12:14:16.376+03:00  INFO 4660 --- [PlanningProject] [    Test worker] o.s.o.j.p.SpringPersistenceUnitInfo      : No LoadTimeWeaver setup: ignoring JPA class transformer
2025-02-08T12:14:16.377+03:00  INFO 4660 --- [PlanningProject] [    Test worker] com.zaxxer.hikari.HikariDataSource       : HikariPool-5 - Starting...
2025-02-08T12:14:16.394+03:00  INFO 4660 --- [PlanningProject] [    Test worker] com.zaxxer.hikari.pool.HikariPool        : HikariPool-5 - Added connection org.postgresql.jdbc.PgConnection@294d2e39
2025-02-08T12:14:16.395+03:00  INFO 4660 --- [PlanningProject] [    Test worker] com.zaxxer.hikari.HikariDataSource       : HikariPool-5 - Start completed.
2025-02-08T12:14:16.513+03:00  INFO 4660 --- [PlanningProject] [    Test worker] o.h.e.t.j.p.i.JtaPlatformInitiator       : HHH000489: No JTA platform available (set 'hibernate.transaction.jta.platform' to enable JTA platform integration)
2025-02-08T12:14:16.515+03:00  WARN 4660 --- [PlanningProject] [    Test worker] o.h.engine.jdbc.spi.SqlExceptionHelper   : SQL Warning Code: 0, SQLState: 00000
2025-02-08T12:14:16.515+03:00  WARN 4660 --- [PlanningProject] [    Test worker] o.h.engine.jdbc.spi.SqlExceptionHelper   : relation "groups" does not exist, skipping
2025-02-08T12:14:16.517+03:00  WARN 4660 --- [PlanningProject] [    Test worker] o.h.engine.jdbc.spi.SqlExceptionHelper   : SQL Warning Code: 0, SQLState: 00000
2025-02-08T12:14:16.518+03:00  WARN 4660 --- [PlanningProject] [    Test worker] o.h.engine.jdbc.spi.SqlExceptionHelper   : relation "products" does not exist, skipping
2025-02-08T12:14:16.519+03:00  WARN 4660 --- [PlanningProject] [    Test worker] o.h.engine.jdbc.spi.SqlExceptionHelper   : SQL Warning Code: 0, SQLState: 00000
2025-02-08T12:14:16.519+03:00  WARN 4660 --- [PlanningProject] [    Test worker] o.h.engine.jdbc.spi.SqlExceptionHelper   : relation "products_in_plane" does not exist, skipping
2025-02-08T12:14:16.521+03:00  WARN 4660 --- [PlanningProject] [    Test worker] o.h.engine.jdbc.spi.SqlExceptionHelper   : SQL Warning Code: 0, SQLState: 00000
2025-02-08T12:14:16.521+03:00  WARN 4660 --- [PlanningProject] [    Test worker] o.h.engine.jdbc.spi.SqlExceptionHelper   : relation "products_in_plane" does not exist, skipping
2025-02-08T12:14:16.523+03:00  WARN 4660 --- [PlanningProject] [    Test worker] o.h.engine.jdbc.spi.SqlExceptionHelper   : SQL Warning Code: 0, SQLState: 00000
2025-02-08T12:14:16.523+03:00  WARN 4660 --- [PlanningProject] [    Test worker] o.h.engine.jdbc.spi.SqlExceptionHelper   : relation "purchases" does not exist, skipping
2025-02-08T12:14:16.524+03:00  WARN 4660 --- [PlanningProject] [    Test worker] o.h.engine.jdbc.spi.SqlExceptionHelper   : SQL Warning Code: 0, SQLState: 00000
2025-02-08T12:14:16.524+03:00  WARN 4660 --- [PlanningProject] [    Test worker] o.h.engine.jdbc.spi.SqlExceptionHelper   : relation "purchases" does not exist, skipping
2025-02-08T12:14:16.526+03:00  WARN 4660 --- [PlanningProject] [    Test worker] o.h.engine.jdbc.spi.SqlExceptionHelper   : SQL Warning Code: 0, SQLState: 00000
2025-02-08T12:14:16.526+03:00  WARN 4660 --- [PlanningProject] [    Test worker] o.h.engine.jdbc.spi.SqlExceptionHelper   : relation "purchases" does not exist, skipping
2025-02-08T12:14:16.527+03:00  WARN 4660 --- [PlanningProject] [    Test worker] o.h.engine.jdbc.spi.SqlExceptionHelper   : SQL Warning Code: 0, SQLState: 00000
2025-02-08T12:14:16.528+03:00  WARN 4660 --- [PlanningProject] [    Test worker] o.h.engine.jdbc.spi.SqlExceptionHelper   : relation "tasks" does not exist, skipping
2025-02-08T12:14:16.530+03:00  WARN 4660 --- [PlanningProject] [    Test worker] o.h.engine.jdbc.spi.SqlExceptionHelper   : SQL Warning Code: 0, SQLState: 00000
2025-02-08T12:14:16.530+03:00  WARN 4660 --- [PlanningProject] [    Test worker] o.h.engine.jdbc.spi.SqlExceptionHelper   : relation "tasks" does not exist, skipping
2025-02-08T12:14:16.531+03:00  WARN 4660 --- [PlanningProject] [    Test worker] o.h.engine.jdbc.spi.SqlExceptionHelper   : SQL Warning Code: 0, SQLState: 00000
2025-02-08T12:14:16.532+03:00  WARN 4660 --- [PlanningProject] [    Test worker] o.h.engine.jdbc.spi.SqlExceptionHelper   : relation "user_groups" does not exist, skipping
2025-02-08T12:14:16.533+03:00  WARN 4660 --- [PlanningProject] [    Test worker] o.h.engine.jdbc.spi.SqlExceptionHelper   : SQL Warning Code: 0, SQLState: 00000
2025-02-08T12:14:16.533+03:00  WARN 4660 --- [PlanningProject] [    Test worker] o.h.engine.jdbc.spi.SqlExceptionHelper   : relation "user_groups" does not exist, skipping
2025-02-08T12:14:16.535+03:00  WARN 4660 --- [PlanningProject] [    Test worker] o.h.engine.jdbc.spi.SqlExceptionHelper   : SQL Warning Code: 0, SQLState: 00000
2025-02-08T12:14:16.535+03:00  WARN 4660 --- [PlanningProject] [    Test worker] o.h.engine.jdbc.spi.SqlExceptionHelper   : relation "users" does not exist, skipping
2025-02-08T12:14:16.536+03:00  WARN 4660 --- [PlanningProject] [    Test worker] o.h.engine.jdbc.spi.SqlExceptionHelper   : SQL Warning Code: 0, SQLState: 00000
2025-02-08T12:14:16.536+03:00  WARN 4660 --- [PlanningProject] [    Test worker] o.h.engine.jdbc.spi.SqlExceptionHelper   : relation "users_credentials" does not exist, skipping
2025-02-08T12:14:16.538+03:00  WARN 4660 --- [PlanningProject] [    Test worker] o.h.engine.jdbc.spi.SqlExceptionHelper   : SQL Warning Code: 0, SQLState: 00000
2025-02-08T12:14:16.538+03:00  WARN 4660 --- [PlanningProject] [    Test worker] o.h.engine.jdbc.spi.SqlExceptionHelper   : table "groups" does not exist, skipping
2025-02-08T12:14:16.540+03:00  WARN 4660 --- [PlanningProject] [    Test worker] o.h.engine.jdbc.spi.SqlExceptionHelper   : SQL Warning Code: 0, SQLState: 00000
2025-02-08T12:14:16.540+03:00  WARN 4660 --- [PlanningProject] [    Test worker] o.h.engine.jdbc.spi.SqlExceptionHelper   : table "passwords" does not exist, skipping
2025-02-08T12:14:16.542+03:00  WARN 4660 --- [PlanningProject] [    Test worker] o.h.engine.jdbc.spi.SqlExceptionHelper   : SQL Warning Code: 0, SQLState: 00000
2025-02-08T12:14:16.542+03:00  WARN 4660 --- [PlanningProject] [    Test worker] o.h.engine.jdbc.spi.SqlExceptionHelper   : table "products" does not exist, skipping
2025-02-08T12:14:16.543+03:00  WARN 4660 --- [PlanningProject] [    Test worker] o.h.engine.jdbc.spi.SqlExceptionHelper   : SQL Warning Code: 0, SQLState: 00000
2025-02-08T12:14:16.543+03:00  WARN 4660 --- [PlanningProject] [    Test worker] o.h.engine.jdbc.spi.SqlExceptionHelper   : table "products_in_plane" does not exist, skipping
2025-02-08T12:14:16.545+03:00  WARN 4660 --- [PlanningProject] [    Test worker] o.h.engine.jdbc.spi.SqlExceptionHelper   : SQL Warning Code: 0, SQLState: 00000
2025-02-08T12:14:16.545+03:00  WARN 4660 --- [PlanningProject] [    Test worker] o.h.engine.jdbc.spi.SqlExceptionHelper   : table "purchases" does not exist, skipping
2025-02-08T12:14:16.547+03:00  WARN 4660 --- [PlanningProject] [    Test worker] o.h.engine.jdbc.spi.SqlExceptionHelper   : SQL Warning Code: 0, SQLState: 00000
2025-02-08T12:14:16.547+03:00  WARN 4660 --- [PlanningProject] [    Test worker] o.h.engine.jdbc.spi.SqlExceptionHelper   : table "tasks" does not exist, skipping
2025-02-08T12:14:16.547+03:00  WARN 4660 --- [PlanningProject] [    Test worker] o.h.engine.jdbc.spi.SqlExceptionHelper   : SQL Warning Code: 0, SQLState: 00000
2025-02-08T12:14:16.548+03:00  WARN 4660 --- [PlanningProject] [    Test worker] o.h.engine.jdbc.spi.SqlExceptionHelper   : table "user_groups" does not exist, skipping
2025-02-08T12:14:16.549+03:00  WARN 4660 --- [PlanningProject] [    Test worker] o.h.engine.jdbc.spi.SqlExceptionHelper   : SQL Warning Code: 0, SQLState: 00000
2025-02-08T12:14:16.550+03:00  WARN 4660 --- [PlanningProject] [    Test worker] o.h.engine.jdbc.spi.SqlExceptionHelper   : table "users" does not exist, skipping
2025-02-08T12:14:16.551+03:00  WARN 4660 --- [PlanningProject] [    Test worker] o.h.engine.jdbc.spi.SqlExceptionHelper   : SQL Warning Code: 0, SQLState: 00000
2025-02-08T12:14:16.551+03:00  WARN 4660 --- [PlanningProject] [    Test worker] o.h.engine.jdbc.spi.SqlExceptionHelper   : table "users_credentials" does not exist, skipping
2025-02-08T12:14:16.552+03:00  WARN 4660 --- [PlanningProject] [    Test worker] o.h.engine.jdbc.spi.SqlExceptionHelper   : SQL Warning Code: 0, SQLState: 00000
2025-02-08T12:14:16.553+03:00  WARN 4660 --- [PlanningProject] [    Test worker] o.h.engine.jdbc.spi.SqlExceptionHelper   : sequence "groups_seq" does not exist, skipping
2025-02-08T12:14:16.555+03:00  WARN 4660 --- [PlanningProject] [    Test worker] o.h.engine.jdbc.spi.SqlExceptionHelper   : SQL Warning Code: 0, SQLState: 00000
2025-02-08T12:14:16.555+03:00  WARN 4660 --- [PlanningProject] [    Test worker] o.h.engine.jdbc.spi.SqlExceptionHelper   : sequence "passwords_seq" does not exist, skipping
2025-02-08T12:14:16.556+03:00  WARN 4660 --- [PlanningProject] [    Test worker] o.h.engine.jdbc.spi.SqlExceptionHelper   : SQL Warning Code: 0, SQLState: 00000
2025-02-08T12:14:16.556+03:00  WARN 4660 --- [PlanningProject] [    Test worker] o.h.engine.jdbc.spi.SqlExceptionHelper   : sequence "products_in_plane_seq" does not exist, skipping
2025-02-08T12:14:16.557+03:00  WARN 4660 --- [PlanningProject] [    Test worker] o.h.engine.jdbc.spi.SqlExceptionHelper   : SQL Warning Code: 0, SQLState: 00000
2025-02-08T12:14:16.558+03:00  WARN 4660 --- [PlanningProject] [    Test worker] o.h.engine.jdbc.spi.SqlExceptionHelper   : sequence "products_seq" does not exist, skipping
2025-02-08T12:14:16.559+03:00  WARN 4660 --- [PlanningProject] [    Test worker] o.h.engine.jdbc.spi.SqlExceptionHelper   : SQL Warning Code: 0, SQLState: 00000
2025-02-08T12:14:16.559+03:00  WARN 4660 --- [PlanningProject] [    Test worker] o.h.engine.jdbc.spi.SqlExceptionHelper   : sequence "purchases_seq" does not exist, skipping
2025-02-08T12:14:16.561+03:00  WARN 4660 --- [PlanningProject] [    Test worker] o.h.engine.jdbc.spi.SqlExceptionHelper   : SQL Warning Code: 0, SQLState: 00000
2025-02-08T12:14:16.561+03:00  WARN 4660 --- [PlanningProject] [    Test worker] o.h.engine.jdbc.spi.SqlExceptionHelper   : sequence "tasks_seq" does not exist, skipping
2025-02-08T12:14:16.563+03:00  WARN 4660 --- [PlanningProject] [    Test worker] o.h.engine.jdbc.spi.SqlExceptionHelper   : SQL Warning Code: 0, SQLState: 00000
2025-02-08T12:14:16.563+03:00  WARN 4660 --- [PlanningProject] [    Test worker] o.h.engine.jdbc.spi.SqlExceptionHelper   : sequence "users_credentials_seq" does not exist, skipping
2025-02-08T12:14:16.564+03:00  WARN 4660 --- [PlanningProject] [    Test worker] o.h.engine.jdbc.spi.SqlExceptionHelper   : SQL Warning Code: 0, SQLState: 00000
2025-02-08T12:14:16.564+03:00  WARN 4660 --- [PlanningProject] [    Test worker] o.h.engine.jdbc.spi.SqlExceptionHelper   : sequence "users_seq" does not exist, skipping
2025-02-08T12:14:16.620+03:00  INFO 4660 --- [PlanningProject] [    Test worker] j.LocalContainerEntityManagerFactoryBean : Initialized JPA EntityManagerFactory for persistence unit 'default'
2025-02-08T12:14:16.732+03:00  INFO 4660 --- [PlanningProject] [    Test worker] r$InitializeUserDetailsManagerConfigurer : Global AuthenticationManager configured with UserDetailsService bean with name jwtUserDetailsService
2025-02-08T12:14:16.747+03:00  WARN 4660 --- [PlanningProject] [    Test worker] JpaBaseConfiguration$JpaWebConfiguration : spring.jpa.open-in-view is enabled by default. Therefore, database queries may be performed during view rendering. Explicitly configure spring.jpa.open-in-view to disable this warning
2025-02-08T12:14:16.966+03:00  INFO 4660 --- [PlanningProject] [    Test worker] o.s.b.t.m.w.SpringBootMockServletContext : Initializing Spring TestDispatcherServlet ''
2025-02-08T12:14:16.966+03:00  INFO 4660 --- [PlanningProject] [    Test worker] o.s.t.web.servlet.TestDispatcherServlet  : Initializing Servlet ''
2025-02-08T12:14:16.968+03:00  INFO 4660 --- [PlanningProject] [    Test worker] o.s.t.web.servlet.TestDispatcherServlet  : Completed initialization in 2 ms
2025-02-08T12:14:16.974+03:00  INFO 4660 --- [PlanningProject] [    Test worker] d.P.controllers.UserControllerTest       : Started UserControllerTest in 0.908 seconds (process running for 29.001)
]]></system-out>
  <system-err><![CDATA[]]></system-err>
</testsuite>
