<?xml version="1.0" encoding="UTF-8"?>
<testsuite name="dev.PlanningProject.controllers.PurchaseControllerTest" tests="5" skipped="0" failures="0" errors="0" timestamp="2025-02-04T18:57:34" hostname="DESKTOP-BNO4RHE" time="0.83">
  <properties/>
  <testcase name="testCreatePurchaseInTask(TaskService, GroupService)" classname="dev.PlanningProject.controllers.PurchaseControllerTest" time="0.256"/>
  <testcase name="testGetPurchase(PurchaseService, GroupService)" classname="dev.PlanningProject.controllers.PurchaseControllerTest" time="0.156"/>
  <testcase name="testGetPurchaseIdByProductId(PurchaseService, GroupService)" classname="dev.PlanningProject.controllers.PurchaseControllerTest" time="0.131"/>
  <testcase name="testGetAllPurchases(PurchaseService, GroupService)" classname="dev.PlanningProject.controllers.PurchaseControllerTest" time="0.155"/>
  <testcase name="testCreatePurchase(GroupService)" classname="dev.PlanningProject.controllers.PurchaseControllerTest" time="0.128"/>
  <system-out><![CDATA[2025-02-04T21:57:31.332+03:00  INFO 20572 --- [PlanningProject] [    Test worker] t.c.s.AnnotationConfigContextLoaderUtils : Could not detect default configuration classes for test class [dev.PlanningProject.controllers.PurchaseControllerTest]: PurchaseControllerTest does not declare any static, non-private, non-final, nested classes annotated with @Configuration.
2025-02-04T21:57:31.340+03:00  INFO 20572 --- [PlanningProject] [    Test worker] .b.t.c.SpringBootTestContextBootstrapper : Found @SpringBootConfiguration dev.PlanningProject.PlanningProjectApplication for test class dev.PlanningProject.controllers.PurchaseControllerTest
2025-02-04T21:57:31.342+03:00  INFO 20572 --- [PlanningProject] [    Test worker] tc.postgres:15                           : Creating container for image: postgres:15
2025-02-04T21:57:31.481+03:00  INFO 20572 --- [PlanningProject] [    Test worker] tc.postgres:15                           : Container postgres:15 is starting: 30624f8ffd2c1fa08dbf698d86550ee68961aade47fd3f3694af37afab29c096
2025-02-04T21:57:33.096+03:00  INFO 20572 --- [PlanningProject] [    Test worker] tc.postgres:15                           : Container postgres:15 started in PT1.7544414S
2025-02-04T21:57:33.096+03:00  INFO 20572 --- [PlanningProject] [    Test worker] tc.postgres:15                           : Container is started (JDBC URL: jdbc:postgresql://localhost:63043/test?loggerLevel=OFF)

  .   ____          _            __ _ _
 /\\ / ___'_ __ _ _(_)_ __  __ _ \ \ \ \
( ( )\___ | '_ | '_| | '_ \/ _` | \ \ \ \
 \\/  ___)| |_)| | | | | || (_| |  ) ) ) )
  '  |____| .__|_| |_|_| |_\__, | / / / /
 =========|_|==============|___/=/_/_/_/

 :: Spring Boot ::                (v3.3.5)

2025-02-04T21:57:33.115+03:00  INFO 20572 --- [PlanningProject] [    Test worker] d.P.controllers.PurchaseControllerTest   : Starting PurchaseControllerTest using Java 21.0.6 with PID 20572 (started by Алексей in C:\Projects\PlanningProject)
2025-02-04T21:57:33.115+03:00  INFO 20572 --- [PlanningProject] [    Test worker] d.P.controllers.PurchaseControllerTest   : No active profile set, falling back to 1 default profile: "default"
2025-02-04T21:57:33.305+03:00  INFO 20572 --- [PlanningProject] [    Test worker] .s.d.r.c.RepositoryConfigurationDelegate : Bootstrapping Spring Data JPA repositories in DEFAULT mode.
2025-02-04T21:57:33.342+03:00  INFO 20572 --- [PlanningProject] [    Test worker] .s.d.r.c.RepositoryConfigurationDelegate : Finished Spring Data repository scanning in 36 ms. Found 5 JPA repository interfaces.
2025-02-04T21:57:33.424+03:00  INFO 20572 --- [PlanningProject] [    Test worker] o.hibernate.jpa.internal.util.LogHelper  : HHH000204: Processing PersistenceUnitInfo [name: default]
2025-02-04T21:57:33.427+03:00  INFO 20572 --- [PlanningProject] [    Test worker] o.h.c.internal.RegionFactoryInitiator    : HHH000026: Second-level cache disabled
2025-02-04T21:57:33.437+03:00  INFO 20572 --- [PlanningProject] [    Test worker] o.s.o.j.p.SpringPersistenceUnitInfo      : No LoadTimeWeaver setup: ignoring JPA class transformer
2025-02-04T21:57:33.437+03:00  INFO 20572 --- [PlanningProject] [    Test worker] com.zaxxer.hikari.HikariDataSource       : HikariPool-3 - Starting...
2025-02-04T21:57:33.458+03:00  INFO 20572 --- [PlanningProject] [    Test worker] com.zaxxer.hikari.pool.HikariPool        : HikariPool-3 - Added connection org.postgresql.jdbc.PgConnection@444050a7
2025-02-04T21:57:33.458+03:00  INFO 20572 --- [PlanningProject] [    Test worker] com.zaxxer.hikari.HikariDataSource       : HikariPool-3 - Start completed.
2025-02-04T21:57:33.613+03:00  INFO 20572 --- [PlanningProject] [    Test worker] o.h.e.t.j.p.i.JtaPlatformInitiator       : HHH000489: No JTA platform available (set 'hibernate.transaction.jta.platform' to enable JTA platform integration)
2025-02-04T21:57:33.616+03:00  WARN 20572 --- [PlanningProject] [    Test worker] o.h.engine.jdbc.spi.SqlExceptionHelper   : SQL Warning Code: 0, SQLState: 00000
2025-02-04T21:57:33.616+03:00  WARN 20572 --- [PlanningProject] [    Test worker] o.h.engine.jdbc.spi.SqlExceptionHelper   : relation "groups" does not exist, skipping
2025-02-04T21:57:33.617+03:00  WARN 20572 --- [PlanningProject] [    Test worker] o.h.engine.jdbc.spi.SqlExceptionHelper   : SQL Warning Code: 0, SQLState: 00000
2025-02-04T21:57:33.618+03:00  WARN 20572 --- [PlanningProject] [    Test worker] o.h.engine.jdbc.spi.SqlExceptionHelper   : relation "products" does not exist, skipping
2025-02-04T21:57:33.620+03:00  WARN 20572 --- [PlanningProject] [    Test worker] o.h.engine.jdbc.spi.SqlExceptionHelper   : SQL Warning Code: 0, SQLState: 00000
2025-02-04T21:57:33.620+03:00  WARN 20572 --- [PlanningProject] [    Test worker] o.h.engine.jdbc.spi.SqlExceptionHelper   : relation "products_in_plane" does not exist, skipping
2025-02-04T21:57:33.621+03:00  WARN 20572 --- [PlanningProject] [    Test worker] o.h.engine.jdbc.spi.SqlExceptionHelper   : SQL Warning Code: 0, SQLState: 00000
2025-02-04T21:57:33.621+03:00  WARN 20572 --- [PlanningProject] [    Test worker] o.h.engine.jdbc.spi.SqlExceptionHelper   : relation "products_in_plane" does not exist, skipping
2025-02-04T21:57:33.623+03:00  WARN 20572 --- [PlanningProject] [    Test worker] o.h.engine.jdbc.spi.SqlExceptionHelper   : SQL Warning Code: 0, SQLState: 00000
2025-02-04T21:57:33.623+03:00  WARN 20572 --- [PlanningProject] [    Test worker] o.h.engine.jdbc.spi.SqlExceptionHelper   : relation "purchases" does not exist, skipping
2025-02-04T21:57:33.624+03:00  WARN 20572 --- [PlanningProject] [    Test worker] o.h.engine.jdbc.spi.SqlExceptionHelper   : SQL Warning Code: 0, SQLState: 00000
2025-02-04T21:57:33.624+03:00  WARN 20572 --- [PlanningProject] [    Test worker] o.h.engine.jdbc.spi.SqlExceptionHelper   : relation "purchases" does not exist, skipping
2025-02-04T21:57:33.625+03:00  WARN 20572 --- [PlanningProject] [    Test worker] o.h.engine.jdbc.spi.SqlExceptionHelper   : SQL Warning Code: 0, SQLState: 00000
2025-02-04T21:57:33.626+03:00  WARN 20572 --- [PlanningProject] [    Test worker] o.h.engine.jdbc.spi.SqlExceptionHelper   : relation "purchases" does not exist, skipping
2025-02-04T21:57:33.627+03:00  WARN 20572 --- [PlanningProject] [    Test worker] o.h.engine.jdbc.spi.SqlExceptionHelper   : SQL Warning Code: 0, SQLState: 00000
2025-02-04T21:57:33.627+03:00  WARN 20572 --- [PlanningProject] [    Test worker] o.h.engine.jdbc.spi.SqlExceptionHelper   : relation "tasks" does not exist, skipping
2025-02-04T21:57:33.628+03:00  WARN 20572 --- [PlanningProject] [    Test worker] o.h.engine.jdbc.spi.SqlExceptionHelper   : SQL Warning Code: 0, SQLState: 00000
2025-02-04T21:57:33.628+03:00  WARN 20572 --- [PlanningProject] [    Test worker] o.h.engine.jdbc.spi.SqlExceptionHelper   : relation "tasks" does not exist, skipping
2025-02-04T21:57:33.629+03:00  WARN 20572 --- [PlanningProject] [    Test worker] o.h.engine.jdbc.spi.SqlExceptionHelper   : SQL Warning Code: 0, SQLState: 00000
2025-02-04T21:57:33.630+03:00  WARN 20572 --- [PlanningProject] [    Test worker] o.h.engine.jdbc.spi.SqlExceptionHelper   : relation "user_groups" does not exist, skipping
2025-02-04T21:57:33.630+03:00  WARN 20572 --- [PlanningProject] [    Test worker] o.h.engine.jdbc.spi.SqlExceptionHelper   : SQL Warning Code: 0, SQLState: 00000
2025-02-04T21:57:33.631+03:00  WARN 20572 --- [PlanningProject] [    Test worker] o.h.engine.jdbc.spi.SqlExceptionHelper   : relation "user_groups" does not exist, skipping
2025-02-04T21:57:33.632+03:00  WARN 20572 --- [PlanningProject] [    Test worker] o.h.engine.jdbc.spi.SqlExceptionHelper   : SQL Warning Code: 0, SQLState: 00000
2025-02-04T21:57:33.632+03:00  WARN 20572 --- [PlanningProject] [    Test worker] o.h.engine.jdbc.spi.SqlExceptionHelper   : relation "users" does not exist, skipping
2025-02-04T21:57:33.633+03:00  WARN 20572 --- [PlanningProject] [    Test worker] o.h.engine.jdbc.spi.SqlExceptionHelper   : SQL Warning Code: 0, SQLState: 00000
2025-02-04T21:57:33.633+03:00  WARN 20572 --- [PlanningProject] [    Test worker] o.h.engine.jdbc.spi.SqlExceptionHelper   : relation "users_credentials" does not exist, skipping
2025-02-04T21:57:33.635+03:00  WARN 20572 --- [PlanningProject] [    Test worker] o.h.engine.jdbc.spi.SqlExceptionHelper   : SQL Warning Code: 0, SQLState: 00000
2025-02-04T21:57:33.635+03:00  WARN 20572 --- [PlanningProject] [    Test worker] o.h.engine.jdbc.spi.SqlExceptionHelper   : table "groups" does not exist, skipping
2025-02-04T21:57:33.636+03:00  WARN 20572 --- [PlanningProject] [    Test worker] o.h.engine.jdbc.spi.SqlExceptionHelper   : SQL Warning Code: 0, SQLState: 00000
2025-02-04T21:57:33.636+03:00  WARN 20572 --- [PlanningProject] [    Test worker] o.h.engine.jdbc.spi.SqlExceptionHelper   : table "passwords" does not exist, skipping
2025-02-04T21:57:33.637+03:00  WARN 20572 --- [PlanningProject] [    Test worker] o.h.engine.jdbc.spi.SqlExceptionHelper   : SQL Warning Code: 0, SQLState: 00000
2025-02-04T21:57:33.637+03:00  WARN 20572 --- [PlanningProject] [    Test worker] o.h.engine.jdbc.spi.SqlExceptionHelper   : table "products" does not exist, skipping
2025-02-04T21:57:33.638+03:00  WARN 20572 --- [PlanningProject] [    Test worker] o.h.engine.jdbc.spi.SqlExceptionHelper   : SQL Warning Code: 0, SQLState: 00000
2025-02-04T21:57:33.638+03:00  WARN 20572 --- [PlanningProject] [    Test worker] o.h.engine.jdbc.spi.SqlExceptionHelper   : table "products_in_plane" does not exist, skipping
2025-02-04T21:57:33.639+03:00  WARN 20572 --- [PlanningProject] [    Test worker] o.h.engine.jdbc.spi.SqlExceptionHelper   : SQL Warning Code: 0, SQLState: 00000
2025-02-04T21:57:33.640+03:00  WARN 20572 --- [PlanningProject] [    Test worker] o.h.engine.jdbc.spi.SqlExceptionHelper   : table "purchases" does not exist, skipping
2025-02-04T21:57:33.641+03:00  WARN 20572 --- [PlanningProject] [    Test worker] o.h.engine.jdbc.spi.SqlExceptionHelper   : SQL Warning Code: 0, SQLState: 00000
2025-02-04T21:57:33.641+03:00  WARN 20572 --- [PlanningProject] [    Test worker] o.h.engine.jdbc.spi.SqlExceptionHelper   : table "tasks" does not exist, skipping
2025-02-04T21:57:33.642+03:00  WARN 20572 --- [PlanningProject] [    Test worker] o.h.engine.jdbc.spi.SqlExceptionHelper   : SQL Warning Code: 0, SQLState: 00000
2025-02-04T21:57:33.642+03:00  WARN 20572 --- [PlanningProject] [    Test worker] o.h.engine.jdbc.spi.SqlExceptionHelper   : table "user_groups" does not exist, skipping
2025-02-04T21:57:33.643+03:00  WARN 20572 --- [PlanningProject] [    Test worker] o.h.engine.jdbc.spi.SqlExceptionHelper   : SQL Warning Code: 0, SQLState: 00000
2025-02-04T21:57:33.643+03:00  WARN 20572 --- [PlanningProject] [    Test worker] o.h.engine.jdbc.spi.SqlExceptionHelper   : table "users" does not exist, skipping
2025-02-04T21:57:33.644+03:00  WARN 20572 --- [PlanningProject] [    Test worker] o.h.engine.jdbc.spi.SqlExceptionHelper   : SQL Warning Code: 0, SQLState: 00000
2025-02-04T21:57:33.644+03:00  WARN 20572 --- [PlanningProject] [    Test worker] o.h.engine.jdbc.spi.SqlExceptionHelper   : table "users_credentials" does not exist, skipping
2025-02-04T21:57:33.646+03:00  WARN 20572 --- [PlanningProject] [    Test worker] o.h.engine.jdbc.spi.SqlExceptionHelper   : SQL Warning Code: 0, SQLState: 00000
2025-02-04T21:57:33.646+03:00  WARN 20572 --- [PlanningProject] [    Test worker] o.h.engine.jdbc.spi.SqlExceptionHelper   : sequence "groups_seq" does not exist, skipping
2025-02-04T21:57:33.647+03:00  WARN 20572 --- [PlanningProject] [    Test worker] o.h.engine.jdbc.spi.SqlExceptionHelper   : SQL Warning Code: 0, SQLState: 00000
2025-02-04T21:57:33.647+03:00  WARN 20572 --- [PlanningProject] [    Test worker] o.h.engine.jdbc.spi.SqlExceptionHelper   : sequence "passwords_seq" does not exist, skipping
2025-02-04T21:57:33.648+03:00  WARN 20572 --- [PlanningProject] [    Test worker] o.h.engine.jdbc.spi.SqlExceptionHelper   : SQL Warning Code: 0, SQLState: 00000
2025-02-04T21:57:33.648+03:00  WARN 20572 --- [PlanningProject] [    Test worker] o.h.engine.jdbc.spi.SqlExceptionHelper   : sequence "products_in_plane_seq" does not exist, skipping
2025-02-04T21:57:33.649+03:00  WARN 20572 --- [PlanningProject] [    Test worker] o.h.engine.jdbc.spi.SqlExceptionHelper   : SQL Warning Code: 0, SQLState: 00000
2025-02-04T21:57:33.649+03:00  WARN 20572 --- [PlanningProject] [    Test worker] o.h.engine.jdbc.spi.SqlExceptionHelper   : sequence "products_seq" does not exist, skipping
2025-02-04T21:57:33.651+03:00  WARN 20572 --- [PlanningProject] [    Test worker] o.h.engine.jdbc.spi.SqlExceptionHelper   : SQL Warning Code: 0, SQLState: 00000
2025-02-04T21:57:33.651+03:00  WARN 20572 --- [PlanningProject] [    Test worker] o.h.engine.jdbc.spi.SqlExceptionHelper   : sequence "purchases_seq" does not exist, skipping
2025-02-04T21:57:33.652+03:00  WARN 20572 --- [PlanningProject] [    Test worker] o.h.engine.jdbc.spi.SqlExceptionHelper   : SQL Warning Code: 0, SQLState: 00000
2025-02-04T21:57:33.652+03:00  WARN 20572 --- [PlanningProject] [    Test worker] o.h.engine.jdbc.spi.SqlExceptionHelper   : sequence "tasks_seq" does not exist, skipping
2025-02-04T21:57:33.653+03:00  WARN 20572 --- [PlanningProject] [    Test worker] o.h.engine.jdbc.spi.SqlExceptionHelper   : SQL Warning Code: 0, SQLState: 00000
2025-02-04T21:57:33.654+03:00  WARN 20572 --- [PlanningProject] [    Test worker] o.h.engine.jdbc.spi.SqlExceptionHelper   : sequence "users_credentials_seq" does not exist, skipping
2025-02-04T21:57:33.656+03:00  WARN 20572 --- [PlanningProject] [    Test worker] o.h.engine.jdbc.spi.SqlExceptionHelper   : SQL Warning Code: 0, SQLState: 00000
2025-02-04T21:57:33.656+03:00  WARN 20572 --- [PlanningProject] [    Test worker] o.h.engine.jdbc.spi.SqlExceptionHelper   : sequence "users_seq" does not exist, skipping
2025-02-04T21:57:33.713+03:00  INFO 20572 --- [PlanningProject] [    Test worker] j.LocalContainerEntityManagerFactoryBean : Initialized JPA EntityManagerFactory for persistence unit 'default'
2025-02-04T21:57:33.848+03:00  INFO 20572 --- [PlanningProject] [    Test worker] r$InitializeUserDetailsManagerConfigurer : Global AuthenticationManager configured with UserDetailsService bean with name jwtUserDetailsService
2025-02-04T21:57:33.862+03:00  WARN 20572 --- [PlanningProject] [    Test worker] JpaBaseConfiguration$JpaWebConfiguration : spring.jpa.open-in-view is enabled by default. Therefore, database queries may be performed during view rendering. Explicitly configure spring.jpa.open-in-view to disable this warning
2025-02-04T21:57:34.101+03:00  INFO 20572 --- [PlanningProject] [    Test worker] o.s.b.t.m.w.SpringBootMockServletContext : Initializing Spring TestDispatcherServlet ''
2025-02-04T21:57:34.102+03:00  INFO 20572 --- [PlanningProject] [    Test worker] o.s.t.web.servlet.TestDispatcherServlet  : Initializing Servlet ''
2025-02-04T21:57:34.103+03:00  INFO 20572 --- [PlanningProject] [    Test worker] o.s.t.web.servlet.TestDispatcherServlet  : Completed initialization in 1 ms
2025-02-04T21:57:34.109+03:00  INFO 20572 --- [PlanningProject] [    Test worker] d.P.controllers.PurchaseControllerTest   : Started PurchaseControllerTest in 1.01 seconds (process running for 27.071)
]]></system-out>
  <system-err><![CDATA[]]></system-err>
</testsuite>
