<?xml version="1.0" encoding="UTF-8"?>
<testsuite name="dev.PlanningProject.controllers.GroupControllerTest" tests="4" skipped="0" failures="0" errors="0" timestamp="2025-02-04T18:57:30" hostname="DESKTOP-BNO4RHE" time="0.596">
  <properties/>
  <testcase name="testDeleteGroup(GroupService)" classname="dev.PlanningProject.controllers.GroupControllerTest" time="0.21"/>
  <testcase name="testIsGroupCreator(GroupService)" classname="dev.PlanningProject.controllers.GroupControllerTest" time="0.114"/>
  <testcase name="testCreateGroup()" classname="dev.PlanningProject.controllers.GroupControllerTest" time="0.135"/>
  <testcase name="testGetAllGroups(GroupService)" classname="dev.PlanningProject.controllers.GroupControllerTest" time="0.134"/>
  <system-out><![CDATA[2025-02-04T21:57:27.137+03:00  INFO 20572 --- [PlanningProject] [    Test worker] tc.postgres:15                           : Creating container for image: postgres:15
2025-02-04T21:57:27.268+03:00  INFO 20572 --- [PlanningProject] [    Test worker] tc.postgres:15                           : Container postgres:15 is starting: 3b74276f259dcde8cbbcff30af92be21541be1d6c27ad993e3eb5d0e841afc5f
2025-02-04T21:57:28.903+03:00  INFO 20572 --- [PlanningProject] [    Test worker] tc.postgres:15                           : Container postgres:15 started in PT1.7659526S
2025-02-04T21:57:28.904+03:00  INFO 20572 --- [PlanningProject] [    Test worker] tc.postgres:15                           : Container is started (JDBC URL: jdbc:postgresql://localhost:63029/test?loggerLevel=OFF)
2025-02-04T21:57:28.905+03:00  INFO 20572 --- [PlanningProject] [    Test worker] t.c.s.AnnotationConfigContextLoaderUtils : Could not detect default configuration classes for test class [dev.PlanningProject.controllers.GroupControllerTest]: GroupControllerTest does not declare any static, non-private, non-final, nested classes annotated with @Configuration.
2025-02-04T21:57:28.912+03:00  INFO 20572 --- [PlanningProject] [    Test worker] .b.t.c.SpringBootTestContextBootstrapper : Found @SpringBootConfiguration dev.PlanningProject.PlanningProjectApplication for test class dev.PlanningProject.controllers.GroupControllerTest

  .   ____          _            __ _ _
 /\\ / ___'_ __ _ _(_)_ __  __ _ \ \ \ \
( ( )\___ | '_ | '_| | '_ \/ _` | \ \ \ \
 \\/  ___)| |_)| | | | | || (_| |  ) ) ) )
  '  |____| .__|_| |_|_| |_\__, | / / / /
 =========|_|==============|___/=/_/_/_/

 :: Spring Boot ::                (v3.3.5)

2025-02-04T21:57:28.939+03:00  INFO 20572 --- [PlanningProject] [    Test worker] d.P.controllers.GroupControllerTest      : Starting GroupControllerTest using Java 21.0.6 with PID 20572 (started by Алексей in C:\Projects\PlanningProject)
2025-02-04T21:57:28.940+03:00  INFO 20572 --- [PlanningProject] [    Test worker] d.P.controllers.GroupControllerTest      : No active profile set, falling back to 1 default profile: "default"
2025-02-04T21:57:29.206+03:00  INFO 20572 --- [PlanningProject] [    Test worker] .s.d.r.c.RepositoryConfigurationDelegate : Bootstrapping Spring Data JPA repositories in DEFAULT mode.
2025-02-04T21:57:29.241+03:00  INFO 20572 --- [PlanningProject] [    Test worker] .s.d.r.c.RepositoryConfigurationDelegate : Finished Spring Data repository scanning in 34 ms. Found 5 JPA repository interfaces.
2025-02-04T21:57:29.356+03:00  INFO 20572 --- [PlanningProject] [    Test worker] o.hibernate.jpa.internal.util.LogHelper  : HHH000204: Processing PersistenceUnitInfo [name: default]
2025-02-04T21:57:29.359+03:00  INFO 20572 --- [PlanningProject] [    Test worker] o.h.c.internal.RegionFactoryInitiator    : HHH000026: Second-level cache disabled
2025-02-04T21:57:29.371+03:00  INFO 20572 --- [PlanningProject] [    Test worker] o.s.o.j.p.SpringPersistenceUnitInfo      : No LoadTimeWeaver setup: ignoring JPA class transformer
2025-02-04T21:57:29.372+03:00  INFO 20572 --- [PlanningProject] [    Test worker] com.zaxxer.hikari.HikariDataSource       : HikariPool-2 - Starting...
2025-02-04T21:57:29.397+03:00  INFO 20572 --- [PlanningProject] [    Test worker] com.zaxxer.hikari.pool.HikariPool        : HikariPool-2 - Added connection org.postgresql.jdbc.PgConnection@2e66541a
2025-02-04T21:57:29.397+03:00  INFO 20572 --- [PlanningProject] [    Test worker] com.zaxxer.hikari.HikariDataSource       : HikariPool-2 - Start completed.
2025-02-04T21:57:29.609+03:00  INFO 20572 --- [PlanningProject] [    Test worker] o.h.e.t.j.p.i.JtaPlatformInitiator       : HHH000489: No JTA platform available (set 'hibernate.transaction.jta.platform' to enable JTA platform integration)
2025-02-04T21:57:29.612+03:00  WARN 20572 --- [PlanningProject] [    Test worker] o.h.engine.jdbc.spi.SqlExceptionHelper   : SQL Warning Code: 0, SQLState: 00000
2025-02-04T21:57:29.612+03:00  WARN 20572 --- [PlanningProject] [    Test worker] o.h.engine.jdbc.spi.SqlExceptionHelper   : relation "groups" does not exist, skipping
2025-02-04T21:57:29.614+03:00  WARN 20572 --- [PlanningProject] [    Test worker] o.h.engine.jdbc.spi.SqlExceptionHelper   : SQL Warning Code: 0, SQLState: 00000
2025-02-04T21:57:29.614+03:00  WARN 20572 --- [PlanningProject] [    Test worker] o.h.engine.jdbc.spi.SqlExceptionHelper   : relation "products" does not exist, skipping
2025-02-04T21:57:29.616+03:00  WARN 20572 --- [PlanningProject] [    Test worker] o.h.engine.jdbc.spi.SqlExceptionHelper   : SQL Warning Code: 0, SQLState: 00000
2025-02-04T21:57:29.616+03:00  WARN 20572 --- [PlanningProject] [    Test worker] o.h.engine.jdbc.spi.SqlExceptionHelper   : relation "products_in_plane" does not exist, skipping
2025-02-04T21:57:29.618+03:00  WARN 20572 --- [PlanningProject] [    Test worker] o.h.engine.jdbc.spi.SqlExceptionHelper   : SQL Warning Code: 0, SQLState: 00000
2025-02-04T21:57:29.618+03:00  WARN 20572 --- [PlanningProject] [    Test worker] o.h.engine.jdbc.spi.SqlExceptionHelper   : relation "products_in_plane" does not exist, skipping
2025-02-04T21:57:29.620+03:00  WARN 20572 --- [PlanningProject] [    Test worker] o.h.engine.jdbc.spi.SqlExceptionHelper   : SQL Warning Code: 0, SQLState: 00000
2025-02-04T21:57:29.620+03:00  WARN 20572 --- [PlanningProject] [    Test worker] o.h.engine.jdbc.spi.SqlExceptionHelper   : relation "purchases" does not exist, skipping
2025-02-04T21:57:29.621+03:00  WARN 20572 --- [PlanningProject] [    Test worker] o.h.engine.jdbc.spi.SqlExceptionHelper   : SQL Warning Code: 0, SQLState: 00000
2025-02-04T21:57:29.622+03:00  WARN 20572 --- [PlanningProject] [    Test worker] o.h.engine.jdbc.spi.SqlExceptionHelper   : relation "purchases" does not exist, skipping
2025-02-04T21:57:29.623+03:00  WARN 20572 --- [PlanningProject] [    Test worker] o.h.engine.jdbc.spi.SqlExceptionHelper   : SQL Warning Code: 0, SQLState: 00000
2025-02-04T21:57:29.624+03:00  WARN 20572 --- [PlanningProject] [    Test worker] o.h.engine.jdbc.spi.SqlExceptionHelper   : relation "purchases" does not exist, skipping
2025-02-04T21:57:29.627+03:00  WARN 20572 --- [PlanningProject] [    Test worker] o.h.engine.jdbc.spi.SqlExceptionHelper   : SQL Warning Code: 0, SQLState: 00000
2025-02-04T21:57:29.627+03:00  WARN 20572 --- [PlanningProject] [    Test worker] o.h.engine.jdbc.spi.SqlExceptionHelper   : relation "tasks" does not exist, skipping
2025-02-04T21:57:29.629+03:00  WARN 20572 --- [PlanningProject] [    Test worker] o.h.engine.jdbc.spi.SqlExceptionHelper   : SQL Warning Code: 0, SQLState: 00000
2025-02-04T21:57:29.630+03:00  WARN 20572 --- [PlanningProject] [    Test worker] o.h.engine.jdbc.spi.SqlExceptionHelper   : relation "tasks" does not exist, skipping
2025-02-04T21:57:29.631+03:00  WARN 20572 --- [PlanningProject] [    Test worker] o.h.engine.jdbc.spi.SqlExceptionHelper   : SQL Warning Code: 0, SQLState: 00000
2025-02-04T21:57:29.631+03:00  WARN 20572 --- [PlanningProject] [    Test worker] o.h.engine.jdbc.spi.SqlExceptionHelper   : relation "user_groups" does not exist, skipping
2025-02-04T21:57:29.633+03:00  WARN 20572 --- [PlanningProject] [    Test worker] o.h.engine.jdbc.spi.SqlExceptionHelper   : SQL Warning Code: 0, SQLState: 00000
2025-02-04T21:57:29.633+03:00  WARN 20572 --- [PlanningProject] [    Test worker] o.h.engine.jdbc.spi.SqlExceptionHelper   : relation "user_groups" does not exist, skipping
2025-02-04T21:57:29.634+03:00  WARN 20572 --- [PlanningProject] [    Test worker] o.h.engine.jdbc.spi.SqlExceptionHelper   : SQL Warning Code: 0, SQLState: 00000
2025-02-04T21:57:29.635+03:00  WARN 20572 --- [PlanningProject] [    Test worker] o.h.engine.jdbc.spi.SqlExceptionHelper   : relation "users" does not exist, skipping
2025-02-04T21:57:29.636+03:00  WARN 20572 --- [PlanningProject] [    Test worker] o.h.engine.jdbc.spi.SqlExceptionHelper   : SQL Warning Code: 0, SQLState: 00000
2025-02-04T21:57:29.636+03:00  WARN 20572 --- [PlanningProject] [    Test worker] o.h.engine.jdbc.spi.SqlExceptionHelper   : relation "users_credentials" does not exist, skipping
2025-02-04T21:57:29.638+03:00  WARN 20572 --- [PlanningProject] [    Test worker] o.h.engine.jdbc.spi.SqlExceptionHelper   : SQL Warning Code: 0, SQLState: 00000
2025-02-04T21:57:29.638+03:00  WARN 20572 --- [PlanningProject] [    Test worker] o.h.engine.jdbc.spi.SqlExceptionHelper   : table "groups" does not exist, skipping
2025-02-04T21:57:29.640+03:00  WARN 20572 --- [PlanningProject] [    Test worker] o.h.engine.jdbc.spi.SqlExceptionHelper   : SQL Warning Code: 0, SQLState: 00000
2025-02-04T21:57:29.640+03:00  WARN 20572 --- [PlanningProject] [    Test worker] o.h.engine.jdbc.spi.SqlExceptionHelper   : table "passwords" does not exist, skipping
2025-02-04T21:57:29.641+03:00  WARN 20572 --- [PlanningProject] [    Test worker] o.h.engine.jdbc.spi.SqlExceptionHelper   : SQL Warning Code: 0, SQLState: 00000
2025-02-04T21:57:29.642+03:00  WARN 20572 --- [PlanningProject] [    Test worker] o.h.engine.jdbc.spi.SqlExceptionHelper   : table "products" does not exist, skipping
2025-02-04T21:57:29.643+03:00  WARN 20572 --- [PlanningProject] [    Test worker] o.h.engine.jdbc.spi.SqlExceptionHelper   : SQL Warning Code: 0, SQLState: 00000
2025-02-04T21:57:29.643+03:00  WARN 20572 --- [PlanningProject] [    Test worker] o.h.engine.jdbc.spi.SqlExceptionHelper   : table "products_in_plane" does not exist, skipping
2025-02-04T21:57:29.644+03:00  WARN 20572 --- [PlanningProject] [    Test worker] o.h.engine.jdbc.spi.SqlExceptionHelper   : SQL Warning Code: 0, SQLState: 00000
2025-02-04T21:57:29.644+03:00  WARN 20572 --- [PlanningProject] [    Test worker] o.h.engine.jdbc.spi.SqlExceptionHelper   : table "purchases" does not exist, skipping
2025-02-04T21:57:29.646+03:00  WARN 20572 --- [PlanningProject] [    Test worker] o.h.engine.jdbc.spi.SqlExceptionHelper   : SQL Warning Code: 0, SQLState: 00000
2025-02-04T21:57:29.646+03:00  WARN 20572 --- [PlanningProject] [    Test worker] o.h.engine.jdbc.spi.SqlExceptionHelper   : table "tasks" does not exist, skipping
2025-02-04T21:57:29.648+03:00  WARN 20572 --- [PlanningProject] [    Test worker] o.h.engine.jdbc.spi.SqlExceptionHelper   : SQL Warning Code: 0, SQLState: 00000
2025-02-04T21:57:29.648+03:00  WARN 20572 --- [PlanningProject] [    Test worker] o.h.engine.jdbc.spi.SqlExceptionHelper   : table "user_groups" does not exist, skipping
2025-02-04T21:57:29.649+03:00  WARN 20572 --- [PlanningProject] [    Test worker] o.h.engine.jdbc.spi.SqlExceptionHelper   : SQL Warning Code: 0, SQLState: 00000
2025-02-04T21:57:29.649+03:00  WARN 20572 --- [PlanningProject] [    Test worker] o.h.engine.jdbc.spi.SqlExceptionHelper   : table "users" does not exist, skipping
2025-02-04T21:57:29.650+03:00  WARN 20572 --- [PlanningProject] [    Test worker] o.h.engine.jdbc.spi.SqlExceptionHelper   : SQL Warning Code: 0, SQLState: 00000
2025-02-04T21:57:29.651+03:00  WARN 20572 --- [PlanningProject] [    Test worker] o.h.engine.jdbc.spi.SqlExceptionHelper   : table "users_credentials" does not exist, skipping
2025-02-04T21:57:29.652+03:00  WARN 20572 --- [PlanningProject] [    Test worker] o.h.engine.jdbc.spi.SqlExceptionHelper   : SQL Warning Code: 0, SQLState: 00000
2025-02-04T21:57:29.653+03:00  WARN 20572 --- [PlanningProject] [    Test worker] o.h.engine.jdbc.spi.SqlExceptionHelper   : sequence "groups_seq" does not exist, skipping
2025-02-04T21:57:29.654+03:00  WARN 20572 --- [PlanningProject] [    Test worker] o.h.engine.jdbc.spi.SqlExceptionHelper   : SQL Warning Code: 0, SQLState: 00000
2025-02-04T21:57:29.654+03:00  WARN 20572 --- [PlanningProject] [    Test worker] o.h.engine.jdbc.spi.SqlExceptionHelper   : sequence "passwords_seq" does not exist, skipping
2025-02-04T21:57:29.656+03:00  WARN 20572 --- [PlanningProject] [    Test worker] o.h.engine.jdbc.spi.SqlExceptionHelper   : SQL Warning Code: 0, SQLState: 00000
2025-02-04T21:57:29.656+03:00  WARN 20572 --- [PlanningProject] [    Test worker] o.h.engine.jdbc.spi.SqlExceptionHelper   : sequence "products_in_plane_seq" does not exist, skipping
2025-02-04T21:57:29.658+03:00  WARN 20572 --- [PlanningProject] [    Test worker] o.h.engine.jdbc.spi.SqlExceptionHelper   : SQL Warning Code: 0, SQLState: 00000
2025-02-04T21:57:29.658+03:00  WARN 20572 --- [PlanningProject] [    Test worker] o.h.engine.jdbc.spi.SqlExceptionHelper   : sequence "products_seq" does not exist, skipping
2025-02-04T21:57:29.660+03:00  WARN 20572 --- [PlanningProject] [    Test worker] o.h.engine.jdbc.spi.SqlExceptionHelper   : SQL Warning Code: 0, SQLState: 00000
2025-02-04T21:57:29.660+03:00  WARN 20572 --- [PlanningProject] [    Test worker] o.h.engine.jdbc.spi.SqlExceptionHelper   : sequence "purchases_seq" does not exist, skipping
2025-02-04T21:57:29.662+03:00  WARN 20572 --- [PlanningProject] [    Test worker] o.h.engine.jdbc.spi.SqlExceptionHelper   : SQL Warning Code: 0, SQLState: 00000
2025-02-04T21:57:29.662+03:00  WARN 20572 --- [PlanningProject] [    Test worker] o.h.engine.jdbc.spi.SqlExceptionHelper   : sequence "tasks_seq" does not exist, skipping
2025-02-04T21:57:29.663+03:00  WARN 20572 --- [PlanningProject] [    Test worker] o.h.engine.jdbc.spi.SqlExceptionHelper   : SQL Warning Code: 0, SQLState: 00000
2025-02-04T21:57:29.663+03:00  WARN 20572 --- [PlanningProject] [    Test worker] o.h.engine.jdbc.spi.SqlExceptionHelper   : sequence "users_credentials_seq" does not exist, skipping
2025-02-04T21:57:29.665+03:00  WARN 20572 --- [PlanningProject] [    Test worker] o.h.engine.jdbc.spi.SqlExceptionHelper   : SQL Warning Code: 0, SQLState: 00000
2025-02-04T21:57:29.665+03:00  WARN 20572 --- [PlanningProject] [    Test worker] o.h.engine.jdbc.spi.SqlExceptionHelper   : sequence "users_seq" does not exist, skipping
2025-02-04T21:57:29.728+03:00  INFO 20572 --- [PlanningProject] [    Test worker] j.LocalContainerEntityManagerFactoryBean : Initialized JPA EntityManagerFactory for persistence unit 'default'
2025-02-04T21:57:29.887+03:00  INFO 20572 --- [PlanningProject] [    Test worker] r$InitializeUserDetailsManagerConfigurer : Global AuthenticationManager configured with UserDetailsService bean with name jwtUserDetailsService
2025-02-04T21:57:29.925+03:00  WARN 20572 --- [PlanningProject] [    Test worker] JpaBaseConfiguration$JpaWebConfiguration : spring.jpa.open-in-view is enabled by default. Therefore, database queries may be performed during view rendering. Explicitly configure spring.jpa.open-in-view to disable this warning
2025-02-04T21:57:30.233+03:00  INFO 20572 --- [PlanningProject] [    Test worker] o.s.b.t.m.w.SpringBootMockServletContext : Initializing Spring TestDispatcherServlet ''
2025-02-04T21:57:30.234+03:00  INFO 20572 --- [PlanningProject] [    Test worker] o.s.t.web.servlet.TestDispatcherServlet  : Initializing Servlet ''
2025-02-04T21:57:30.235+03:00  INFO 20572 --- [PlanningProject] [    Test worker] o.s.t.web.servlet.TestDispatcherServlet  : Completed initialization in 1 ms
2025-02-04T21:57:30.242+03:00  INFO 20572 --- [PlanningProject] [    Test worker] d.P.controllers.GroupControllerTest      : Started GroupControllerTest in 1.325 seconds (process running for 23.204)
]]></system-out>
  <system-err><![CDATA[]]></system-err>
</testsuite>
